CURRENT DNS MAP
 #NEWS ra5hard.github.io  && cnn.com/2001/TECH/industry/09/11/akamai.founder/index.html
https://archive.org/details/losangelesenormo0000weav #NEWS ra5hard.github.io  && cnn.com/2001/TECH/industry/09/11/akamai.founder/index.html
Linux localhost 4.19.191 #1 SMP PREEMPT Mon Mar 9 22:18:51 CST 2026 aarch64 Android
lo: flags=73<UP,LOOPBACK,RUNNING>  mtu 65536
        inet 127.0.0.1  netmask 255.0.0.0
        unspec 00-00-00-00-00-00-00-00-00-00-00-00-00-00-00-00  txqueuelen 1000  (UNSPEC)

wlan0: flags=4163<UP,BROADCAST,RUNNING,MULTICAST>  mtu 1500
        inet 192.168.10.130  netmask 255.255.255.0  broadcast 192.168.10.255
        unspec 00-00-00-00-00-00-00-00-00-00-00-00-00-00-00-00  txqueuelen 3000  (UNSPEC)

 08:44:26 up 1 day,  2:43,  load average: 25.21, 17.49, 16.14
      May 2026      
Su Mo Tu We Th Fr Sa
                1  2
 3  4  5  6  7  8  9
10 11 12 13 14 15 16
17 18 19 20 21 22 23
24 25 26 27 28 29 30
31                  
Server:		8.8.8.8
Address:	8.8.8.8#53

Non-authoritative answer:
jpl.nasa.gov	nameserver = a2-67.akam.net.
jpl.nasa.gov	nameserver = a1-91.akam.net.
jpl.nasa.gov	nameserver = a7-65.akam.net.
jpl.nasa.gov	nameserver = a11-67.akam.net.
jpl.nasa.gov	nameserver = a8-65.akam.net.
jpl.nasa.gov	nameserver = a14-67.akam.net.

Authoritative answers can be found from:

Server:		8.8.8.8
Address:	8.8.8.8#53

Non-authoritative answer:
jpl.nasa.gov	mail exchanger = 20 mxb-0020b901.gslb.pphosted.com.
jpl.nasa.gov	mail exchanger = 20 mxa-0020b901.gslb.pphosted.com.

Authoritative answers can be found from:

Server:		8.8.8.8
Address:	8.8.8.8#53

Non-authoritative answer:
esa.int	nameserver = ns3.esa.int.
esa.int	nameserver = ns2.esa.int.
esa.int	nameserver = ns1.esa.int.
esa.int	nameserver = ns4.esa.int.

Authoritative answers can be found from:

Server:		8.8.8.8
Address:	8.8.8.8#53

Non-authoritative answer:
esa.int	mail exchanger = 10 esa-int.mail.protection.outlook.com.

Authoritative answers can be found from:

Server:		8.8.8.8
Address:	8.8.8.8#53

Non-authoritative answer:
karenbass.com	mail exchanger = 10 alt4.aspmx.l.google.com.
karenbass.com	mail exchanger = 5 alt1.aspmx.l.google.com.
karenbass.com	mail exchanger = 5 alt2.aspmx.l.google.com.
karenbass.com	mail exchanger = 1 aspmx.l.google.com.
karenbass.com	mail exchanger = 10 alt3.aspmx.l.google.com.

Authoritative answers can be found from:

Server:		8.8.8.8
Address:	8.8.8.8#53

Non-authoritative answer:
karenbass.com	nameserver = nicole.ns.cloudflare.com.
karenbass.com	nameserver = conrad.ns.cloudflare.com.

Authoritative answers can be found from:

Server:		8.8.8.8
Address:	8.8.8.8#53

Non-authoritative answer:
howard.edu	nameserver = ns2-03.azure-dns.net.
howard.edu	nameserver = ns3-03.azure-dns.org.
howard.edu	nameserver = ns4-03.azure-dns.info.
howard.edu	nameserver = ns1-03.azure-dns.com.

Authoritative answers can be found from:

Server:		8.8.8.8
Address:	8.8.8.8#53

Non-authoritative answer:
howard.edu	mail exchanger = 0 howard-edu.mail.protection.outlook.com.

Authoritative answers can be found from:

Server:		8.8.8.8
Address:	8.8.8.8#53

Non-authoritative answer:
nasa.gov	nameserver = a14-67.akam.net.
nasa.gov	nameserver = a8-66.akam.net.
nasa.gov	nameserver = a12-64.akam.net.
nasa.gov	nameserver = a1-32.akam.net.
nasa.gov	nameserver = a5-66.akam.net.
nasa.gov	nameserver = a9-64.akam.net.

Authoritative answers can be found from:

Server:		8.8.8.8
Address:	8.8.8.8#53

Non-authoritative answer:
nasa.gov	mail exchanger = 0 nasa-gov.mail.protection.outlook.com.

Authoritative answers can be found from:


; <<>> DiG 9.20.18 <<>> nasa.gov +trace MX
;; global options: +cmd
.			87203	IN	NS	j.root-servers.net.
.			87203	IN	NS	m.root-servers.net.
.			87203	IN	NS	a.root-servers.net.
.			87203	IN	NS	i.root-servers.net.
.			87203	IN	NS	h.root-servers.net.
.			87203	IN	NS	k.root-servers.net.
.			87203	IN	NS	c.root-servers.net.
.			87203	IN	NS	b.root-servers.net.
.			87203	IN	NS	g.root-servers.net.
.			87203	IN	NS	l.root-servers.net.
.			87203	IN	NS	e.root-servers.net.
.			87203	IN	NS	d.root-servers.net.
.			87203	IN	NS	f.root-servers.net.
.			87203	IN	RRSIG	NS 8 0 518400 20260526050000 20260513040000 54393 . bChVYCIQEvBdwRmgwOcXX7pX7UJW2bOPsDtWGY+vyZIXdD+xokf9cl/W 9TMVC9RN9l6hpE+c2hgv2SH0OoXVJZOhTr2/EYWLpfDR8fPzYGdO+a6P uIgrfxr+V9wo2IuWIvYlwAdn/W6YeD4I5+DEN8fWngmsrvkiddxZEU4C NRYE6ZDF5q9LCh6UHRVOgtSTmb7o3orbilyY6Dqc4mU6FaKmgvL2BX8E LZaU0wXxop7X1/FU3OLVyuKc1mi8o2wOXcxQGSpMCrlSK0zq3n3pHkDA B1taAR6xIbDHai1CDr0g828yVrz9Sd7tICuEDfpRF6kDfh4cr6Ld36Jm I/e1Zg==
;; Received 525 bytes from 8.8.8.8#53(8.8.8.8) in 48 ms

gov.			172800	IN	NS	a.ns.gov.
gov.			172800	IN	NS	b.ns.gov.
gov.			172800	IN	NS	c.ns.gov.
gov.			172800	IN	NS	d.ns.gov.
gov.			86400	IN	DS	2536 13 2 0BAF26B7BBF313A859046FD3B1EE49DDFBA33934CFB3E717C21E2A29 35C2F259
gov.			86400	IN	RRSIG	DS 8 1 86400 20260526050000 20260513040000 54393 . S351mHd4o/0qw8dG7T/6+vZVWPFI0a1RM5SRImAaPOXfm6eZU+YGfS8J T7q58P1kDAhtBHn/BN6shCUbzPnxms8ePw3t3kVHEoznHfRxuYeN70+h y2TA/Ki0e46h7SPBG/9MywZ6CXVvlEK469ZUtZ+Y97I5+iu4ijwJWJpF PzOb6en/1V/Kt9WuaMOR6wC9cDk2IsmZqs8GtYX8w4xYvf3mEifgMBvZ Fh0vqTIbMHxxQ092ABQmQc+aItJJebrysJYhGERKn4ah+YYFaAB+0fht iD+rwdiq/vyl7sZG6F7eNtJAEc0mK4afiUqZV8W8sC9CURmzDZ4rlu3+ 6Qlicg==
;; Received 615 bytes from 192.58.128.30#53(j.root-servers.net) in 48 ms

nasa.gov.		10800	IN	NS	a1-32.akam.net.
nasa.gov.		10800	IN	NS	a12-64.akam.net.
nasa.gov.		10800	IN	NS	a14-67.akam.net.
nasa.gov.		10800	IN	NS	a5-66.akam.net.
nasa.gov.		10800	IN	NS	a8-66.akam.net.
nasa.gov.		10800	IN	NS	a9-64.akam.net.
nasa.gov.		3600	IN	DS	65284 8 2 5A316253A39AA4A00F5763CBF9225624B731DF7027FB61E043D1193E 50176ABF
nasa.gov.		3600	IN	RRSIG	DS 13 2 3600 20260514164430 20260512144430 35496 gov. fljRz1t/+mufNi1LcmfAVjH/iFii9eyqmlRLHB5WKs/dkofxXSP7r52H NNlfXQkq1dTUbtvBQDddPm57RShHFA==
;; Received 314 bytes from 199.33.230.1#53(a.ns.gov) in 44 ms

nasa.gov.		600	IN	MX	0 nasa-gov.mail.protection.outlook.com.
nasa.gov.		600	IN	RRSIG	MX 8 2 600 20260525141351 20260425132620 18879 nasa.gov. ll40TlTNNxM84RT289i1CzcU+SK6D5w0BVSp6A2TJcPrKrRhhSy2Sz8K gqyZTdffu36lFHCPaa/f5+mzc3/kQyBott2SHEAfOUZjq5DMQVo0wl1s eQ1xBsxHqLKQ0x8OvH0ODvMrWCmPqMJykvgVW5jAb+fpNWF+6wAx4u2l H08=
;; Received 257 bytes from 184.26.161.67#53(a14-67.akam.net) in 48 ms


; <<>> DiG 9.20.18 <<>> nasa.gov +trace MX
;; global options: +cmd
.			87203	IN	NS	l.root-servers.net.
.			87203	IN	NS	f.root-servers.net.
.			87203	IN	NS	k.root-servers.net.
.			87203	IN	NS	e.root-servers.net.
.			87203	IN	NS	a.root-servers.net.
.			87203	IN	NS	b.root-servers.net.
.			87203	IN	NS	i.root-servers.net.
.			87203	IN	NS	c.root-servers.net.
.			87203	IN	NS	d.root-servers.net.
.			87203	IN	NS	g.root-servers.net.
.			87203	IN	NS	j.root-servers.net.
.			87203	IN	NS	m.root-servers.net.
.			87203	IN	NS	h.root-servers.net.
.			87203	IN	RRSIG	NS 8 0 518400 20260526050000 20260513040000 54393 . bChVYCIQEvBdwRmgwOcXX7pX7UJW2bOPsDtWGY+vyZIXdD+xokf9cl/W 9TMVC9RN9l6hpE+c2hgv2SH0OoXVJZOhTr2/EYWLpfDR8fPzYGdO+a6P uIgrfxr+V9wo2IuWIvYlwAdn/W6YeD4I5+DEN8fWngmsrvkiddxZEU4C NRYE6ZDF5q9LCh6UHRVOgtSTmb7o3orbilyY6Dqc4mU6FaKmgvL2BX8E LZaU0wXxop7X1/FU3OLVyuKc1mi8o2wOXcxQGSpMCrlSK0zq3n3pHkDA B1taAR6xIbDHai1CDr0g828yVrz9Sd7tICuEDfpRF6kDfh4cr6Ld36Jm I/e1Zg==
;; Received 525 bytes from 8.8.8.8#53(8.8.8.8) in 68 ms

gov.			172800	IN	NS	a.ns.gov.
gov.			172800	IN	NS	d.ns.gov.
gov.			172800	IN	NS	c.ns.gov.
gov.			172800	IN	NS	b.ns.gov.
gov.			86400	IN	DS	2536 13 2 0BAF26B7BBF313A859046FD3B1EE49DDFBA33934CFB3E717C21E2A29 35C2F259
gov.			86400	IN	RRSIG	DS 8 1 86400 20260526050000 20260513040000 54393 . S351mHd4o/0qw8dG7T/6+vZVWPFI0a1RM5SRImAaPOXfm6eZU+YGfS8J T7q58P1kDAhtBHn/BN6shCUbzPnxms8ePw3t3kVHEoznHfRxuYeN70+h y2TA/Ki0e46h7SPBG/9MywZ6CXVvlEK469ZUtZ+Y97I5+iu4ijwJWJpF PzOb6en/1V/Kt9WuaMOR6wC9cDk2IsmZqs8GtYX8w4xYvf3mEifgMBvZ Fh0vqTIbMHxxQ092ABQmQc+aItJJebrysJYhGERKn4ah+YYFaAB+0fht iD+rwdiq/vyl7sZG6F7eNtJAEc0mK4afiUqZV8W8sC9CURmzDZ4rlu3+ 6Qlicg==
;; Received 643 bytes from 192.36.148.17#53(i.root-servers.net) in 200 ms

nasa.gov.		10800	IN	NS	a1-32.akam.net.
nasa.gov.		10800	IN	NS	a12-64.akam.net.
nasa.gov.		10800	IN	NS	a14-67.akam.net.
nasa.gov.		10800	IN	NS	a5-66.akam.net.
nasa.gov.		10800	IN	NS	a8-66.akam.net.
nasa.gov.		10800	IN	NS	a9-64.akam.net.
nasa.gov.		3600	IN	DS	65284 8 2 5A316253A39AA4A00F5763CBF9225624B731DF7027FB61E043D1193E 50176ABF
nasa.gov.		3600	IN	RRSIG	DS 13 2 3600 20260514164431 20260512144431 35496 gov. 8ZEMkSZ9XSkEuve1p6pOLrhT4zVJmsyQ02+XGjhMf63Rfc23eMCAPbdg nP4UI3dRyTOQG0ZAoxi8q5bmYH22sg==
;; Received 314 bytes from 199.33.233.1#53(d.ns.gov) in 44 ms

nasa.gov.		600	IN	MX	0 nasa-gov.mail.protection.outlook.com.
nasa.gov.		600	IN	RRSIG	MX 8 2 600 20260525141351 20260425132620 18879 nasa.gov. ll40TlTNNxM84RT289i1CzcU+SK6D5w0BVSp6A2TJcPrKrRhhSy2Sz8K gqyZTdffu36lFHCPaa/f5+mzc3/kQyBott2SHEAfOUZjq5DMQVo0wl1s eQ1xBsxHqLKQ0x8OvH0ODvMrWCmPqMJykvgVW5jAb+fpNWF+6wAx4u2l H08=
;; Received 257 bytes from 193.108.91.32#53(a1-32.akam.net) in 44 ms


; <<>> DiG 9.20.18 <<>> commerce.gov +trace MX
;; global options: +cmd
.			87203	IN	NS	d.root-servers.net.
.			87203	IN	NS	f.root-servers.net.
.			87203	IN	NS	g.root-servers.net.
.			87203	IN	NS	a.root-servers.net.
.			87203	IN	NS	h.root-servers.net.
.			87203	IN	NS	l.root-servers.net.
.			87203	IN	NS	c.root-servers.net.
.			87203	IN	NS	b.root-servers.net.
.			87203	IN	NS	j.root-servers.net.
.			87203	IN	NS	e.root-servers.net.
.			87203	IN	NS	m.root-servers.net.
.			87203	IN	NS	i.root-servers.net.
.			87203	IN	NS	k.root-servers.net.
.			87203	IN	RRSIG	NS 8 0 518400 20260526050000 20260513040000 54393 . bChVYCIQEvBdwRmgwOcXX7pX7UJW2bOPsDtWGY+vyZIXdD+xokf9cl/W 9TMVC9RN9l6hpE+c2hgv2SH0OoXVJZOhTr2/EYWLpfDR8fPzYGdO+a6P uIgrfxr+V9wo2IuWIvYlwAdn/W6YeD4I5+DEN8fWngmsrvkiddxZEU4C NRYE6ZDF5q9LCh6UHRVOgtSTmb7o3orbilyY6Dqc4mU6FaKmgvL2BX8E LZaU0wXxop7X1/FU3OLVyuKc1mi8o2wOXcxQGSpMCrlSK0zq3n3pHkDA B1taAR6xIbDHai1CDr0g828yVrz9Sd7tICuEDfpRF6kDfh4cr6Ld36Jm I/e1Zg==
;; Received 525 bytes from 8.8.8.8#53(8.8.8.8) in 244 ms

gov.			172800	IN	NS	b.ns.gov.
gov.			172800	IN	NS	c.ns.gov.
gov.			172800	IN	NS	d.ns.gov.
gov.			172800	IN	NS	a.ns.gov.
gov.			86400	IN	DS	2536 13 2 0BAF26B7BBF313A859046FD3B1EE49DDFBA33934CFB3E717C21E2A29 35C2F259
gov.			86400	IN	RRSIG	DS 8 1 86400 20260526050000 20260513040000 54393 . S351mHd4o/0qw8dG7T/6+vZVWPFI0a1RM5SRImAaPOXfm6eZU+YGfS8J T7q58P1kDAhtBHn/BN6shCUbzPnxms8ePw3t3kVHEoznHfRxuYeN70+h y2TA/Ki0e46h7SPBG/9MywZ6CXVvlEK469ZUtZ+Y97I5+iu4ijwJWJpF PzOb6en/1V/Kt9WuaMOR6wC9cDk2IsmZqs8GtYX8w4xYvf3mEifgMBvZ Fh0vqTIbMHxxQ092ABQmQc+aItJJebrysJYhGERKn4ah+YYFaAB+0fht iD+rwdiq/vyl7sZG6F7eNtJAEc0mK4afiUqZV8W8sC9CURmzDZ4rlu3+ 6Qlicg==
;; Received 650 bytes from 192.112.36.4#53(g.root-servers.net) in 204 ms

commerce.gov.		10800	IN	NS	cecelia.ns.cloudflare.com.
commerce.gov.		10800	IN	NS	max.ns.cloudflare.com.
commerce.gov.		3600	IN	DS	2371 13 2 7296C2FBF797AC7F413FDB74161AE4912F30C191F3C89FC280A6E6A5 8FA45E98
commerce.gov.		3600	IN	RRSIG	DS 13 2 3600 20260514164431 20260512144431 35496 gov. o94nXPDw15LhcFqaYqP800zSSIQe4OZSWeifxmRqUPeHugs1JNOVXYBE nDjWluKTOZg3prFcJYc8EgmWfcgoPg==
;; Received 245 bytes from 199.33.233.1#53(d.ns.gov) in 48 ms

commerce.gov.		3600	IN	MX	0 commerce-gov.mail.protection.outlook.com.
commerce.gov.		3600	IN	RRSIG	MX 13 2 3600 20260514164432 20260512144432 34505 commerce.gov. 7Udm2ZkJ1O0akruiuuq4CBdBnwY9xL876v34TilmiKdE0P6V63CmIkTo fZ0r5brBWBnbLvUCPk+DaTCBIJJicQ==
;; Received 205 bytes from 172.64.34.135#53(cecelia.ns.cloudflare.com) in 40 ms

traceroute to commerce.gov (172.65.90.24), 30 hops max, 60 byte packets
 1  cp.local.tld (192.168.10.1)  3.272 ms  4.005 ms  2.761 ms
 2  225.sub-66-174-219.myvzw.com (66.174.219.225)  36.435 ms  44.789 ms  44.323 ms
 3  * * *
 4  * * *
 5  146.sub-69-83-165.myvzw.com (69.83.165.146)  38.450 ms  37.119 ms  41.402 ms
 6  * * *
 7  * * *
 8  192.sub-69-83-161.myvzw.com (69.83.161.192)  52.026 ms  51.180 ms  50.290 ms
 9  183.sub-69-83-160.myvzw.com (69.83.160.183)  49.564 ms  51.123 ms  50.109 ms
10  * * *
11  * * *
12  172.68.188.83 (172.68.188.83)  73.125 ms  48.888 ms 172.68.188.107 (172.68.188.107)  63.141 ms
13  * * *
14  * * *
15  * * *
16  * * *
17  * * *
18  * * *
19  * * *
20  * * *
21  * * *
22  * * *
23  * * *
24  * * *
25  * * *
26  * * *
27  * * *
28  * * *