CURRENT DNS MAP @la-county-isd @whitehouse @nasa-pds @blackgirlscode @fbicyber
Wed Jun 17 13:25:32 PDT 2026
 #NEWS ra5hard.github.io @nasa-jpl  && cnn.com/2001/TECH/industry/09/11/akamai.founder/index.html
https://archive.org/details/losangelesenormo0000weav #NEWS ra5hard.github.io  && cnn.com/2001/TECH/industry/09/11/akamai.founder/index.html
Linux localhost 4.19.191 #1 SMP PREEMPT Mon Mar 9 22:18:51 CST 2026 aarch64 Android
lo: flags=73<UP,LOOPBACK,RUNNING>  mtu 65536
        inet 127.0.0.1  netmask 255.0.0.0
        unspec 00-00-00-00-00-00-00-00-00-00-00-00-00-00-00-00  txqueuelen 1000  (UNSPEC)

wlan0: flags=4163<UP,BROADCAST,RUNNING,MULTICAST>  mtu 1500
        inet 10.193.13.169  netmask 255.255.192.0  broadcast 10.193.63.255
        unspec 00-00-00-00-00-00-00-00-00-00-00-00-00-00-00-00  txqueuelen 3000  (UNSPEC)

 13:25:32 up 4 days,  3:50,  load average: 13.35, 14.89, 15.62
Wed Jun 17 13:25:32 PDT 2026
real-time non-blocking time  (microseconds, -R) unlimited
core file size              (blocks, -c) 0
data seg size               (kbytes, -d) unlimited
scheduling priority                 (-e) 40
file size                   (blocks, -f) unlimited
pending signals                     (-i) 9112
max locked memory           (kbytes, -l) unlimited
max memory size             (kbytes, -m) unlimited
open files                          (-n) 32768
pipe size                (512 bytes, -p) 8
POSIX message queues         (bytes, -q) 819200
real-time priority                  (-r) 0
stack size                  (kbytes, -s) 8192
cpu time                   (seconds, -t) unlimited
max user processes                  (-u) 9112
virtual memory              (kbytes, -v) unlimited
file locks                          (-x) unlimited
      June 2026     
Su Mo Tu We Th Fr Sa
    1  2  3  4  5  6
 7  8  9 10 11 12 13
14 15 16 17 18 19 20
21 22 23 24 25 26 27
28 29 30            
                    
Server:		8.8.8.8
Address:	8.8.8.8#53

Non-authoritative answer:
spacex.com	mail exchanger = 5 mxa-003ea501.gslb.gpphosted.com.
spacex.com	mail exchanger = 5 mxb-003ea501.gslb.gpphosted.com.

Authoritative answers can be found from:

Server:		8.8.8.8
Address:	8.8.8.8#53

Non-authoritative answer:
spacex.com	nameserver = ns-cloud-b2.googledomains.com.
spacex.com	nameserver = ns-cloud-b3.googledomains.com.
spacex.com	nameserver = ns-cloud-b4.googledomains.com.
spacex.com	nameserver = ns-cloud-b1.googledomains.com.

Authoritative answers can be found from:

spacex.com has address 104.18.27.217
spacex.com has address 104.18.26.217
spacex.com has IPv6 address 2606:4700::6812:1ad9
spacex.com has IPv6 address 2606:4700::6812:1bd9
spacex.com mail is handled by 5 mxb-003ea501.gslb.gpphosted.com.
spacex.com mail is handled by 5 mxa-003ea501.gslb.gpphosted.com.
Server:		8.8.8.8
Address:	8.8.8.8#53

Non-authoritative answer:
*** Can't find whitehouse.gov: No answer

Authoritative answers can be found from:
whitehouse.gov
	origin = ernest.ns.cloudflare.com
	mail addr = dns.cloudflare.com
	serial = 2406740989
	refresh = 10000
	retry = 2400
	expire = 604800
	minimum = 1800

Server:		8.8.8.8
Address:	8.8.8.8#53

Non-authoritative answer:
whitehouse.gov	nameserver = wally.ns.cloudflare.com.
whitehouse.gov	nameserver = ernest.ns.cloudflare.com.

Authoritative answers can be found from:

Trying "whitehouse.gov"
;; ->>HEADER<<- opcode: QUERY, status: NOERROR, id: 27884
;; flags: qr rd ra; QUERY: 1, ANSWER: 5, AUTHORITY: 0, ADDITIONAL: 0

;; QUESTION SECTION:
;whitehouse.gov.			IN	ANY

;; ANSWER SECTION:
whitehouse.gov.		136	IN	A	192.0.66.51
whitehouse.gov.		136	IN	RRSIG	A 13 2 300 20260618212251 20260616192251 34505 whitehouse.gov. y2qScN2f3fRN6PApunOoVB+hYx90JkQZsT11g+Q/0N7MzrUhuYcFxBHq WX2iAoRX4piQWW+z2zDYQcyPYrU7mQ==
whitehouse.gov.		86400	IN	NS	wally.ns.cloudflare.com.
whitehouse.gov.		86400	IN	NS	ernest.ns.cloudflare.com.
whitehouse.gov.		86400	IN	RRSIG	NS 13 2 86400 20260618212535 20260616192535 34505 whitehouse.gov. hWqquLiuCbzb8RE2Ny1RnoBteVlUvs8pSlKtnuHx+dgIcZiozr1is/t2 Z/shIhNniQl6wSl0KgDFXwuUdJip4A==

Received 326 bytes from 8.8.8.8#53 in 40 ms
Trying "war.gov"
;; ->>HEADER<<- opcode: QUERY, status: NOERROR, id: 54321
;; flags: qr rd ra; QUERY: 1, ANSWER: 3, AUTHORITY: 0, ADDITIONAL: 0

;; QUESTION SECTION:
;war.gov.			IN	ANY

;; ANSWER SECTION:
war.gov.		761	IN	A	184.25.255.42
war.gov.		761	IN	A	184.25.255.53
war.gov.		761	IN	RRSIG	A 13 2 1800 20260620064348 20260617054348 48600 war.gov. 5f7nTWw2+fZfMa/fZx+BvJ8yGYhqmxEtn5D/rYWZDqPOW/pxgaCaGfwL 818L8piKNZ+54NlV3Niyt2/nqY28xg==

Received 160 bytes from 8.8.8.8#53 in 40 ms
Server:		8.8.8.8
Address:	8.8.8.8#53

Non-authoritative answer:
*** Can't find war.gov: No answer

Authoritative answers can be found from:
war.gov
	origin = asia2.akam.net
	mail addr = hostmaster.war.gov
	serial = 2025090513
	refresh = 3600
	retry = 600
	expire = 604800
	minimum = 300

Server:		8.8.8.8
Address:	8.8.8.8#53

Non-authoritative answer:
war.gov	nameserver = use9.akam.net.
war.gov	nameserver = asia2.akam.net.
war.gov	nameserver = ns1-116.akam.net.
war.gov	nameserver = asia3.akam.net.
war.gov	nameserver = eur6.akam.net.
war.gov	nameserver = use2.akam.net.
war.gov	nameserver = usc5.akam.net.
war.gov	nameserver = ns1-95.akam.net.

Authoritative answers can be found from:

Server:		8.8.8.8
Address:	8.8.8.8#53

Non-authoritative answer:
jpl.nasa.gov	nameserver = a8-65.akam.net.
jpl.nasa.gov	nameserver = a11-67.akam.net.
jpl.nasa.gov	nameserver = a7-65.akam.net.
jpl.nasa.gov	nameserver = a1-91.akam.net.
jpl.nasa.gov	nameserver = a2-67.akam.net.
jpl.nasa.gov	nameserver = a14-67.akam.net.

Authoritative answers can be found from:

Server:		8.8.8.8
Address:	8.8.8.8#53

Non-authoritative answer:
jpl.nasa.gov	mail exchanger = 20 mxa-0020b901.gslb.pphosted.com.
jpl.nasa.gov	mail exchanger = 20 mxb-0020b901.gslb.pphosted.com.

Authoritative answers can be found from:

Server:		8.8.8.8
Address:	8.8.8.8#53

Non-authoritative answer:
uahirise.org	nameserver = einstein2.lpl.arizona.edu.
uahirise.org	nameserver = einstein1.lpl.arizona.edu.

Authoritative answers can be found from:

Server:		8.8.8.8
Address:	8.8.8.8#53

Non-authoritative answer:
uahirise.org	mail exchanger = 10 pirlmail.lpl.arizona.edu.
uahirise.org	mail exchanger = 10 usb-smtp-inbound-1.mimecast.com.
uahirise.org	mail exchanger = 10 usb-smtp-inbound-2.mimecast.com.

Authoritative answers can be found from:

Server:		8.8.8.8
Address:	8.8.8.8#53

Non-authoritative answer:
home.treasury.gov	canonical name = home.treasury.gov.edgekey.net.
home.treasury.gov.edgekey.net	canonical name = e289631.dscb.akamaiedge.net.

Authoritative answers can be found from:
dscb.akamaiedge.net
	origin = n0dscb.akamaiedge.net
	mail addr = hostmaster.akamai.com
	serial = 1781727937
	refresh = 1000
	retry = 1000
	expire = 1000
	minimum = 1800

Server:		8.8.8.8
Address:	8.8.8.8#53

Non-authoritative answer:
home.treasury.gov	canonical name = home.treasury.gov.edgekey.net.
home.treasury.gov.edgekey.net	canonical name = e289631.dscb.akamaiedge.net.

Authoritative answers can be found from:
dscb.akamaiedge.net
	origin = n0dscb.akamaiedge.net
	mail addr = hostmaster.akamai.com
	serial = 1781727937
	refresh = 1000
	retry = 1000
	expire = 1000
	minimum = 1800

Server:		8.8.8.8
Address:	8.8.8.8#53

Non-authoritative answer:
treasurer.ca.gov	nameserver = rafe.ns.cloudflare.com.
treasurer.ca.gov	nameserver = olof.ns.cloudflare.com.

Authoritative answers can be found from:

Server:		8.8.8.8
Address:	8.8.8.8#53

Non-authoritative answer:
treasurer.ca.gov	mail exchanger = 10 treasurer-ca-gov.mail.protection.outlook.com.

Authoritative answers can be found from:

Server:		8.8.8.8
Address:	8.8.8.8#53

Non-authoritative answer:
treasury.gov	mail exchanger = 10 cemailhub1in.treasury.gov.
treasury.gov	mail exchanger = 10 cwmailhub1in.treasury.gov.

Authoritative answers can be found from:

Server:		8.8.8.8
Address:	8.8.8.8#53

Non-authoritative answer:
treasury.gov	nameserver = margot.ns.cloudflare.com.
treasury.gov	nameserver = tadeo.ns.cloudflare.com.

Authoritative answers can be found from:

Server:		8.8.8.8
Address:	8.8.8.8#53

Non-authoritative answer:
women.ca.gov	mail exchanger = 0 women-ca-gov.mail.protection.outlook.com.

Authoritative answers can be found from:

Server:		8.8.8.8
Address:	8.8.8.8#53

Non-authoritative answer:
women.ca.gov	nameserver = blue.foundationdns.org.
women.ca.gov	nameserver = blue.foundationdns.com.
women.ca.gov	nameserver = blue.foundationdns.net.

Authoritative answers can be found from:

Server:		8.8.8.8
Address:	8.8.8.8#53

Non-authoritative answer:
navy.mil	nameserver = dns2.disa.mil.
navy.mil	nameserver = dns4.disa.mil.
navy.mil	nameserver = dns5.disa.mil.
navy.mil	nameserver = dns3.disa.mil.
navy.mil	nameserver = dns1.disa.mil.

Authoritative answers can be found from:

Server:		8.8.8.8
Address:	8.8.8.8#53

Non-authoritative answer:
navy.mil	mail exchanger = 30 mx13.nmci.navy.mil.
navy.mil	mail exchanger = 20 sec-jeemsg.eemsg.mail.mil.
navy.mil	mail exchanger = 10 pri-jeemsg.eemsg.mail.mil.
navy.mil	mail exchanger = 30 mx15.nmci.navy.mil.
navy.mil	mail exchanger = 30 mx14.nmci.navy.mil.

Authoritative answers can be found from:

Server:		8.8.8.8
Address:	8.8.8.8#53

Non-authoritative answer:
navy.com	nameserver = simon.ns.cloudflare.com.
navy.com	nameserver = vera.ns.cloudflare.com.

Authoritative answers can be found from:

Server:		8.8.8.8
Address:	8.8.8.8#53

Non-authoritative answer:
navy.com	mail exchanger = 10 mx1.simplelogin.co.
navy.com	mail exchanger = 20 mx2.simplelogin.co.

Authoritative answers can be found from:

Server:		8.8.8.8
Address:	8.8.8.8#53

Non-authoritative answer:
hollyjmitchell.com	nameserver = ns1.hostmonster.com.
hollyjmitchell.com	nameserver = ns2.hostmonster.com.

Authoritative answers can be found from:

Server:		8.8.8.8
Address:	8.8.8.8#53

Non-authoritative answer:
hollyjmitchell.com	mail exchanger = 5 alt2.aspmx.l.google.com.
hollyjmitchell.com	mail exchanger = 10 alt4.aspmx.l.google.com.
hollyjmitchell.com	mail exchanger = 1 aspmx.l.google.com.
hollyjmitchell.com	mail exchanger = 5 alt1.aspmx.l.google.com.
hollyjmitchell.com	mail exchanger = 10 alt3.aspmx.l.google.com.

Authoritative answers can be found from:

Server:		8.8.8.8
Address:	8.8.8.8#53

Non-authoritative answer:
esa.int	nameserver = ns1.esa.int.
esa.int	nameserver = ns2.esa.int.
esa.int	nameserver = ns3.esa.int.
esa.int	nameserver = ns4.esa.int.

Authoritative answers can be found from:
ns1.esa.int	internet address = 131.176.243.100

Server:		8.8.8.8
Address:	8.8.8.8#53

Non-authoritative answer:
esa.int	mail exchanger = 10 esa-int.mail.protection.outlook.com.

Authoritative answers can be found from:

Server:		8.8.8.8
Address:	8.8.8.8#53

Non-authoritative answer:
spacetelescope.org	nameserver = fay.ns.cloudflare.com.
spacetelescope.org	nameserver = jack.ns.cloudflare.com.

Authoritative answers can be found from:

Server:		8.8.8.8
Address:	8.8.8.8#53

Non-authoritative answer:
*** Can't find spacetelescope.org: No answer

Authoritative answers can be found from:
spacetelescope.org
	origin = fay.ns.cloudflare.com
	mail addr = dns.cloudflare.com
	serial = 2404693820
	refresh = 10000
	retry = 2400
	expire = 604800
	minimum = 1800

Server:		8.8.8.8
Address:	8.8.8.8#53

Non-authoritative answer:
reelecthydee.com	nameserver = ns7.wixdns.net.
reelecthydee.com	nameserver = ns6.wixdns.net.

Authoritative answers can be found from:

Server:		8.8.8.8
Address:	8.8.8.8#53

Non-authoritative answer:
reelecthydee.com	mail exchanger = 10 aspmx.l.google.com.

Authoritative answers can be found from:

Server:		8.8.8.8
Address:	8.8.8.8#53

Non-authoritative answer:
global.jaxa.jp	canonical name = fanfun.exst.jaxa.jp.
fanfun.exst.jaxa.jp	canonical name = ves-io-12ba2681-cc67-43ba-8133-7e72b6c88160.ac.vh.ves.io.

Authoritative answers can be found from:
ac.vh.ves.io
	origin = ns-1673.awsdns-17.co.uk
	mail addr = awsdns-hostmaster.amazon.com
	serial = 1
	refresh = 7200
	retry = 900
	expire = 1209600
	minimum = 86400

Server:		8.8.8.8
Address:	8.8.8.8#53

Non-authoritative answer:
global.jaxa.jp	canonical name = fanfun.exst.jaxa.jp.
fanfun.exst.jaxa.jp	canonical name = ves-io-12ba2681-cc67-43ba-8133-7e72b6c88160.ac.vh.ves.io.

Authoritative answers can be found from:
ac.vh.ves.io
	origin = ns-1673.awsdns-17.co.uk
	mail addr = awsdns-hostmaster.amazon.com
	serial = 1
	refresh = 7200
	retry = 900
	expire = 1209600
	minimum = 86400

Server:		8.8.8.8
Address:	8.8.8.8#53

Non-authoritative answer:
gov.uk	nameserver = nsc.nic.uk.
gov.uk	nameserver = nsd.nic.uk.
gov.uk	nameserver = dns1.nic.uk.
gov.uk	nameserver = dns2.nic.uk.
gov.uk	nameserver = dns3.nic.uk.
gov.uk	nameserver = dns4.nic.uk.
gov.uk	nameserver = nsa.nic.uk.
gov.uk	nameserver = nsb.nic.uk.

Authoritative answers can be found from:

Server:		8.8.8.8
Address:	8.8.8.8#53

Non-authoritative answer:
*** Can't find gov.uk: No answer

Authoritative answers can be found from:
gov.uk
	origin = dns1.nic.uk
	mail addr = hostmaster.nominet.org.uk
	serial = 1781717800
	refresh = 900
	retry = 300
	expire = 2419200
	minimum = 3600


; <<>> DiG 9.20.23 <<>> whitehouse.gov NS +trace
;; global options: +cmd
.			86072	IN	NS	m.root-servers.net.
.			86072	IN	NS	e.root-servers.net.
.			86072	IN	NS	g.root-servers.net.
.			86072	IN	NS	c.root-servers.net.
.			86072	IN	NS	a.root-servers.net.
.			86072	IN	NS	l.root-servers.net.
.			86072	IN	NS	j.root-servers.net.
.			86072	IN	NS	f.root-servers.net.
.			86072	IN	NS	h.root-servers.net.
.			86072	IN	NS	d.root-servers.net.
.			86072	IN	NS	b.root-servers.net.
.			86072	IN	NS	k.root-servers.net.
.			86072	IN	NS	i.root-servers.net.
.			86072	IN	RRSIG	NS 8 0 518400 20260630170000 20260617160000 54393 . AwGMNWYqDJWQgC6R204DQ5Ithmax6IO0JOIy5gRarNb/XOYbn1MNP/HL F9P+AA2Cgis59s3mTCd8GcocUKeWyYpvU2JtLExCLv6A/8cPr5rIpl8Y W1ze+EkjkuNymLNaSZnt3NK0+J5bJJAWxaB/BgAR29ee7OQx2SChpYmw 1l2ph0ByqVFTZsYIOZSyaxohBpwTjrJ0jU/AA7LC6DGmfsYSUFoPu88f 87OCxEA90Rk9/3viQz07y1E0LUYGQejlkTlSGI4Bx/fjfaCAVN2IhFkq YiLwEcCWR1A/ARO8eXeukOlGyWeCHp5wL9q2mqPbFoga2S1VyclAljZW Qsczvw==
;; Received 525 bytes from 8.8.8.8#53(8.8.8.8) in 44 ms

;; Received 43 bytes from 170.247.170.2#53(b.root-servers.net) in 40 ms

trumpcard.gov has address 104.18.19.173
trumpcard.gov has address 104.18.18.173
trumpcard.gov has IPv6 address 2606:4700::6812:12ad
trumpcard.gov has IPv6 address 2606:4700::6812:13ad
trumpcard.gov mail is handled by 23 route2.mx.cloudflare.net.
trumpcard.gov mail is handled by 60 route1.mx.cloudflare.net.
trumpcard.gov mail is handled by 61 route3.mx.cloudflare.net.
trumpcard.gov has HTTP service bindings 1 . alpn="h2" ipv4hint=104.18.18.173,104.18.19.173 ipv6hint=2606:4700::6812:12ad,2606:4700::6812:13ad
commerce.gov has address 172.65.90.25
commerce.gov has address 172.65.90.26
commerce.gov has address 172.65.90.24
commerce.gov has address 172.65.90.27
commerce.gov has IPv6 address 2606:4700:78::90:0:180
commerce.gov has IPv6 address 2606:4700:78::90:0:181
commerce.gov has IPv6 address 2606:4700:78::90:0:183
commerce.gov has IPv6 address 2606:4700:78::90:0:182
commerce.gov mail is handled by 0 commerce-gov.mail.protection.outlook.com.
usgs.gov has address 137.227.229.78
usgs.gov mail is handled by 0 usgs-gov.mail.protection.outlook.com.
pbs.org has address 54.225.198.196
pbs.org has address 54.225.206.152
pbs.org mail is handled by 10 pbs-org.mail.protection.outlook.com.
Server:		8.8.8.8
Address:	8.8.8.8#53

Non-authoritative answer:
usps.com	nameserver = dns141.usps.com.
usps.com	nameserver = dns082.usps.com.

Authoritative answers can be found from:
dns141.usps.com	internet address = 56.0.141.25
dns082.usps.com	internet address = 56.0.82.25
dns141.usps.com	has AAAA address 2610:68:3130:25:6010::25
dns082.usps.com	has AAAA address 2610:68:5130:11:1410::25

Server:		8.8.8.8
Address:	8.8.8.8#53

Non-authoritative answer:
usps.com	mail exchanger = 10 mxa-0038fd02.gslb.gpphosted.com.
usps.com	mail exchanger = 10 mxb-0038fd02.gslb.gpphosted.com.

Authoritative answers can be found from:


; <<>> DiG 9.20.23 <<>> usps.com ANY
;; global options: +cmd
;; Got answer:
;; ->>HEADER<<- opcode: QUERY, status: NOERROR, id: 32388
;; flags: qr rd ra; QUERY: 1, ANSWER: 5, AUTHORITY: 0, ADDITIONAL: 1

;; OPT PSEUDOSECTION:
; EDNS: version: 0, flags:; udp: 1232
;; QUESTION SECTION:
;usps.com.			IN	ANY

;; ANSWER SECTION:
usps.com.		201	IN	A	56.0.134.100
usps.com.		3600	IN	MX	10 mxa-0038fd02.gslb.gpphosted.com.
usps.com.		3600	IN	MX	10 mxb-0038fd02.gslb.gpphosted.com.
usps.com.		3600	IN	NS	dns082.usps.com.
usps.com.		3600	IN	NS	dns141.usps.com.

;; Query time: 36 msec
;; SERVER: 8.8.8.8#53(8.8.8.8) (TCP)
;; WHEN: Wed Jun 17 13:25:43 PDT 2026
;; MSG SIZE  rcvd: 168

Server:		8.8.8.8
Address:	8.8.8.8#53

Non-authoritative answer:
wp1-ext.usps.gov	canonical name = wildcard.usps.com.edgekey.net.
wildcard.usps.com.edgekey.net	canonical name = e6531.dsca.akamaiedge.net.

Authoritative answers can be found from:
dsca.akamaiedge.net
	origin = n0dsca.akamaiedge.net
	mail addr = hostmaster.akamai.com
	serial = 1781727945
	refresh = 1000
	retry = 1000
	expire = 1000
	minimum = 1800

Server:		8.8.8.8
Address:	8.8.8.8#53

Non-authoritative answer:
wp1-ext.usps.gov	canonical name = wildcard.usps.com.edgekey.net.
wildcard.usps.com.edgekey.net	canonical name = e6531.dsca.akamaiedge.net.

Authoritative answers can be found from:
dsca.akamaiedge.net
	origin = n0dsca.akamaiedge.net
	mail addr = hostmaster.akamai.com
	serial = 1781727945
	refresh = 1000
	retry = 1000
	expire = 1000
	minimum = 1800


; <<>> DiG 9.20.23 <<>> wp1-ext.usps.gov ANY
;; global options: +cmd
;; Got answer:
;; ->>HEADER<<- opcode: QUERY, status: NOERROR, id: 20256
;; flags: qr rd ra ad; QUERY: 1, ANSWER: 2, AUTHORITY: 0, ADDITIONAL: 1

;; OPT PSEUDOSECTION:
; EDNS: version: 0, flags:; udp: 1232
;; QUESTION SECTION:
;wp1-ext.usps.gov.		IN	ANY

;; ANSWER SECTION:
wp1-ext.usps.gov.	299	IN	CNAME	wildcard.usps.com.edgekey.net.
wp1-ext.usps.gov.	299	IN	RRSIG	CNAME 7 3 300 20260625050155 20260615042212 53874 usps.gov. B1eqAOTs+CwJMzIRbuzs/sg9ptqSGpDFiA0bNxvFc6oaZ9G9zJ8/mzvB kSbiMgkC34WZvsEuMdCFODJzU2GRDXuZdfM7FeVfxXy1Ks8CnFc5+M9v +d2g/f8K/aU14RtZkvf6wxsFRPVFzBZhHST/MBFUy/fbVug0kGXgWh6P aOo=

;; Query time: 40 msec
;; SERVER: 8.8.8.8#53(8.8.8.8) (TCP)
;; WHEN: Wed Jun 17 13:25:44 PDT 2026
;; MSG SIZE  rcvd: 256

Server:		8.8.8.8
Address:	8.8.8.8#53

Non-authoritative answer:
uspto.com	mail exchanger = 0 mail.uspto.com.

Authoritative answers can be found from:

Server:		8.8.8.8
Address:	8.8.8.8#53

Non-authoritative answer:
uspto.com	nameserver = ns6.mpower.nl.
uspto.com	nameserver = ns5.mpower.nl.

Authoritative answers can be found from:

Trying "gov.uk"
Trying "gov.uk"
;; ->>HEADER<<- opcode: QUERY, status: NOERROR, id: 7015
;; flags: qr rd ra; QUERY: 1, ANSWER: 14, AUTHORITY: 0, ADDITIONAL: 0

;; QUESTION SECTION:
;gov.uk.				IN	ANY

;; ANSWER SECTION:
gov.uk.			3482	IN	A	151.101.128.144
gov.uk.			3482	IN	A	151.101.192.144
gov.uk.			3482	IN	A	151.101.0.144
gov.uk.			3482	IN	A	151.101.64.144
gov.uk.			3482	IN	RRSIG	A 8 2 3600 20260722145418 20260617144658 52549 gov.uk. qGuqZ1H7ZTV5ZHc58KjG4JTRoGE989x+XW8upq1rcc2tzTgAiiGLBh18 /aL5L/vmYNuLoTqTbYDA/cT39qmYEu+ke2RXkFUblQISAbsmEcl/Kmb6 LnG4bvKvM8l3GMtgiUjxTbdTpN272+ifhJow1CWZthkxMHjDjH3v2SPV ZEskgx/k20wzR6Od3oWFH6rI6jbqBnms3cbj8zBYRJsMJRyVg46fOrQ4 2cgsHGWiXfHHj1QgT7kyRuXQgBqeMakxmv7M6ie71PukSz6mU8LTP0nr xkA2etGNrSIWcOomP8ZNf1YlvTRZpD5zDr5PPPEBfSqMrtS1me4PMO8b KcVmeQ==
gov.uk.			86282	IN	NS	nsc.nic.uk.
gov.uk.			86282	IN	NS	nsd.nic.uk.
gov.uk.			86282	IN	NS	dns1.nic.uk.
gov.uk.			86282	IN	NS	dns2.nic.uk.
gov.uk.			86282	IN	NS	dns3.nic.uk.
gov.uk.			86282	IN	NS	dns4.nic.uk.
gov.uk.			86282	IN	NS	nsa.nic.uk.
gov.uk.			86282	IN	NS	nsb.nic.uk.
gov.uk.			86282	IN	RRSIG	NS 8 2 172800 20260722145418 20260617144658 52549 gov.uk. GDoM2xRSx57dNtwXJ3qX2l29ITR2zr8xEhYl9nLvy1sXV343D6MuCQ7D UnTS2ObwwcFRPlfsObOn2PWZK3kQetn9FOcEFTw9sJlq3BVZOzU0+YH7 yjlNr9jcTuSerc3GYJ5y9XVOLPiBCOMv/Ejp8RKqIob0hyn5hIz8gTyf AXLJVuWx9e4lzlq0B3OeBJ8nPUqHDz0hRa1vFGTMArTgbT2D9VC+/pYJ xiOTNpvLQIur7WxNmkxj69gC5eSACp1IoWt/7/YoAUuaCtmBSGXMomkN QmuphEBGBC8J9pqmXi9qRCt52CRDS3outQbQMxrrcGK5AmXcXYNrPEYg hKw1rw==

Received 828 bytes from 8.8.8.8#53 in 40 ms
Trying "africanspaceagency.org"
Host africanspaceagency.org not found: 2(SERVFAIL)
Received 40 bytes from 8.8.4.4#53 in 40 ms
Trying "asal.dz"
;; ->>HEADER<<- opcode: QUERY, status: NOERROR, id: 23199
;; flags: qr rd ra; QUERY: 1, ANSWER: 8, AUTHORITY: 0, ADDITIONAL: 1

;; QUESTION SECTION:
;asal.dz.			IN	ANY

;; ANSWER SECTION:
asal.dz.		800	IN	A	197.112.125.122
asal.dz.		300	IN	MX	10 mail.asal.dz.
asal.dz.		300	IN	NS	dns-4.djaweb.dz.
asal.dz.		300	IN	NS	dns-1.djaweb.dz.
asal.dz.		300	IN	NS	dns-2.djaweb.dz.
asal.dz.		300	IN	NS	dns-3.djaweb.dz.
asal.dz.		300	IN	TXT	"v=spf1 mx a ip4:196.20.73.35/32 a:mail.asal.dz -all"
asal.dz.		300	IN	SOA	dns-1.djaweb.dz. hosting.djaweb.dz. 254308 43200 3600 604800 86400

;; ADDITIONAL SECTION:
mail.asal.dz.		300	IN	A	196.20.73.35

Received 273 bytes from 8.8.8.8#53 in 660 ms
Trying "mayor.lacity.gov"
;; ->>HEADER<<- opcode: QUERY, status: NOERROR, id: 15947
;; flags: qr rd ra; QUERY: 1, ANSWER: 1, AUTHORITY: 0, ADDITIONAL: 0

;; QUESTION SECTION:
;mayor.lacity.gov.		IN	ANY

;; ANSWER SECTION:
mayor.lacity.gov.	86400	IN	SOA	ns10.digicertdns.com. dns.digicertdns.com. 2009049432 43200 3600 1209600 180

Received 94 bytes from 8.8.8.8#53 in 48 ms
Trying "gavrt.lewiscenter.org"
;; ->>HEADER<<- opcode: QUERY, status: NOERROR, id: 24732
;; flags: qr rd ra; QUERY: 1, ANSWER: 2, AUTHORITY: 3, ADDITIONAL: 2

;; QUESTION SECTION:
;gavrt.lewiscenter.org.		IN	ANY

;; ANSWER SECTION:
gavrt.lewiscenter.org.	3600	IN	CNAME	catapult.lewiscenter.org.
catapult.lewiscenter.org. 3600	IN	A	34.208.0.245

;; AUTHORITY SECTION:
lewiscenter.org.	3600	IN	NS	ns1.sbcss.k12.ca.us.
lewiscenter.org.	3600	IN	NS	ns1.lewiscenter.org.
lewiscenter.org.	3600	IN	NS	kuhn.lewiscenter.org.

;; ADDITIONAL SECTION:
ns1.lewiscenter.org.	3600	IN	A	163.150.129.99
kuhn.lewiscenter.org.	3600	IN	A	163.150.129.99

Received 180 bytes from 8.8.8.8#53 in 200 ms
Trying "satellitegroundstation.com"
;; ->>HEADER<<- opcode: QUERY, status: NOERROR, id: 7775
;; flags: qr rd ra; QUERY: 1, ANSWER: 7, AUTHORITY: 0, ADDITIONAL: 0

;; QUESTION SECTION:
;satellitegroundstation.com.	IN	ANY

;; ANSWER SECTION:
satellitegroundstation.com. 60	IN	A	52.60.217.250
satellitegroundstation.com. 86400 IN	NS	ns-1531.awsdns-63.org.
satellitegroundstation.com. 86400 IN	NS	ns-1836.awsdns-37.co.uk.
satellitegroundstation.com. 86400 IN	NS	ns-289.awsdns-36.com.
satellitegroundstation.com. 86400 IN	NS	ns-569.awsdns-07.net.
satellitegroundstation.com. 900	IN	SOA	ns-1836.awsdns-37.co.uk. awsdns-hostmaster.amazon.com. 1 7200 900 1209600 86400
satellitegroundstation.com. 60	IN	TXT	"google-site-verification=oYiXgI9dstyQ2dtcBmX_2MXj6kUKRviuyt4IcFsodS0"

Received 339 bytes from 8.8.8.8#53 in 576 ms
Server:		8.8.8.8
Address:	8.8.8.8#53

Non-authoritative answer:
jpl.nasa.gov	nameserver = a2-67.akam.net.
jpl.nasa.gov	nameserver = a14-67.akam.net.
jpl.nasa.gov	nameserver = a8-65.akam.net.
jpl.nasa.gov	nameserver = a11-67.akam.net.
jpl.nasa.gov	nameserver = a7-65.akam.net.
jpl.nasa.gov	nameserver = a1-91.akam.net.

Authoritative answers can be found from:

Server:		8.8.8.8
Address:	8.8.8.8#53

Non-authoritative answer:
jpl.nasa.gov	mail exchanger = 20 mxb-0020b901.gslb.pphosted.com.
jpl.nasa.gov	mail exchanger = 20 mxa-0020b901.gslb.pphosted.com.

Authoritative answers can be found from:

Server:		8.8.8.8
Address:	8.8.8.8#53

Non-authoritative answer:
space.gov.au	nameserver = ns3.intellicentre.net.au.
space.gov.au	nameserver = ns1.intellicentre.net.au.
space.gov.au	nameserver = ns2.intellicentre.net.au.

Authoritative answers can be found from:

Server:		8.8.8.8
Address:	8.8.8.8#53

Non-authoritative answer:
space.gov.au	mail exchanger = 10 sig4indcav.secureintellicentre.net.au.
space.gov.au	mail exchanger = 10 sig2indcav.secureintellicentre.net.au.

Authoritative answers can be found from:

Server:		8.8.8.8
Address:	8.8.8.8#53

Non-authoritative answer:
congress.gov	mail exchanger = 5 mx41.loc.gov.
congress.gov	mail exchanger = 5 mx42.loc.gov.
congress.gov	mail exchanger = 5 mx22.loc.gov.
congress.gov	mail exchanger = 5 mx23.loc.gov.

Authoritative answers can be found from:

Server:		8.8.8.8
Address:	8.8.8.8#53

Non-authoritative answer:
congress.gov	nameserver = kevin.ns.cloudflare.com.
congress.gov	nameserver = alice.ns.cloudflare.com.

Authoritative answers can be found from:

Server:		8.8.8.8
Address:	8.8.8.8#53

Non-authoritative answer:
dhs.gov	mail exchanger = 10 mxa-00376703.gslb.gpphosted.com.
dhs.gov	mail exchanger = 10 mxb-00376703.gslb.gpphosted.com.

Authoritative answers can be found from:

Server:		8.8.8.8
Address:	8.8.8.8#53

Non-authoritative answer:
dhs.gov	nameserver = keira.ns.cloudflare.com.
dhs.gov	nameserver = jihoon.ns.cloudflare.com.

Authoritative answers can be found from:

Server:		8.8.8.8
Address:	8.8.8.8#53

Non-authoritative answer:
cia.gov	mail exchanger = 10 mail4.cia.gov.
cia.gov	mail exchanger = 10 mail3.cia.gov.

Authoritative answers can be found from:

Server:		8.8.8.8
Address:	8.8.8.8#53

Non-authoritative answer:
cia.gov	nameserver = a13-65.akam.net.
cia.gov	nameserver = a1-22.akam.net.
cia.gov	nameserver = a12-65.akam.net.
cia.gov	nameserver = a22-66.akam.net.
cia.gov	nameserver = a16-67.akam.net.
cia.gov	nameserver = a3-64.akam.net.

Authoritative answers can be found from:

Server:		8.8.8.8
Address:	8.8.8.8#53

Non-authoritative answer:
boeing.com	mail exchanger = 10 clt-mbsin-04.mbs.boeing.net.
boeing.com	mail exchanger = 10 clt-mbsin-03.mbs.boeing.net.
boeing.com	mail exchanger = 10 clt-mbsin-02.mbs.boeing.net.
boeing.com	mail exchanger = 10 clt-mbsin-01.mbs.boeing.net.
boeing.com	mail exchanger = 10 ewa-mbsin-04.mbs.boeing.net.
boeing.com	mail exchanger = 10 ewa-mbsin-03.mbs.boeing.net.
boeing.com	mail exchanger = 10 ewa-mbsin-02.mbs.boeing.net.
boeing.com	mail exchanger = 10 ewa-mbsin-01.mbs.boeing.net.
boeing.com	mail exchanger = 10 phx-mbsin-04.mbs.boeing.net.
boeing.com	mail exchanger = 10 phx-mbsin-03.mbs.boeing.net.
boeing.com	mail exchanger = 10 phx-mbsin-02.mbs.boeing.net.
boeing.com	mail exchanger = 10 phx-mbsin-01.mbs.boeing.net.

Authoritative answers can be found from:

Server:		8.8.8.8
Address:	8.8.8.8#53

Non-authoritative answer:
boeing.com	nameserver = qnydnsxp01.dns.boeing.net.
boeing.com	nameserver = cltdnsxp02.dns.boeing.net.
boeing.com	nameserver = phxdnsxp01.dns.boeing.net.
boeing.com	nameserver = cltdnsxp01.dns.boeing.net.

Authoritative answers can be found from:

Server:		8.8.8.8
Address:	8.8.8.8#53

Non-authoritative answer:
si.edu	mail exchanger = 0 si-edu.mail.protection.outlook.com.

Authoritative answers can be found from:

Server:		8.8.8.8
Address:	8.8.8.8#53

Non-authoritative answer:
si.edu	nameserver = a26-66.akam.net.
si.edu	nameserver = a28-65.akam.net.
si.edu	nameserver = a24-67.akam.net.
si.edu	nameserver = a9-64.akam.net.
si.edu	nameserver = a11-67.akam.net.
si.edu	nameserver = a1-88.akam.net.

Authoritative answers can be found from:

Trying "si.edu"
;; ->>HEADER<<- opcode: QUERY, status: NOERROR, id: 3292
;; flags: qr rd ra; QUERY: 1, ANSWER: 9, AUTHORITY: 0, ADDITIONAL: 0

;; QUESTION SECTION:
;si.edu.				IN	ANY

;; ANSWER SECTION:
si.edu.			3599	IN	MX	0 si-edu.mail.protection.outlook.com.
si.edu.			3599	IN	RRSIG	MX 13 2 3600 20260620072729 20260605062738 59756 si.edu. RoWSHIYcbZ9jKYxsEKcYhwMu/Pq9k3LWWPLloTn6WNy0KMd67yBGVwL0 W5BQvAm6RW3PKmsLrclBl9pla5TKzA==
si.edu.			3599	IN	NS	a24-67.akam.net.
si.edu.			3599	IN	NS	a9-64.akam.net.
si.edu.			3599	IN	NS	a11-67.akam.net.
si.edu.			3599	IN	NS	a1-88.akam.net.
si.edu.			3599	IN	NS	a26-66.akam.net.
si.edu.			3599	IN	NS	a28-65.akam.net.
si.edu.			3599	IN	RRSIG	NS 13 2 3600 20260620064713 20260605064140 59756 si.edu. pdO5/kSnD4Olqv1xBe42F8qt9p7gwGrUhv6YufGgPmhUS2B1I+lwNY/4 w5SbCsrgw7c5o23os0hPy7hKAFdrzQ==

Received 410 bytes from 8.8.8.8#53 in 44 ms
Trying "boeing.com"
Trying "boeing.com"
;; ->>HEADER<<- opcode: QUERY, status: NOERROR, id: 27979
;; flags: qr rd ra; QUERY: 1, ANSWER: 18, AUTHORITY: 0, ADDITIONAL: 0

;; QUESTION SECTION:
;boeing.com.			IN	ANY

;; ANSWER SECTION:
boeing.com.		86063	IN	A	52.223.55.225
boeing.com.		86063	IN	A	35.71.150.154
boeing.com.		86399	IN	MX	10 ewa-mbsin-01.mbs.boeing.net.
boeing.com.		86399	IN	MX	10 phx-mbsin-04.mbs.boeing.net.
boeing.com.		86399	IN	MX	10 phx-mbsin-03.mbs.boeing.net.
boeing.com.		86399	IN	MX	10 phx-mbsin-02.mbs.boeing.net.
boeing.com.		86399	IN	MX	10 phx-mbsin-01.mbs.boeing.net.
boeing.com.		86399	IN	MX	10 clt-mbsin-04.mbs.boeing.net.
boeing.com.		86399	IN	MX	10 clt-mbsin-03.mbs.boeing.net.
boeing.com.		86399	IN	MX	10 clt-mbsin-02.mbs.boeing.net.
boeing.com.		86399	IN	MX	10 clt-mbsin-01.mbs.boeing.net.
boeing.com.		86399	IN	MX	10 ewa-mbsin-04.mbs.boeing.net.
boeing.com.		86399	IN	MX	10 ewa-mbsin-03.mbs.boeing.net.
boeing.com.		86399	IN	MX	10 ewa-mbsin-02.mbs.boeing.net.
boeing.com.		86399	IN	NS	qnydnsxp01.dns.boeing.net.
boeing.com.		86399	IN	NS	cltdnsxp02.dns.boeing.net.
boeing.com.		86399	IN	NS	phxdnsxp01.dns.boeing.net.
boeing.com.		86399	IN	NS	cltdnsxp01.dns.boeing.net.

Received 526 bytes from 8.8.8.8#53 in 44 ms

; <<>> DiG 9.20.23 <<>> +trace ice.gov
;; global options: +cmd
.			86062	IN	NS	b.root-servers.net.
.			86062	IN	NS	k.root-servers.net.
.			86062	IN	NS	i.root-servers.net.
.			86062	IN	NS	m.root-servers.net.
.			86062	IN	NS	e.root-servers.net.
.			86062	IN	NS	g.root-servers.net.
.			86062	IN	NS	c.root-servers.net.
.			86062	IN	NS	a.root-servers.net.
.			86062	IN	NS	l.root-servers.net.
.			86062	IN	NS	j.root-servers.net.
.			86062	IN	NS	f.root-servers.net.
.			86062	IN	NS	h.root-servers.net.
.			86062	IN	NS	d.root-servers.net.
.			86062	IN	RRSIG	NS 8 0 518400 20260630170000 20260617160000 54393 . AwGMNWYqDJWQgC6R204DQ5Ithmax6IO0JOIy5gRarNb/XOYbn1MNP/HL F9P+AA2Cgis59s3mTCd8GcocUKeWyYpvU2JtLExCLv6A/8cPr5rIpl8Y W1ze+EkjkuNymLNaSZnt3NK0+J5bJJAWxaB/BgAR29ee7OQx2SChpYmw 1l2ph0ByqVFTZsYIOZSyaxohBpwTjrJ0jU/AA7LC6DGmfsYSUFoPu88f 87OCxEA90Rk9/3viQz07y1E0LUYGQejlkTlSGI4Bx/fjfaCAVN2IhFkq YiLwEcCWR1A/ARO8eXeukOlGyWeCHp5wL9q2mqPbFoga2S1VyclAljZW Qsczvw==
;; Received 525 bytes from 8.8.8.8#53(8.8.8.8) in 40 ms

;; Received 36 bytes from 199.7.83.42#53(l.root-servers.net) in 244 ms

Server:		8.8.8.8
Address:	8.8.8.8#53

Non-authoritative answer:
*** Can't find ice.gov: No answer

Authoritative answers can be found from:
ice.gov
	origin = max.ns.cloudflare.com
	mail addr = dns.cloudflare.com
	serial = 2407060374
	refresh = 10000
	retry = 2400
	expire = 604800
	minimum = 1800

Server:		8.8.8.8
Address:	8.8.8.8#53

Non-authoritative answer:
ice.gov	nameserver = raina.ns.cloudflare.com.
ice.gov	nameserver = max.ns.cloudflare.com.

Authoritative answers can be found from:

Server:		8.8.8.8
Address:	8.8.8.8#53

Non-authoritative answer:
ethics.lacity.gov	canonical name = main.lacity.gov.edgekey.net.
main.lacity.gov.edgekey.net	canonical name = e123582.dscb.akamaiedge.net.

Authoritative answers can be found from:
dscb.akamaiedge.net
	origin = n0dscb.akamaiedge.net
	mail addr = hostmaster.akamai.com
	serial = 1781727953
	refresh = 1000
	retry = 1000
	expire = 1000
	minimum = 1800

Server:		8.8.8.8
Address:	8.8.8.8#53

Non-authoritative answer:
ethics.lacity.gov	canonical name = main.lacity.gov.edgekey.net.
main.lacity.gov.edgekey.net	canonical name = e123582.dscb.akamaiedge.net.

Authoritative answers can be found from:
dscb.akamaiedge.net
	origin = n0dscb.akamaiedge.net
	mail addr = hostmaster.akamai.com
	serial = 1781727953
	refresh = 1000
	retry = 1000
	expire = 1000
	minimum = 1800

Server:		8.8.8.8
Address:	8.8.8.8#53

Non-authoritative answer:
karenbass.com	mail exchanger = 5 alt1.aspmx.l.google.com.
karenbass.com	mail exchanger = 5 alt2.aspmx.l.google.com.
karenbass.com	mail exchanger = 1 aspmx.l.google.com.
karenbass.com	mail exchanger = 10 alt3.aspmx.l.google.com.
karenbass.com	mail exchanger = 10 alt4.aspmx.l.google.com.

Authoritative answers can be found from:

Server:		8.8.8.8
Address:	8.8.8.8#53

Non-authoritative answer:
karenbass.com	nameserver = nicole.ns.cloudflare.com.
karenbass.com	nameserver = conrad.ns.cloudflare.com.

Authoritative answers can be found from:

Server:		8.8.8.8
Address:	8.8.8.8#53

Non-authoritative answer:
*** Can't find raulclaros.com: No answer

Authoritative answers can be found from:
raulclaros.com
	origin = ns75.domaincontrol.com
	mail addr = dns.jomax.net
	serial = 2026030700
	refresh = 28800
	retry = 7200
	expire = 604800
	minimum = 600

Server:		8.8.8.8
Address:	8.8.8.8#53

Non-authoritative answer:
raulclaros.com	nameserver = ns76.domaincontrol.com.
raulclaros.com	nameserver = ns75.domaincontrol.com.

Authoritative answers can be found from:

raulclaros.com has address 50.6.3.36
la28.org has address 151.101.67.10
la28.org has address 151.101.131.10
la28.org has address 151.101.195.10
la28.org has address 151.101.3.10
la28.org mail is handled by 10 us-smtp-inbound-2.mimecast.com.
la28.org mail is handled by 10 us-smtp-inbound-1.mimecast.com.
Server:		8.8.8.8
Address:	8.8.8.8#53

Non-authoritative answer:
la28.org	mail exchanger = 10 us-smtp-inbound-1.mimecast.com.
la28.org	mail exchanger = 10 us-smtp-inbound-2.mimecast.com.

Authoritative answers can be found from:

Server:		8.8.8.8
Address:	8.8.8.8#53

Non-authoritative answer:
la28.org	nameserver = ns76.domaincontrol.com.
la28.org	nameserver = ns75.domaincontrol.com.

Authoritative answers can be found from:

Server:		8.8.8.8
Address:	8.8.8.8#53

Non-authoritative answer:
usgs.gov	nameserver = ram.ns.cloudflare.com.
usgs.gov	nameserver = chin.ns.cloudflare.com.

Authoritative answers can be found from:

Server:		8.8.8.8
Address:	8.8.8.8#53

Non-authoritative answer:
usgs.gov	mail exchanger = 0 usgs-gov.mail.protection.outlook.com.

Authoritative answers can be found from:


; <<>> DiG 9.20.23 <<>> fifa.com MX
;; global options: +cmd
;; Got answer:
;; ->>HEADER<<- opcode: QUERY, status: NOERROR, id: 64040
;; flags: qr rd ra; QUERY: 1, ANSWER: 0, AUTHORITY: 1, ADDITIONAL: 1

;; OPT PSEUDOSECTION:
; EDNS: version: 0, flags:; udp: 1232
;; QUESTION SECTION:
;fifa.com.			IN	MX

;; AUTHORITY SECTION:
fifa.com.		19	IN	SOA	a1-4.akam.net. admin.fifa.org. 2025011297 3600 600 604800 600

;; Query time: 68 msec
;; SERVER: 8.8.8.8#53(8.8.8.8) (UDP)
;; WHEN: Wed Jun 17 13:25:53 PDT 2026
;; MSG SIZE  rcvd: 100

Server:		8.8.8.8
Address:	8.8.8.8#53

Non-authoritative answer:
bet.com	mail exchanger = 10 mxa-00262c01.gslb.pphosted.com.
bet.com	mail exchanger = 10 mxb-00262c01.gslb.pphosted.com.

Authoritative answers can be found from:


; <<>> DiG 9.20.23 <<>> +trace bet.com MX
;; global options: +cmd
.			86059	IN	NS	b.root-servers.net.
.			86059	IN	NS	k.root-servers.net.
.			86059	IN	NS	i.root-servers.net.
.			86059	IN	NS	m.root-servers.net.
.			86059	IN	NS	e.root-servers.net.
.			86059	IN	NS	g.root-servers.net.
.			86059	IN	NS	c.root-servers.net.
.			86059	IN	NS	a.root-servers.net.
.			86059	IN	NS	l.root-servers.net.
.			86059	IN	NS	j.root-servers.net.
.			86059	IN	NS	f.root-servers.net.
.			86059	IN	NS	h.root-servers.net.
.			86059	IN	NS	d.root-servers.net.
.			86059	IN	RRSIG	NS 8 0 518400 20260630170000 20260617160000 54393 . AwGMNWYqDJWQgC6R204DQ5Ithmax6IO0JOIy5gRarNb/XOYbn1MNP/HL F9P+AA2Cgis59s3mTCd8GcocUKeWyYpvU2JtLExCLv6A/8cPr5rIpl8Y W1ze+EkjkuNymLNaSZnt3NK0+J5bJJAWxaB/BgAR29ee7OQx2SChpYmw 1l2ph0ByqVFTZsYIOZSyaxohBpwTjrJ0jU/AA7LC6DGmfsYSUFoPu88f 87OCxEA90Rk9/3viQz07y1E0LUYGQejlkTlSGI4Bx/fjfaCAVN2IhFkq YiLwEcCWR1A/ARO8eXeukOlGyWeCHp5wL9q2mqPbFoga2S1VyclAljZW Qsczvw==
;; Received 525 bytes from 8.8.8.8#53(8.8.8.8) in 40 ms

;; Received 36 bytes from 193.0.14.129#53(k.root-servers.net) in 36 ms

Server:		8.8.8.8
Address:	8.8.8.8#53

Non-authoritative answer:
bet.com	nameserver = dns1.p09.nsone.net.
bet.com	nameserver = dns4.p09.nsone.net.
bet.com	nameserver = dns3.p09.nsone.net.
bet.com	nameserver = dns2.p09.nsone.net.
bet.com	nameserver = ns0243.secondary.cloudflare.com.
bet.com	nameserver = ns0004.secondary.cloudflare.com.

Authoritative answers can be found from:

bet.com has address 100.28.104.175
bet.com has address 54.157.108.158
bet.com has address 98.83.184.133
bet.com has IPv6 address 2600:1f18:297:ba24:b508:76de:f4a:df34
bet.com has IPv6 address 2600:1f18:297:ba18:6ddc:5d8f:6053:f003
bet.com has IPv6 address 2600:1f18:297:ba0e:7900:f622:48a8:f266
bet.com mail is handled by 10 mxa-00262c01.gslb.pphosted.com.
bet.com mail is handled by 10 mxb-00262c01.gslb.pphosted.com.
Trying "hot97.com"
;; ->>HEADER<<- opcode: QUERY, status: NOERROR, id: 23636
;; flags: qr rd ra; QUERY: 1, ANSWER: 1, AUTHORITY: 0, ADDITIONAL: 0

;; QUESTION SECTION:
;hot97.com.			IN	ANY

;; ANSWER SECTION:
hot97.com.		3600	IN	HINFO	"RFC8482" ""

Received 48 bytes from 8.8.8.8#53 in 188 ms
Server:		8.8.8.8
Address:	8.8.8.8#53

Non-authoritative answer:
hot97.com	nameserver = vivienne.ns.cloudflare.com.
hot97.com	nameserver = denver.ns.cloudflare.com.

Authoritative answers can be found from:

Server:		8.8.8.8
Address:	8.8.8.8#53

Non-authoritative answer:
hot97.com	mail exchanger = 0 hot97-com.mail.protection.outlook.com.

Authoritative answers can be found from:

vsco.co has address 172.64.146.133
vsco.co has address 104.18.41.123
vsco.co has IPv6 address 2a06:98c1:3103::6812:297b
vsco.co has IPv6 address 2a06:98c1:3103::ac40:9285
vsco.co mail is handled by 10 aspmx2.googlemail.com.
vsco.co mail is handled by 10 aspmx3.googlemail.com.
vsco.co mail is handled by 5 alt1.aspmx.l.google.com.
vsco.co mail is handled by 5 alt2.aspmx.l.google.com.
vsco.co mail is handled by 1 aspmx.l.google.com.
Server:		8.8.8.8
Address:	8.8.8.8#53

Non-authoritative answer:
fb.com	nameserver = a.ns.facebook.com.
fb.com	nameserver = c.ns.facebook.com.
fb.com	nameserver = b.ns.facebook.com.
fb.com	nameserver = d.ns.facebook.com.

Authoritative answers can be found from:

Server:		8.8.8.8
Address:	8.8.8.8#53

Non-authoritative answer:
fb.com	mail exchanger = 10 mxb-00082601.gslb.pphosted.com.
fb.com	mail exchanger = 10 mxa-00082601.gslb.pphosted.com.

Authoritative answers can be found from:

Server:		8.8.8.8
Address:	8.8.8.8#53

Non-authoritative answer:
linkedin.com	nameserver = dns3.p09.nsone.net.
linkedin.com	nameserver = dns4.p09.nsone.net.
linkedin.com	nameserver = ns1-42.azure-dns.com.
linkedin.com	nameserver = ns2-42.azure-dns.net.
linkedin.com	nameserver = ns3-42.azure-dns.org.
linkedin.com	nameserver = ns4-42.azure-dns.info.
linkedin.com	nameserver = dns1.p09.nsone.net.
linkedin.com	nameserver = dns2.p09.nsone.net.

Authoritative answers can be found from:

Server:		8.8.8.8
Address:	8.8.8.8#53

Non-authoritative answer:
linkedin.com	mail exchanger = 10 mail-a.linkedin.com.
linkedin.com	mail exchanger = 10 mail-c.linkedin.com.
linkedin.com	mail exchanger = 10 mail-d.linkedin.com.
linkedin.com	mail exchanger = 20 mail.linkedin.com.

Authoritative answers can be found from:

Server:		8.8.8.8
Address:	8.8.8.8#53

Non-authoritative answer:
tiktok.com	mail exchanger = 10 mx1.tiktok.com.
tiktok.com	mail exchanger = 30 mx3.tiktok.com.
tiktok.com	mail exchanger = 20 mx2.tiktok.com.

Authoritative answers can be found from:

Server:		8.8.8.8
Address:	8.8.8.8#53

Non-authoritative answer:
tiktok.com	nameserver = a12-66.akam.net.
tiktok.com	nameserver = a13-67.akam.net.
tiktok.com	nameserver = a1-97.akam.net.
tiktok.com	nameserver = a6-65.akam.net.
tiktok.com	nameserver = a18-64.akam.net.
tiktok.com	nameserver = a9-66.akam.net.

Authoritative answers can be found from:

Server:		8.8.8.8
Address:	8.8.8.8#53

Non-authoritative answer:
distrowatch.com	mail exchanger = 50 mx3.zoho.com.
distrowatch.com	mail exchanger = 20 mx2.zoho.com.
distrowatch.com	mail exchanger = 10 mx.zoho.com.

Authoritative answers can be found from:

Server:		8.8.8.8
Address:	8.8.8.8#53

Non-authoritative answer:
distrowatch.com	nameserver = ns-57-a.gandi.net.
distrowatch.com	nameserver = ns-231-b.gandi.net.
distrowatch.com	nameserver = ns-197-c.gandi.net.

Authoritative answers can be found from:

Trying "wikipedia.org"
;; ->>HEADER<<- opcode: QUERY, status: NOERROR, id: 63520
;; flags: qr rd ra; QUERY: 1, ANSWER: 2, AUTHORITY: 0, ADDITIONAL: 0

;; QUESTION SECTION:
;wikipedia.org.			IN	ANY

;; ANSWER SECTION:
wikipedia.org.		146	IN	A	208.80.153.224
wikipedia.org.		146	IN	AAAA	2620:0:860:ed1a::1

Received 75 bytes from 8.8.8.8#53 in 44 ms
Trying "saxavord.com"
;; ->>HEADER<<- opcode: QUERY, status: NOERROR, id: 29914
;; flags: qr rd ra; QUERY: 1, ANSWER: 7, AUTHORITY: 0, ADDITIONAL: 0

;; QUESTION SECTION:
;saxavord.com.			IN	ANY

;; ANSWER SECTION:
saxavord.com.		86400	IN	NS	ns0.phase8.net.
saxavord.com.		86400	IN	NS	ns1.phase8.net.
saxavord.com.		86400	IN	NS	ns2.phase8.net.
saxavord.com.		86400	IN	TXT	"v=spf1 include:spf.protection.outlook.com include:_spf.elasticemail.com -all"
saxavord.com.		86400	IN	SOA	ns0.phase8.net. support.phase8.net. 2024092001 28800 3600 604800 86400
saxavord.com.		86400	IN	MX	30 saxavord-com.mail.protection.outlook.com.
saxavord.com.		86400	IN	A	178.62.87.176

Received 296 bytes from 8.8.8.8#53 in 792 ms
Server:		8.8.8.8
Address:	8.8.8.8#53

Non-authoritative answer:
facebook.com	nameserver = b.ns.facebook.com.
facebook.com	nameserver = d.ns.facebook.com.
facebook.com	nameserver = a.ns.facebook.com.
facebook.com	nameserver = c.ns.facebook.com.

Authoritative answers can be found from:
d.ns.facebook.com	has AAAA address 2a03:2880:f1fd:c:face:b00c:0:35
d.ns.facebook.com	internet address = 185.89.219.12
a.ns.facebook.com	has AAAA address 2a03:2880:f0fc:c:face:b00c:0:35
a.ns.facebook.com	internet address = 129.134.30.12
c.ns.facebook.com	has AAAA address 2a03:2880:f1fc:c:face:b00c:0:35
c.ns.facebook.com	internet address = 185.89.218.12
b.ns.facebook.com	has AAAA address 2a03:2880:f0fd:c:face:b00c:0:35
b.ns.facebook.com	internet address = 129.134.31.12

Server:		8.8.8.8
Address:	8.8.8.8#53

Non-authoritative answer:
facebook.com	mail exchanger = 10 smtpin.vvv.facebook.com.

Authoritative answers can be found from:

Server:		8.8.8.8
Address:	8.8.8.8#53

Non-authoritative answer:
x.com	nameserver = b.u10.twtrdns.net.
x.com	nameserver = c.r10.twtrdns.net.
x.com	nameserver = c.u10.twtrdns.net.
x.com	nameserver = d.r10.twtrdns.net.
x.com	nameserver = d.u10.twtrdns.net.
x.com	nameserver = a.r10.twtrdns.net.
x.com	nameserver = a.u10.twtrdns.net.
x.com	nameserver = b.r10.twtrdns.net.

Authoritative answers can be found from:

Server:		8.8.8.8
Address:	8.8.8.8#53

Non-authoritative answer:
x.com	mail exchanger = 5 alt1.aspmx.l.google.com.
x.com	mail exchanger = 5 alt2.aspmx.l.google.com.
x.com	mail exchanger = 1 aspmx.l.google.com.
x.com	mail exchanger = 10 alt3.aspmx.l.google.com.
x.com	mail exchanger = 10 alt4.aspmx.l.google.com.

Authoritative answers can be found from:

twitter.com has address 162.159.140.229
twitter.com mail is handled by 5 alt1.aspmx.l.google.com.
twitter.com mail is handled by 5 alt2.aspmx.l.google.com.
twitter.com mail is handled by 1 aspmx.l.google.com.
twitter.com mail is handled by 10 alt3.aspmx.l.google.com.
twitter.com mail is handled by 10 alt4.aspmx.l.google.com.
Server:		8.8.8.8
Address:	8.8.8.8#53

Non-authoritative answer:
tumblr.com	nameserver = ns2.tumblr.com.
tumblr.com	nameserver = ns3.tumblr.com.
tumblr.com	nameserver = ns1.tumblr.com.
tumblr.com	nameserver = ns4.tumblr.com.

Authoritative answers can be found from:
ns3.tumblr.com	internet address = 192.0.74.11
ns4.tumblr.com	internet address = 192.0.75.11
ns2.tumblr.com	has AAAA address 2a04:fa87:ffff::c6b5:750b
ns4.tumblr.com	has AAAA address 2620:115:c00f::c000:4b0b
ns3.tumblr.com	has AAAA address 2620:115:c00f::c000:4a0b
ns1.tumblr.com	has AAAA address 2a04:fa87:ffff::c6b5:740b
ns2.tumblr.com	internet address = 198.181.117.11
ns1.tumblr.com	internet address = 198.181.116.11

Server:		8.8.8.8
Address:	8.8.8.8#53

Non-authoritative answer:
tumblr.com	mail exchanger = 1 aspmx.l.google.com.
tumblr.com	mail exchanger = 10 aspmx3.googlemail.com.
tumblr.com	mail exchanger = 10 aspmx2.googlemail.com.
tumblr.com	mail exchanger = 5 alt1.aspmx.l.google.com.
tumblr.com	mail exchanger = 5 alt2.aspmx.l.google.com.

Authoritative answers can be found from:

Server:		8.8.8.8
Address:	8.8.8.8#53

Non-authoritative answer:
essence.com	nameserver = lou.ns.cloudflare.com.
essence.com	nameserver = dahlia.ns.cloudflare.com.

Authoritative answers can be found from:

Server:		8.8.8.8
Address:	8.8.8.8#53

Non-authoritative answer:
essence.com	mail exchanger = 10 us-smtp-inbound-2.mimecast.com.
essence.com	mail exchanger = 10 us-smtp-inbound-1.mimecast.com.

Authoritative answers can be found from:

Server:		8.8.8.8
Address:	8.8.8.8#53

Non-authoritative answer:
ebony.com	nameserver = henrik.ns.cloudflare.com.
ebony.com	nameserver = macy.ns.cloudflare.com.

Authoritative answers can be found from:

Server:		8.8.8.8
Address:	8.8.8.8#53

Non-authoritative answer:
ebony.com	mail exchanger = 0 ebony-com.mail.protection.outlook.com.

Authoritative answers can be found from:

Trying "bsky.app"
;; ->>HEADER<<- opcode: QUERY, status: NOERROR, id: 44770
;; flags: qr rd ra; QUERY: 1, ANSWER: 3, AUTHORITY: 0, ADDITIONAL: 0

;; QUESTION SECTION:
;bsky.app.			IN	ANY

;; ANSWER SECTION:
bsky.app.		38	IN	A	3.23.157.184
bsky.app.		38	IN	A	3.22.160.129
bsky.app.		38	IN	A	16.58.0.181

Received 74 bytes from 8.8.8.8#53 in 44 ms
Server:		8.8.8.8
Address:	8.8.8.8#53

Non-authoritative answer:
cbs.com	nameserver = dns3.p09.nsone.net.
cbs.com	nameserver = dns4.p09.nsone.net.
cbs.com	nameserver = ns0004.secondary.cloudflare.com.
cbs.com	nameserver = ns0243.secondary.cloudflare.com.
cbs.com	nameserver = dns1.p09.nsone.net.
cbs.com	nameserver = dns2.p09.nsone.net.

Authoritative answers can be found from:

Server:		8.8.8.8
Address:	8.8.8.8#53

Non-authoritative answer:
cbs.com	mail exchanger = 0 mxa-00262c01.gslb.pphosted.com.
cbs.com	mail exchanger = 0 mxb-00262c01.gslb.pphosted.com.

Authoritative answers can be found from:

Server:		8.8.8.8
Address:	8.8.8.8#53

Non-authoritative answer:
cbs.com	mail exchanger = 0 mxb-00262c01.gslb.pphosted.com.
cbs.com	mail exchanger = 0 mxa-00262c01.gslb.pphosted.com.
cbs.com	nameserver = dns4.p09.nsone.net.
cbs.com	nameserver = ns0004.secondary.cloudflare.com.
cbs.com	nameserver = ns0243.secondary.cloudflare.com.
cbs.com	nameserver = dns1.p09.nsone.net.
cbs.com	nameserver = dns2.p09.nsone.net.
cbs.com	nameserver = dns3.p09.nsone.net.

Authoritative answers can be found from:


; <<>> DiG 9.20.23 <<>> cbssports.com ALL
;; global options: +cmd
;; Got answer:
;; ->>HEADER<<- opcode: QUERY, status: NOERROR, id: 36166
;; flags: qr rd ra; QUERY: 1, ANSWER: 4, AUTHORITY: 0, ADDITIONAL: 1

;; OPT PSEUDOSECTION:
; EDNS: version: 0, flags:; udp: 1232
;; QUESTION SECTION:
;cbssports.com.			IN	A

;; ANSWER SECTION:
cbssports.com.		300	IN	A	151.101.1.188
cbssports.com.		300	IN	A	151.101.129.188
cbssports.com.		300	IN	A	151.101.193.188
cbssports.com.		300	IN	A	151.101.65.188

;; Query time: 40 msec
;; SERVER: 8.8.8.8#53(8.8.8.8) (UDP)
;; WHEN: Wed Jun 17 13:26:00 PDT 2026
;; MSG SIZE  rcvd: 106

;; Got answer:
;; ->>HEADER<<- opcode: QUERY, status: NXDOMAIN, id: 46125
;; flags: qr rd ra ad; QUERY: 1, ANSWER: 0, AUTHORITY: 1, ADDITIONAL: 1

;; OPT PSEUDOSECTION:
; EDNS: version: 0, flags:; udp: 1232
;; QUESTION SECTION:
;ALL.				IN	A

;; AUTHORITY SECTION:
.			1864	IN	SOA	a.root-servers.net. nstld.verisign-grs.com. 2026061701 1800 900 604800 86400

;; Query time: 40 msec
;; SERVER: 8.8.8.8#53(8.8.8.8) (UDP)
;; WHEN: Wed Jun 17 13:26:00 PDT 2026
;; MSG SIZE  rcvd: 107


; <<>> DiG 9.20.23 <<>> cbssports.com ANY
;; global options: +cmd
;; Got answer:
;; ->>HEADER<<- opcode: QUERY, status: NOERROR, id: 56687
;; flags: qr rd ra; QUERY: 1, ANSWER: 4, AUTHORITY: 0, ADDITIONAL: 1

;; OPT PSEUDOSECTION:
; EDNS: version: 0, flags:; udp: 1232
;; QUESTION SECTION:
;cbssports.com.			IN	ANY

;; ANSWER SECTION:
cbssports.com.		300	IN	A	151.101.129.188
cbssports.com.		300	IN	A	151.101.193.188
cbssports.com.		300	IN	A	151.101.65.188
cbssports.com.		300	IN	A	151.101.1.188

;; Query time: 40 msec
;; SERVER: 8.8.8.8#53(8.8.8.8) (TCP)
;; WHEN: Wed Jun 17 13:26:00 PDT 2026
;; MSG SIZE  rcvd: 106

Server:		8.8.8.8
Address:	8.8.8.8#53

Non-authoritative answer:
nbc.com	nameserver = a7-66.akam.net.
nbc.com	nameserver = a13-66.akam.net.
nbc.com	nameserver = a16-65.akam.net.
nbc.com	nameserver = a2-64.akam.net.
nbc.com	nameserver = a22-64.akam.net.
nbc.com	nameserver = a1-196.akam.net.

Authoritative answers can be found from:

Server:		8.8.8.8
Address:	8.8.8.8#53

Non-authoritative answer:
nbc.com	mail exchanger = 20 mx0a-00176a04.pphosted.com.
nbc.com	mail exchanger = 10 mxa-00176a04.gslb.pphosted.com.
nbc.com	mail exchanger = 10 mxb-00176a04.gslb.pphosted.com.
nbc.com	mail exchanger = 20 mx0b-00176a04.pphosted.com.

Authoritative answers can be found from:

Server:		8.8.8.8
Address:	8.8.8.8#53

Non-authoritative answer:
nbc.com	mail exchanger = 20 mx0b-00176a04.pphosted.com.
nbc.com	mail exchanger = 20 mx0a-00176a04.pphosted.com.
nbc.com	mail exchanger = 10 mxa-00176a04.gslb.pphosted.com.
nbc.com	mail exchanger = 10 mxb-00176a04.gslb.pphosted.com.
nbc.com	nameserver = a1-196.akam.net.
nbc.com	nameserver = a7-66.akam.net.
nbc.com	nameserver = a13-66.akam.net.
nbc.com	nameserver = a16-65.akam.net.
nbc.com	nameserver = a2-64.akam.net.
nbc.com	nameserver = a22-64.akam.net.

Authoritative answers can be found from:


; <<>> DiG 9.20.23 <<>> nbcsports.com ALL
;; global options: +cmd
;; Got answer:
;; ->>HEADER<<- opcode: QUERY, status: NOERROR, id: 61814
;; flags: qr rd ra; QUERY: 1, ANSWER: 2, AUTHORITY: 0, ADDITIONAL: 1

;; OPT PSEUDOSECTION:
; EDNS: version: 0, flags:; udp: 1232
;; QUESTION SECTION:
;nbcsports.com.			IN	A

;; ANSWER SECTION:
nbcsports.com.		20	IN	A	23.47.72.206
nbcsports.com.		20	IN	A	23.47.72.145

;; Query time: 104 msec
;; SERVER: 8.8.8.8#53(8.8.8.8) (UDP)
;; WHEN: Wed Jun 17 13:26:01 PDT 2026
;; MSG SIZE  rcvd: 74

;; Got answer:
;; ->>HEADER<<- opcode: QUERY, status: NXDOMAIN, id: 32206
;; flags: qr rd ra ad; QUERY: 1, ANSWER: 0, AUTHORITY: 1, ADDITIONAL: 1

;; OPT PSEUDOSECTION:
; EDNS: version: 0, flags:; udp: 1232
;; QUESTION SECTION:
;ALL.				IN	A

;; AUTHORITY SECTION:
.			1863	IN	SOA	a.root-servers.net. nstld.verisign-grs.com. 2026061701 1800 900 604800 86400

;; Query time: 40 msec
;; SERVER: 8.8.8.8#53(8.8.8.8) (UDP)
;; WHEN: Wed Jun 17 13:26:01 PDT 2026
;; MSG SIZE  rcvd: 107

Server:		8.8.8.8
Address:	8.8.8.8#53

Non-authoritative answer:
foxnews.com	nameserver = ns01.foxdoua.com.
foxnews.com	nameserver = ns02.foxdoua.com.
foxnews.com	nameserver = ns03.foxdoua.com.
foxnews.com	nameserver = ns04.foxdoua.com.
foxnews.com	nameserver = ns01.dns.fox.
foxnews.com	nameserver = ns02.dns.fox.
foxnews.com	nameserver = ns03.dns.fox.
foxnews.com	nameserver = ns04.dns.fox.

Authoritative answers can be found from:

Server:		8.8.8.8
Address:	8.8.8.8#53

Non-authoritative answer:
foxnews.com	mail exchanger = 10 mxb-00195501.gslb.pphosted.com.
foxnews.com	mail exchanger = 10 mxa-00195501.gslb.pphosted.com.

Authoritative answers can be found from:

Server:		8.8.8.8
Address:	8.8.8.8#53

Non-authoritative answer:
Name:	foxnews.com
Address: 184.29.91.142
foxnews.com	rdata_46 = A 13 2 3600 20260618202810 20260617182810 12196 foxnews.com. WRL2Csqau4ywYkl5t/jdsyjRoKAq+dB+SxmYJFh4aoXpvU8PKvJxutYf 5rqACuG0qD0vQ8PFEkPb3PUsp0Mpvg==
foxnews.com	mail exchanger = 10 mxa-00195501.gslb.pphosted.com.
foxnews.com	mail exchanger = 10 mxb-00195501.gslb.pphosted.com.
foxnews.com	rdata_46 = MX 13 2 7200 20260618212603 20260617192603 12196 foxnews.com. OewIGDu/4pxei1998xqqe/CaPT90+MVqbdktYnjInHYAU8wIsNlxD8e1 aCfDPu0tqW44UUbN92coCkFFZh/P9w==
foxnews.com	nameserver = ns03.foxdoua.com.
foxnews.com	nameserver = ns04.foxdoua.com.
foxnews.com	nameserver = ns01.dns.fox.
foxnews.com	nameserver = ns02.dns.fox.
foxnews.com	nameserver = ns03.dns.fox.
foxnews.com	nameserver = ns04.dns.fox.
foxnews.com	nameserver = ns01.foxdoua.com.
foxnews.com	nameserver = ns02.foxdoua.com.
foxnews.com	rdata_46 = NS 13 2 86400 20260618212603 20260617192603 12196 foxnews.com. 2qMd6fbOmlXgdM6iuW/C+ZmXLc72MXtYhiIRqe07H1KzLnjZYCMKdZBq QNZl+VfP3BRLC5bCmQBTbVp66d9RpQ==

Authoritative answers can be found from:

fox.com has address 75.2.43.150
fox.com has address 99.83.186.106
fox.com mail is handled by 10 mxa-00195501.gslb.pphosted.com.
fox.com mail is handled by 10 mxb-00195501.gslb.pphosted.com.
Server:		8.8.8.8
Address:	8.8.8.8#53

Non-authoritative answer:
abc.com	nameserver = ns-318.awsdns-39.com.
abc.com	nameserver = ns-736.awsdns-28.net.
abc.com	nameserver = ns-1368.awsdns-43.org.
abc.com	nameserver = ns-1869.awsdns-41.co.uk.

Authoritative answers can be found from:

Server:		8.8.8.8
Address:	8.8.8.8#53

Non-authoritative answer:
abc.com	mail exchanger = 5 abc-com.mail.protection.outlook.com.

Authoritative answers can be found from:

Server:		8.8.8.8
Address:	8.8.8.8#53

Non-authoritative answer:
Name:	abc.com
Address: 52.84.199.106
Name:	abc.com
Address: 52.84.199.27
Name:	abc.com
Address: 52.84.199.56
Name:	abc.com
Address: 52.84.199.73
abc.com	mail exchanger = 5 abc-com.mail.protection.outlook.com.
abc.com	nameserver = ns-318.awsdns-39.com.
abc.com	nameserver = ns-736.awsdns-28.net.
abc.com	nameserver = ns-1368.awsdns-43.org.
abc.com	nameserver = ns-1869.awsdns-41.co.uk.

Authoritative answers can be found from:

Server:		8.8.8.8
Address:	8.8.8.8#53

Non-authoritative answer:
lacourt.ca.gov	mail exchanger = 1 lacourt-ca-gov.mail.protection.outlook.com.

Authoritative answers can be found from:

Server:		8.8.8.8
Address:	8.8.8.8#53

Non-authoritative answer:
lacourt.ca.gov	nameserver = keaton.ns.cloudflare.com.
lacourt.ca.gov	nameserver = kelly.ns.cloudflare.com.

Authoritative answers can be found from:

Server:		8.8.8.8
Address:	8.8.8.8#53

Non-authoritative answer:
lacourt.org	nameserver = ns18.domaincontrol.com.
lacourt.org	nameserver = ns17.domaincontrol.com.

Authoritative answers can be found from:

Server:		8.8.8.8
Address:	8.8.8.8#53

Non-authoritative answer:
lacourt.org	mail exchanger = 0 lacourt-org.mail.protection.outlook.com.

Authoritative answers can be found from:

Server:		8.8.8.8
Address:	8.8.8.8#53

Non-authoritative answer:
nasa.gov	mail exchanger = 0 nasa-gov.mail.protection.outlook.com.

Authoritative answers can be found from:

Server:		8.8.8.8
Address:	8.8.8.8#53

Non-authoritative answer:
nasa.gov	nameserver = a5-66.akam.net.
nasa.gov	nameserver = a9-64.akam.net.
nasa.gov	nameserver = a12-64.akam.net.
nasa.gov	nameserver = a8-66.akam.net.
nasa.gov	nameserver = a14-67.akam.net.
nasa.gov	nameserver = a1-32.akam.net.

Authoritative answers can be found from:

Server:		8.8.8.8
Address:	8.8.8.8#53

Non-authoritative answer:
flylax.com	nameserver = vwuscoreinfo03.lawa.org.
flylax.com	nameserver = vlasns1.lawa.org.
flylax.com	nameserver = vlaxnashns1.lawa.org.
flylax.com	nameserver = veuscoreinfo03.lawa.org.

Authoritative answers can be found from:

Server:		8.8.8.8
Address:	8.8.8.8#53

Non-authoritative answer:
flylax.com	mail exchanger = 10 inbound-smtp.us-east-1.amazonaws.com.

Authoritative answers can be found from:

Server:		8.8.8.8
Address:	8.8.8.8#53

Non-authoritative answer:
cia.gov	mail exchanger = 10 mail3.cia.gov.
cia.gov	mail exchanger = 10 mail4.cia.gov.

Authoritative answers can be found from:

Server:		8.8.8.8
Address:	8.8.8.8#53

Non-authoritative answer:
cia.gov	nameserver = a3-64.akam.net.
cia.gov	nameserver = a13-65.akam.net.
cia.gov	nameserver = a1-22.akam.net.
cia.gov	nameserver = a12-65.akam.net.
cia.gov	nameserver = a22-66.akam.net.
cia.gov	nameserver = a16-67.akam.net.

Authoritative answers can be found from:

Server:		8.8.8.8
Address:	8.8.8.8#53

Non-authoritative answer:
google.com	mail exchanger = 10 smtp.google.com.

Authoritative answers can be found from:

Server:		8.8.8.8
Address:	8.8.8.8#53

Non-authoritative answer:
google.com	nameserver = ns2.google.com.
google.com	nameserver = ns1.google.com.
google.com	nameserver = ns4.google.com.
google.com	nameserver = ns3.google.com.

Authoritative answers can be found from:
ns2.google.com	internet address = 216.239.34.10
ns2.google.com	has AAAA address 2001:4860:4802:34::a
ns1.google.com	internet address = 216.239.32.10
ns1.google.com	has AAAA address 2001:4860:4802:32::a
ns4.google.com	internet address = 216.239.38.10
ns4.google.com	has AAAA address 2001:4860:4802:38::a
ns3.google.com	internet address = 216.239.36.10
ns3.google.com	has AAAA address 2001:4860:4802:36::a

Server:		8.8.8.8
Address:	8.8.8.8#53

Non-authoritative answer:
fbi.gov	nameserver = ns-cloud-e4.googledomains.com.
fbi.gov	nameserver = ns-cloud-e1.googledomains.com.
fbi.gov	nameserver = ns-cloud-e3.googledomains.com.
fbi.gov	nameserver = ns-cloud-e2.googledomains.com.

Authoritative answers can be found from:

Server:		8.8.8.8
Address:	8.8.8.8#53

Non-authoritative answer:
fbi.gov	mail exchanger = 20 mx-west.fbi.gov.
fbi.gov	mail exchanger = 10 mx-east.fbi.gov.

Authoritative answers can be found from:

Server:		8.8.8.8
Address:	8.8.8.8#53

Non-authoritative answer:
epa.gov	mail exchanger = 0 usepa.mail.protection.outlook.com.

Authoritative answers can be found from:

Server:		8.8.8.8
Address:	8.8.8.8#53

Non-authoritative answer:
epa.gov	nameserver = dcns1.epa.gov.
epa.gov	nameserver = nccns2.epa.gov.
epa.gov	nameserver = dcns2.epa.gov.
epa.gov	nameserver = nccns1.epa.gov.

Authoritative answers can be found from:
dcns1.epa.gov	internet address = 161.80.212.5
nccns1.epa.gov	internet address = 134.67.12.5
dcns1.epa.gov	has AAAA address 2620:117:5071:d4::f005
nccns1.epa.gov	has AAAA address 2620:117:506f:c::f005

Server:		8.8.8.8
Address:	8.8.8.8#53

Non-authoritative answer:
lacoe.edu	nameserver = pws.lacoe.edu.
lacoe.edu	nameserver = nccunix.lacoe.edu.
lacoe.edu	nameserver = dns4.lacoe.edu.
lacoe.edu	nameserver = netmgr.lacoe.edu.

Authoritative answers can be found from:
netmgr.lacoe.edu	internet address = 156.3.1.3
pws.lacoe.edu	internet address = 156.3.1.1
nccunix.lacoe.edu	internet address = 156.3.1.8
dns4.lacoe.edu	internet address = 209.147.28.1

Server:		8.8.8.8
Address:	8.8.8.8#53

Non-authoritative answer:
lacoe.edu	mail exchanger = 0 lacoe-edu.mail.protection.outlook.com.

Authoritative answers can be found from:

Server:		8.8.8.8
Address:	8.8.8.8#53

Non-authoritative answer:
jw.org	nameserver = a22-67.akam.net.
jw.org	nameserver = a7-66.akam.net.
jw.org	nameserver = a1-141.akam.net.
jw.org	nameserver = a28-65.akam.net.
jw.org	nameserver = a26-64.akam.net.
jw.org	nameserver = a11-66.akam.net.

Authoritative answers can be found from:

Server:		8.8.8.8
Address:	8.8.8.8#53

Non-authoritative answer:
jw.org	mail exchanger = 10 jw-org.mail.protection.outlook.com.

Authoritative answers can be found from:

Server:		8.8.8.8
Address:	8.8.8.8#53

Non-authoritative answer:
azbec.org	mail exchanger = 0 azbec-org.mail.protection.outlook.com.

Authoritative answers can be found from:

Server:		8.8.8.8
Address:	8.8.8.8#53

Non-authoritative answer:
azbec.org	nameserver = ns52.domaincontrol.com.
azbec.org	nameserver = ns51.domaincontrol.com.

Authoritative answers can be found from:

Server:		8.8.8.8
Address:	8.8.8.8#53

Non-authoritative answer:
noaa.gov	mail exchanger = 40 ALT4.ASPMX.L.GOOGLE.COM.
noaa.gov	mail exchanger = 20 ALT2.ASPMX.L.GOOGLE.COM.
noaa.gov	mail exchanger = 40 ALT3.ASPMX.L.GOOGLE.COM.
noaa.gov	mail exchanger = 10 ASPMX.L.GOOGLE.COM.
noaa.gov	mail exchanger = 20 ALT1.ASPMX.L.GOOGLE.COM.

Authoritative answers can be found from:

Server:		8.8.8.8
Address:	8.8.8.8#53

Non-authoritative answer:
noaa.gov	nameserver = ns-01.noaa.gov.
noaa.gov	nameserver = ns-03.noaa.gov.
noaa.gov	nameserver = ns-02.noaa.gov.

Authoritative answers can be found from:
ns-01.noaa.gov	internet address = 137.75.116.93
ns-02.noaa.gov	internet address = 137.75.112.7
ns-01.noaa.gov	has AAAA address 2610:20:9200:0:137:75:116:93
ns-02.noaa.gov	has AAAA address 2610:20:9300:0:137:75:112:7

Server:		8.8.8.8
Address:	8.8.8.8#53

Non-authoritative answer:
aia-aerospace.org	nameserver = miles.ns.cloudflare.com.
aia-aerospace.org	nameserver = chelsea.ns.cloudflare.com.

Authoritative answers can be found from:

Server:		8.8.8.8
Address:	8.8.8.8#53

Non-authoritative answer:
aia-aerospace.org	mail exchanger = 0 mx2-us1.ppe-hosted.com.
aia-aerospace.org	mail exchanger = 0 mx1-us1.ppe-hosted.com.

Authoritative answers can be found from:

Server:		8.8.8.8
Address:	8.8.8.8#53

Non-authoritative answer:
rocketlabcorp.com	nameserver = luciana.ns.cloudflare.com.
rocketlabcorp.com	nameserver = moura.ns.cloudflare.com.

Authoritative answers can be found from:

Server:		8.8.8.8
Address:	8.8.8.8#53

Non-authoritative answer:
rocketlabcorp.com	mail exchanger = 0 rocketlabcorp-com.mail.protection.office365.us.

Authoritative answers can be found from:

Server:		8.8.8.8
Address:	8.8.8.8#53

Non-authoritative answer:
rtx.com	nameserver = algin.ns.cloudflare.com.
rtx.com	nameserver = aria.ns.cloudflare.com.

Authoritative answers can be found from:

Server:		8.8.8.8
Address:	8.8.8.8#53

Non-authoritative answer:
rtx.com	mail exchanger = 10 mxa-00105402.gslb.gpphosted.com.
rtx.com	mail exchanger = 10 mxb-00105402.gslb.gpphosted.com.

Authoritative answers can be found from:

Server:		8.8.8.8
Address:	8.8.8.8#53

Non-authoritative answer:
lacity.org	nameserver = ns1.dnsmadeeasy.com.
lacity.org	nameserver = ns0.dnsmadeeasy.com.
lacity.org	nameserver = ns2.dnsmadeeasy.com.
lacity.org	nameserver = ns4.dnsmadeeasy.com.
lacity.org	nameserver = ns3.dnsmadeeasy.com.

Authoritative answers can be found from:

Server:		8.8.8.8
Address:	8.8.8.8#53

Non-authoritative answer:
lacity.org	mail exchanger = 5 alt2.aspmx.l.google.com.
lacity.org	mail exchanger = 10 alt3.aspmx.l.google.com.
lacity.org	mail exchanger = 5 alt1.aspmx.l.google.com.
lacity.org	mail exchanger = 10 alt4.aspmx.l.google.com.
lacity.org	mail exchanger = 1 aspmx.l.google.com.

Authoritative answers can be found from:

Server:		8.8.8.8
Address:	8.8.8.8#53

Non-authoritative answer:
lacity.gov	mail exchanger = 10 alt3.aspmx.l.google.com.
lacity.gov	mail exchanger = 10 alt4.aspmx.l.google.com.
lacity.gov	mail exchanger = 1 aspmx.l.google.com.
lacity.gov	mail exchanger = 5 alt1.aspmx.l.google.com.
lacity.gov	mail exchanger = 5 alt2.aspmx.l.google.com.

Authoritative answers can be found from:

Server:		8.8.8.8
Address:	8.8.8.8#53

Non-authoritative answer:
lacity.gov	nameserver = ns4.dnsmadeeasy.com.
lacity.gov	nameserver = ns1.dnsmadeeasy.com.
lacity.gov	nameserver = ns0.dnsmadeeasy.com.
lacity.gov	nameserver = ns3.dnsmadeeasy.com.
lacity.gov	nameserver = ns2.dnsmadeeasy.com.

Authoritative answers can be found from:

Server:		8.8.8.8
Address:	8.8.8.8#53

Non-authoritative answer:
santamonica.gov	nameserver = ns-1577.awsdns-05.co.uk.
santamonica.gov	nameserver = ns-587.awsdns-09.net.
santamonica.gov	nameserver = ns-1421.awsdns-49.org.
santamonica.gov	nameserver = ns-156.awsdns-19.com.

Authoritative answers can be found from:

Server:		8.8.8.8
Address:	8.8.8.8#53

Non-authoritative answer:
santamonica.gov	mail exchanger = 10 mxa-00399d01.gslb.pphosted.com.
santamonica.gov	mail exchanger = 10 mxb-00399d01.gslb.pphosted.com.

Authoritative answers can be found from:

Server:		8.8.8.8
Address:	8.8.8.8#53

Non-authoritative answer:
longbeach.gov	nameserver = a8.uberns.com.
longbeach.gov	nameserver = b8.uberns.com.
longbeach.gov	nameserver = dns01.ci.long-beach.ca.us.
longbeach.gov	nameserver = dns02.ci.long-beach.ca.us.

Authoritative answers can be found from:

Server:		8.8.8.8
Address:	8.8.8.8#53

Non-authoritative answer:
longbeach.gov	mail exchanger = 10 mxb-00539a01.gslb.pphosted.com.
longbeach.gov	mail exchanger = 10 mxa-00539a01.gslb.pphosted.com.

Authoritative answers can be found from:

Server:		8.8.8.8
Address:	8.8.8.8#53

Non-authoritative answer:
lapl.org	mail exchanger = 2 alt1.aspmx.l.google.com.
lapl.org	mail exchanger = 1 aspmx.l.google.com.
lapl.org	mail exchanger = 3 alt4.aspmx.l.google.com.
lapl.org	mail exchanger = 3 alt3.aspmx.l.google.com.
lapl.org	mail exchanger = 2 alt2.aspmx.l.google.com.

Authoritative answers can be found from:

Server:		8.8.8.8
Address:	8.8.8.8#53

Non-authoritative answer:
lapl.org	mail exchanger = 3 alt3.aspmx.l.google.com.
lapl.org	mail exchanger = 2 alt2.aspmx.l.google.com.
lapl.org	mail exchanger = 2 alt1.aspmx.l.google.com.
lapl.org	mail exchanger = 1 aspmx.l.google.com.
lapl.org	mail exchanger = 3 alt4.aspmx.l.google.com.

Authoritative answers can be found from:

Server:		8.8.8.8
Address:	8.8.8.8#53

Non-authoritative answer:
georgia.gov	nameserver = sogns2.state.ga.us.
georgia.gov	nameserver = sogns1.state.ga.us.

Authoritative answers can be found from:

Server:		8.8.8.8
Address:	8.8.8.8#53

Non-authoritative answer:
georgia.gov	mail exchanger = 10 mxb-003fd101.gslb.pphosted.com.
georgia.gov	mail exchanger = 10 mxa-003fd101.gslb.pphosted.com.

Authoritative answers can be found from:

Server:		8.8.8.8
Address:	8.8.8.8#53

Non-authoritative answer:
earthlink.net	mail exchanger = 5 mx04.earthlink-vadesecure.net.
earthlink.net	mail exchanger = 5 mx01.earthlink-vadesecure.net.
earthlink.net	mail exchanger = 5 mx02.earthlink-vadesecure.net.
earthlink.net	mail exchanger = 5 mx03.earthlink-vadesecure.net.

Authoritative answers can be found from:

Server:		8.8.8.8
Address:	8.8.8.8#53

Non-authoritative answer:
earthlink.net	nameserver = rihana.ns.cloudflare.com.
earthlink.net	nameserver = carl.ns.cloudflare.com.

Authoritative answers can be found from:

Server:		8.8.8.8
Address:	8.8.8.8#53

Non-authoritative answer:
waterandpower.org	mail exchanger = 120 mx4c38.carrierzone.com.
waterandpower.org	mail exchanger = 10 mx1c38.carrierzone.com.
waterandpower.org	mail exchanger = 100 mx2c38.carrierzone.com.
waterandpower.org	mail exchanger = 110 mx3c38.carrierzone.com.

Authoritative answers can be found from:

Server:		8.8.8.8
Address:	8.8.8.8#53

Non-authoritative answer:
waterandpower.org	nameserver = dns2.earthlink.net.
waterandpower.org	nameserver = dns1.earthlink.net.
waterandpower.org	nameserver = dns3.earthlink.net.

Authoritative answers can be found from:

Server:		8.8.8.8
Address:	8.8.8.8#53

Non-authoritative answer:
level3.net	mail exchanger = 10 mx0a-007e5801.pphosted.com.
level3.net	mail exchanger = 10 mx0b-007e5801.pphosted.com.

Authoritative answers can be found from:

Server:		8.8.8.8
Address:	8.8.8.8#53

Non-authoritative answer:
level3.net	nameserver = dnsmgr2.level3.net.
level3.net	nameserver = ns1.level3.net.
level3.net	nameserver = ns2.level3.net.

Authoritative answers can be found from:
ns1.level3.net	internet address = 209.244.0.1
ns2.level3.net	internet address = 209.244.0.2
dnsmgr2.level3.net	internet address = 4.33.106.105

Server:		8.8.8.8
Address:	8.8.8.8#53

Non-authoritative answer:
fultoncountyga.gov	nameserver = ns3.cl.bellsouth.net.
fultoncountyga.gov	nameserver = ns1.cl.bellsouth.net.
fultoncountyga.gov	nameserver = ns2.cl.bellsouth.net.

Authoritative answers can be found from:

;; communications error to 8.8.8.8#53: timed out
Server:		8.8.8.8
Address:	8.8.8.8#53

Non-authoritative answer:
fultoncountyga.gov	mail exchanger = 10 mxa-0032a901.gslb.pphosted.com.
fultoncountyga.gov	mail exchanger = 10 mxb-0032a901.gslb.pphosted.com.

Authoritative answers can be found from:

Server:		8.8.8.8
Address:	8.8.8.8#53

Non-authoritative answer:
atlantaga.gov	nameserver = ns1.cl.bellsouth.net.
atlantaga.gov	nameserver = ns2.cl.bellsouth.net.
atlantaga.gov	nameserver = ns3.cl.bellsouth.net.
atlantaga.gov	nameserver = cbru.br.ns.els-gms.att.net.
atlantaga.gov	nameserver = cmtu.mt.ns.els-gms.att.net.

Authoritative answers can be found from:

Server:		8.8.8.8
Address:	8.8.8.8#53

Non-authoritative answer:
atlantaga.gov	mail exchanger = 0 mxa-003fa601.gslb.pphosted.com.
atlantaga.gov	mail exchanger = 0 mxb-003fa601.gslb.pphosted.com.

Authoritative answers can be found from:

Server:		8.8.8.8
Address:	8.8.8.8#53

Non-authoritative answer:
*** Can't find whitehouse.gov: No answer

Authoritative answers can be found from:
whitehouse.gov
	origin = ernest.ns.cloudflare.com
	mail addr = dns.cloudflare.com
	serial = 2406740989
	refresh = 10000
	retry = 2400
	expire = 604800
	minimum = 1800

Server:		8.8.8.8
Address:	8.8.8.8#53

Non-authoritative answer:
whitehouse.gov	nameserver = wally.ns.cloudflare.com.
whitehouse.gov	nameserver = ernest.ns.cloudflare.com.

Authoritative answers can be found from:

Server:		8.8.8.8
Address:	8.8.8.8#53

Non-authoritative answer:
metro.net	mail exchanger = 10 metro-net.mail.protection.outlook.com.

Authoritative answers can be found from:

Server:		8.8.8.8
Address:	8.8.8.8#53

Non-authoritative answer:
metro.net	nameserver = ns2.dnsmadeeasy.com.
metro.net	nameserver = ns0.dnsmadeeasy.com.
metro.net	nameserver = ns3.dnsmadeeasy.com.
metro.net	nameserver = ns4.dnsmadeeasy.com.
metro.net	nameserver = ns1.dnsmadeeasy.com.

Authoritative answers can be found from:

Server:		8.8.8.8
Address:	8.8.8.8#53

Non-authoritative answer:
amtrack.com	nameserver = ns48.domaincontrol.com.
amtrack.com	nameserver = ns47.domaincontrol.com.

Authoritative answers can be found from:

Server:		8.8.8.8
Address:	8.8.8.8#53

Non-authoritative answer:
*** Can't find amtrack.com: No answer

Authoritative answers can be found from:
amtrack.com
	origin = ns47.domaincontrol.com
	mail addr = dns.jomax.net
	serial = 2025120906
	refresh = 28800
	retry = 7200
	expire = 604800
	minimum = 600

Server:		8.8.8.8
Address:	8.8.8.8#53

Non-authoritative answer:
bigbluebus.com	nameserver = ns-651.awsdns-17.net.
bigbluebus.com	nameserver = ns-1032.awsdns-01.org.
bigbluebus.com	nameserver = ns-1857.awsdns-40.co.uk.
bigbluebus.com	nameserver = ns-495.awsdns-61.com.

Authoritative answers can be found from:

Server:		8.8.8.8
Address:	8.8.8.8#53

Non-authoritative answer:
ladottransit.com	mail exchanger = 0 mx1.mailchannels.net.
ladottransit.com	mail exchanger = 0 mx2.mailchannels.net.

Authoritative answers can be found from:

Server:		8.8.8.8
Address:	8.8.8.8#53

Non-authoritative answer:
bigbluebus.com	nameserver = ns-651.awsdns-17.net.
bigbluebus.com	nameserver = ns-1032.awsdns-01.org.
bigbluebus.com	nameserver = ns-1857.awsdns-40.co.uk.
bigbluebus.com	nameserver = ns-495.awsdns-61.com.

Authoritative answers can be found from:

Server:		8.8.8.8
Address:	8.8.8.8#53

Non-authoritative answer:
ladottransit.com	mail exchanger = 0 mx1.mailchannels.net.
ladottransit.com	mail exchanger = 0 mx2.mailchannels.net.

Authoritative answers can be found from:

Server:		8.8.8.8
Address:	8.8.8.8#53

Non-authoritative answer:
lapdonline.org	mail exchanger = 10 lapdonline-org.mail.protection.outlook.com.

Authoritative answers can be found from:

Server:		8.8.8.8
Address:	8.8.8.8#53

Non-authoritative answer:
lapdonline.org	nameserver = ns3-02.azuregov-dns.us.
lapdonline.org	nameserver = ns4-02.azuregov-dns.us.
lapdonline.org	nameserver = ns1-02.azuregov-dns.us.
lapdonline.org	nameserver = ns2-02.azuregov-dns.us.

Authoritative answers can be found from:

Server:		8.8.8.8
Address:	8.8.8.8#53

Non-authoritative answer:
lacounty.gov	nameserver = lrci-ib-e03.isd.lacounty.gov.
lacounty.gov	nameserver = lrci-ib-e04.isd.lacounty.gov.
lacounty.gov	nameserver = dci-ib-e01.isd.lacounty.gov.
lacounty.gov	nameserver = dci-ib-e02.isd.lacounty.gov.

Authoritative answers can be found from:

;; communications error to 8.8.8.8#53: timed out
Server:		8.8.8.8
Address:	8.8.8.8#53

Non-authoritative answer:
lacounty.gov	mail exchanger = 10 mxa-002da105.gslb.pphosted.com.
lacounty.gov	mail exchanger = 10 mxb-002da105.gslb.pphosted.com.

Authoritative answers can be found from:

Server:		8.8.8.8
Address:	8.8.8.8#53

Non-authoritative answer:
commerce.gov	nameserver = max.ns.cloudflare.com.
commerce.gov	nameserver = cecelia.ns.cloudflare.com.

Authoritative answers can be found from:

Server:		8.8.8.8
Address:	8.8.8.8#53

Non-authoritative answer:
commerce.gov	mail exchanger = 0 commerce-gov.mail.protection.outlook.com.

Authoritative answers can be found from:

Server:		8.8.8.8
Address:	8.8.8.8#53

Non-authoritative answer:
polb.com	nameserver = a5-67.akam.net.
polb.com	nameserver = a14-64.akam.net.
polb.com	nameserver = a22-67.akam.net.
polb.com	nameserver = a1-172.akam.net.
polb.com	nameserver = a28-65.akam.net.
polb.com	nameserver = a9-67.akam.net.

Authoritative answers can be found from:

Server:		8.8.8.8
Address:	8.8.8.8#53

Non-authoritative answer:
polb.com	mail exchanger = 5 us-smtp-inbound-2.mimecast.com.
polb.com	mail exchanger = 5 us-smtp-inbound-1.mimecast.com.

Authoritative answers can be found from:

Server:		8.8.8.8
Address:	8.8.8.8#53

Non-authoritative answer:
wellsfargo.com	mail exchanger = 10 mxb-00004003.gslb.pphosted.com.
wellsfargo.com	mail exchanger = 10 mxa-00004003.gslb.pphosted.com.

Authoritative answers can be found from:

Server:		8.8.8.8
Address:	8.8.8.8#53

Non-authoritative answer:
wellsfargo.com	nameserver = a2-64.akam.net.
wellsfargo.com	nameserver = edns1.ultradns.net.
wellsfargo.com	nameserver = a24-66.akam.net.
wellsfargo.com	nameserver = edns1.ultradns.com.
wellsfargo.com	nameserver = edns1.ultradns.biz.
wellsfargo.com	nameserver = a1-189.akam.net.
wellsfargo.com	nameserver = edns1.ultradns.org.

Authoritative answers can be found from:

Server:		8.8.8.8
Address:	8.8.8.8#53

Non-authoritative answer:
musiccenter.org	nameserver = ns98.worldnic.com.
musiccenter.org	nameserver = ns97.worldnic.com.

Authoritative answers can be found from:

Server:		8.8.8.8
Address:	8.8.8.8#53

Non-authoritative answer:
musiccenter.org	mail exchanger = 10 musiccenter-org.mail.protection.outlook.com.

Authoritative answers can be found from:

Server:		8.8.8.8
Address:	8.8.8.8#53

Non-authoritative answer:
laopera.org	nameserver = ns63.domaincontrol.com.
laopera.org	nameserver = ns64.domaincontrol.com.

Authoritative answers can be found from:

Server:		8.8.8.8
Address:	8.8.8.8#53

Non-authoritative answer:
laopera.org	mail exchanger = 0 laopera-org.mail.protection.outlook.com.

Authoritative answers can be found from:

Server:		8.8.8.8
Address:	8.8.8.8#53

Non-authoritative answer:
fire.ca.gov	nameserver = keaton.ns.cloudflare.com.
fire.ca.gov	nameserver = kelly.ns.cloudflare.com.

Authoritative answers can be found from:

Server:		8.8.8.8
Address:	8.8.8.8#53

Non-authoritative answer:
ca.gov	nameserver = asa.ns.cloudflare.com.
ca.gov	nameserver = chase.ns.cloudflare.com.

Authoritative answers can be found from:

Server:		8.8.8.8
Address:	8.8.8.8#53

Non-authoritative answer:
ca.gov	mail exchanger = 50 state-ca-gov.mail.protection.outlook.com.

Authoritative answers can be found from:

Server:		8.8.8.8
Address:	8.8.8.8#53

Non-authoritative answer:
fire.ca.gov	mail exchanger = 10 mxb-009ae101.gslb.pphosted.com.
fire.ca.gov	mail exchanger = 10 mxa-009ae101.gslb.pphosted.com.

Authoritative answers can be found from:

Server:		8.8.8.8
Address:	8.8.8.8#53

Non-authoritative answer:
stfranciscenterla.org	nameserver = cameron.ns.cloudflare.com.
stfranciscenterla.org	nameserver = rachel.ns.cloudflare.com.

Authoritative answers can be found from:

Server:		8.8.8.8
Address:	8.8.8.8#53

Non-authoritative answer:
stfranciscenterla.org	mail exchanger = 30 mx30.antispam.mailspamprotection.com.
stfranciscenterla.org	mail exchanger = 10 mx10.antispam.mailspamprotection.com.
stfranciscenterla.org	mail exchanger = 20 mx20.antispam.mailspamprotection.com.

Authoritative answers can be found from:

Server:		8.8.8.8
Address:	8.8.8.8#53

Non-authoritative answer:
state.gov	mail exchanger = 10 usdos.mail.protection.outlook.com.

Authoritative answers can be found from:

Server:		8.8.8.8
Address:	8.8.8.8#53

Non-authoritative answer:
state.gov	nameserver = a9-64.akam.net.
state.gov	nameserver = a14-64.akam.net.
state.gov	nameserver = a1-63.akam.net.
state.gov	nameserver = a8-67.akam.net.
state.gov	nameserver = a3-66.akam.net.
state.gov	nameserver = a26-65.akam.net.

Authoritative answers can be found from:

Server:		8.8.8.8
Address:	8.8.8.8#53

Non-authoritative answer:
cedars-sinai.org	nameserver = ns1.csmc.edu.
cedars-sinai.org	nameserver = ns2.csmc.edu.

Authoritative answers can be found from:

Server:		8.8.8.8
Address:	8.8.8.8#53

Non-authoritative answer:
cedars-sinai.org	mail exchanger = 10 mxb-00260502.gslb.pphosted.com.
cedars-sinai.org	mail exchanger = 10 mxa-00260502.gslb.pphosted.com.

Authoritative answers can be found from:

Server:		8.8.8.8
Address:	8.8.8.8#53

Non-authoritative answer:
embassyeritrea.org	nameserver = ns-1638.awsdns-12.co.uk.
embassyeritrea.org	nameserver = ns-26.awsdns-03.com.
embassyeritrea.org	nameserver = ns-983.awsdns-58.net.
embassyeritrea.org	nameserver = ns-1184.awsdns-20.org.

Authoritative answers can be found from:

Server:		8.8.8.8
Address:	8.8.8.8#53

Non-authoritative answer:
embassyeritrea.org	mail exchanger = 10 mx1c25.carrierzone.com.

Authoritative answers can be found from:

Server:		8.8.8.8
Address:	8.8.8.8#53

Non-authoritative answer:
ethiopianembassy.org	nameserver = ns54.domaincontrol.com.
ethiopianembassy.org	nameserver = ns53.domaincontrol.com.

Authoritative answers can be found from:

Server:		8.8.8.8
Address:	8.8.8.8#53

Non-authoritative answer:
ethiopianembassy.org	mail exchanger = 0 ethiopianembassy-org.mail.protection.outlook.com.

Authoritative answers can be found from:

Server:		8.8.8.8
Address:	8.8.8.8#53

Non-authoritative answer:
state.gov	mail exchanger = 10 usdos.mail.protection.outlook.com.

Authoritative answers can be found from:

Server:		8.8.8.8
Address:	8.8.8.8#53

Non-authoritative answer:
embassyeritrea.org	nameserver = ns-1184.awsdns-20.org.
embassyeritrea.org	nameserver = ns-1638.awsdns-12.co.uk.
embassyeritrea.org	nameserver = ns-26.awsdns-03.com.
embassyeritrea.org	nameserver = ns-983.awsdns-58.net.

Authoritative answers can be found from:

Server:		8.8.8.8
Address:	8.8.8.8#53

Non-authoritative answer:
stfranciscenterla.org	mail exchanger = 10 mx10.antispam.mailspamprotection.com.
stfranciscenterla.org	mail exchanger = 20 mx20.antispam.mailspamprotection.com.
stfranciscenterla.org	mail exchanger = 30 mx30.antispam.mailspamprotection.com.

Authoritative answers can be found from:

Server:		8.8.8.8
Address:	8.8.8.8#53

Non-authoritative answer:
fire.ca.gov	mail exchanger = 10 mxb-009ae101.gslb.pphosted.com.
fire.ca.gov	mail exchanger = 10 mxa-009ae101.gslb.pphosted.com.

Authoritative answers can be found from:

;; communications error to 8.8.8.8#53: timed out
Server:		8.8.8.8
Address:	8.8.8.8#53

Non-authoritative answer:
ca.gov	nameserver = asa.ns.cloudflare.com.
ca.gov	nameserver = chase.ns.cloudflare.com.

Authoritative answers can be found from:

Server:		8.8.8.8
Address:	8.8.8.8#53

Non-authoritative answer:
ca.gov	mail exchanger = 50 state-ca-gov.mail.protection.outlook.com.

Authoritative answers can be found from:

Server:		8.8.8.8
Address:	8.8.8.8#53

Non-authoritative answer:
starbucks.com	mail exchanger = 200 mx2.starbucks.iphmx.com.
starbucks.com	mail exchanger = 100 mx1.starbucks.iphmx.com.

Authoritative answers can be found from:

Server:		8.8.8.8
Address:	8.8.8.8#53

Non-authoritative answer:
starbucks.com	nameserver = udns1.cscdns.net.
starbucks.com	nameserver = udns2.cscdns.uk.

Authoritative answers can be found from:

Server:		8.8.8.8
Address:	8.8.8.8#53

Non-authoritative answer:
starbucks.com	nameserver = udns2.cscdns.uk.
starbucks.com	nameserver = udns1.cscdns.net.

Authoritative answers can be found from:

Server:		8.8.8.8
Address:	8.8.8.8#53

Non-authoritative answer:
commonspirit.org	mail exchanger = 20 mx0a-00116001.pphosted.com.
commonspirit.org	mail exchanger = 20 mx0b-00116001.pphosted.com.

Authoritative answers can be found from:

Server:		8.8.8.8
Address:	8.8.8.8#53

Non-authoritative answer:
commonspirit.org	nameserver = nick.ns.cloudflare.com.
commonspirit.org	nameserver = vida.ns.cloudflare.com.

Authoritative answers can be found from:

Server:		8.8.8.8
Address:	8.8.8.8#53

Non-authoritative answer:
dignityhealth.org	nameserver = beth.ns.cloudflare.com.
dignityhealth.org	nameserver = albert.ns.cloudflare.com.

Authoritative answers can be found from:

Server:		8.8.8.8
Address:	8.8.8.8#53

Non-authoritative answer:
dignityhealth.org	mail exchanger = 10 mxb-00116001.gslb.pphosted.com.
dignityhealth.org	mail exchanger = 10 mxa-00116001.gslb.pphosted.com.

Authoritative answers can be found from:

PING dignityhealth.org (104.16.65.119) 56(84) bytes of data.
64 bytes from 104.16.65.119: icmp_seq=1 ttl=58 time=38.9 ms
64 bytes from 104.16.65.119: icmp_seq=2 ttl=58 time=246 ms

--- dignityhealth.org ping statistics ---
2 packets transmitted, 2 received, 0% packet loss, time 1004ms
rtt min/avg/max/mdev = 38.940/142.588/246.236/103.648 ms
Server:		8.8.8.8
Address:	8.8.8.8#53

Non-authoritative answer:
starbucks.com	nameserver = udns1.cscdns.net.
starbucks.com	nameserver = udns2.cscdns.uk.

Authoritative answers can be found from:

PING lacounty.gov (45.60.171.78) 56(84) bytes of data.
64 bytes from 45.60.171.78: icmp_seq=1 ttl=51 time=106 ms
64 bytes from 45.60.171.78: icmp_seq=2 ttl=51 time=107 ms

--- lacounty.gov ping statistics ---
2 packets transmitted, 2 received, 0% packet loss, time 4589ms
rtt min/avg/max/mdev = 106.706/106.941/107.177/0.402 ms
PING fultoncountyga.gov (20.119.136.1) 56(84) bytes of data.
64 bytes from 20.119.136.1: icmp_seq=1 ttl=111 time=127 ms
64 bytes from 20.119.136.1: icmp_seq=2 ttl=111 time=69.0 ms

--- fultoncountyga.gov ping statistics ---
2 packets transmitted, 2 received, 0% packet loss, time 1001ms
rtt min/avg/max/mdev = 69.051/98.164/127.278/29.115 ms
PING lacity.org (23.205.106.89) 56(84) bytes of data.
64 bytes from a23-205-106-89.deploy.static.akamaitechnologies.com (23.205.106.89): icmp_seq=1 ttl=53 time=319 ms
64 bytes from a23-205-106-89.deploy.static.akamaitechnologies.com (23.205.106.89): icmp_seq=2 ttl=53 time=68.8 ms

--- lacity.org ping statistics ---
2 packets transmitted, 2 received, 0% packet loss, time 1001ms
rtt min/avg/max/mdev = 68.855/194.238/319.622/125.384 ms
PING lacity.gov (23.205.106.76) 56(84) bytes of data.
64 bytes from a23-205-106-76.deploy.static.akamaitechnologies.com (23.205.106.76): icmp_seq=1 ttl=53 time=69.3 ms
64 bytes from a23-205-106-76.deploy.static.akamaitechnologies.com (23.205.106.76): icmp_seq=2 ttl=53 time=101 ms

--- lacity.gov ping statistics ---
2 packets transmitted, 2 received, 0% packet loss, time 1000ms
rtt min/avg/max/mdev = 69.317/85.432/101.548/16.118 ms
PING longbeach.gov (204.108.16.117) 56(84) bytes of data.

--- longbeach.gov ping statistics ---
2 packets transmitted, 0 received, 100% packet loss, time 1022ms

PING whitehouse.gov (192.0.66.51) 56(84) bytes of data.
64 bytes from 192.0.66.51: icmp_seq=1 ttl=57 time=38.8 ms

--- whitehouse.gov ping statistics ---
2 packets transmitted, 1 received, 50% packet loss, time 1004ms
rtt min/avg/max/mdev = 38.843/38.843/38.843/0.000 ms
;; UDP setup with 8.8.8.8#53(8.8.8.8) for virtiserv.com failed: network unreachable.
;; no servers could be reached
;; UDP setup with 8.8.8.8#53(8.8.8.8) for virtiserv.com failed: network unreachable.
;; no servers could be reached
;; UDP setup with 8.8.8.8#53(8.8.8.8) for virtiserv.com failed: network unreachable.
;; UDP setup with 8.8.4.4#53(8.8.4.4) for virtiserv.com failed: network unreachable.
;; no servers could be reached

;; UDP setup with 8.8.8.8#53(8.8.8.8) for virtiserv.com failed: network unreachable.
;; no servers could be reached
;; UDP setup with 8.8.8.8#53(8.8.8.8) for virtiserv.com failed: network unreachable.
;; no servers could be reached
;; UDP setup with 8.8.8.8#53(8.8.8.8) for virtiserv.com failed: network unreachable.
;; UDP setup with 8.8.4.4#53(8.8.4.4) for virtiserv.com failed: network unreachable.
;; no servers could be reached

 #NEWS ra5hard.github.io  && cnn.com/2001/TECH/industry/09/11/akamai.founder/index.html
