CURRENT DNS MAP
 #NEWS ra5hard.github.io  && cnn.com/2001/TECH/industry/09/11/akamai.founder/index.html
https://archive.org/details/losangelesenormo0000weav #NEWS ra5hard.github.io  && cnn.com/2001/TECH/industry/09/11/akamai.founder/index.html
Linux localhost 4.19.191 #1 SMP PREEMPT Mon Mar 9 22:18:51 CST 2026 aarch64 Android
lo: flags=73<UP,LOOPBACK,RUNNING>  mtu 65536
        inet 127.0.0.1  netmask 255.0.0.0
        unspec 00-00-00-00-00-00-00-00-00-00-00-00-00-00-00-00  txqueuelen 1000  (UNSPEC)

wlan0: flags=4163<UP,BROADCAST,RUNNING,MULTICAST>  mtu 1500
        inet 192.168.10.41  netmask 255.255.255.0  broadcast 192.168.10.255
        unspec 00-00-00-00-00-00-00-00-00-00-00-00-00-00-00-00  txqueuelen 3000  (UNSPEC)

 19:34:59 up 13 days,  6:42,  load average: 18.40, 16.77, 16.40
      May 2026      
Su Mo Tu We Th Fr Sa
                1  2
 3  4  5  6  7  8  9
10 11 12 13 14 15 16
17 18 19 20 21 22 23
24 25 26 27 28 29 30
31                  
Server:		8.8.8.8
Address:	8.8.8.8#53

Non-authoritative answer:
jpl.nasa.gov	nameserver = a1-91.akam.net.
jpl.nasa.gov	nameserver = a2-67.akam.net.
jpl.nasa.gov	nameserver = a7-65.akam.net.
jpl.nasa.gov	nameserver = a8-65.akam.net.
jpl.nasa.gov	nameserver = a11-67.akam.net.
jpl.nasa.gov	nameserver = a14-67.akam.net.

Authoritative answers can be found from:

Server:		8.8.8.8
Address:	8.8.8.8#53

Non-authoritative answer:
jpl.nasa.gov	mail exchanger = 20 mxa-0020b901.gslb.pphosted.com.
jpl.nasa.gov	mail exchanger = 20 mxb-0020b901.gslb.pphosted.com.

Authoritative answers can be found from:

Server:		8.8.8.8
Address:	8.8.8.8#53

Non-authoritative answer:
esa.int	nameserver = ns1.esa.int.
esa.int	nameserver = ns4.esa.int.
esa.int	nameserver = ns3.esa.int.
esa.int	nameserver = ns2.esa.int.

Authoritative answers can be found from:

Server:		8.8.8.8
Address:	8.8.8.8#53

Non-authoritative answer:
esa.int	mail exchanger = 10 esa-int.mail.protection.outlook.com.

Authoritative answers can be found from:

Server:		8.8.8.8
Address:	8.8.8.8#53

Non-authoritative answer:
karenbass.com	mail exchanger = 1 aspmx.l.google.com.
karenbass.com	mail exchanger = 10 alt3.aspmx.l.google.com.
karenbass.com	mail exchanger = 10 alt4.aspmx.l.google.com.
karenbass.com	mail exchanger = 5 alt1.aspmx.l.google.com.
karenbass.com	mail exchanger = 5 alt2.aspmx.l.google.com.

Authoritative answers can be found from:

Server:		8.8.8.8
Address:	8.8.8.8#53

Non-authoritative answer:
karenbass.com	nameserver = conrad.ns.cloudflare.com.
karenbass.com	nameserver = nicole.ns.cloudflare.com.

Authoritative answers can be found from:

Server:		8.8.8.8
Address:	8.8.8.8#53

Non-authoritative answer:
howard.edu	nameserver = ns1-03.azure-dns.com.
howard.edu	nameserver = ns2-03.azure-dns.net.
howard.edu	nameserver = ns3-03.azure-dns.org.
howard.edu	nameserver = ns4-03.azure-dns.info.

Authoritative answers can be found from:

Server:		8.8.8.8
Address:	8.8.8.8#53

Non-authoritative answer:
howard.edu	mail exchanger = 0 howard-edu.mail.protection.outlook.com.

Authoritative answers can be found from:

Server:		8.8.8.8
Address:	8.8.8.8#53

Non-authoritative answer:
nasa.gov	nameserver = a1-32.akam.net.
nasa.gov	nameserver = a5-66.akam.net.
nasa.gov	nameserver = a8-66.akam.net.
nasa.gov	nameserver = a9-64.akam.net.
nasa.gov	nameserver = a12-64.akam.net.
nasa.gov	nameserver = a14-67.akam.net.

Authoritative answers can be found from:

Server:		8.8.8.8
Address:	8.8.8.8#53

Non-authoritative answer:
nasa.gov	mail exchanger = 0 nasa-gov.mail.protection.outlook.com.

Authoritative answers can be found from:


; <<>> DiG 9.20.18 <<>> nasa.gov +trace MX
;; global options: +cmd
.			511678	IN	NS	a.root-servers.net.
.			511678	IN	NS	b.root-servers.net.
.			511678	IN	NS	c.root-servers.net.
.			511678	IN	NS	d.root-servers.net.
.			511678	IN	NS	e.root-servers.net.
.			511678	IN	NS	f.root-servers.net.
.			511678	IN	NS	g.root-servers.net.
.			511678	IN	NS	h.root-servers.net.
.			511678	IN	NS	i.root-servers.net.
.			511678	IN	NS	j.root-servers.net.
.			511678	IN	NS	k.root-servers.net.
.			511678	IN	NS	l.root-servers.net.
.			511678	IN	NS	m.root-servers.net.
.			511678	IN	RRSIG	NS 8 0 518400 20260521170000 20260508160000 54393 . BFnyBsh4sgx0Etq7ASckWjh53sgbXOnjpJGiCj7el/8CpvV3QiTFuPft ci0e6J2Ic9oZstpF76ZaUQRkDI9Pyj4Vs5C6ehe811HQ+0YKU0DRwLTp jShgNY2tb8g2LFHa5//5mI2oXhUKAjIt7IJaCgrlXfSo6bpp8p4bOBmM xqocooljmMxjEr7yctF3bBAw/10+BW/jhTCj2MV2iohu1ep8kmUdQXOI a3oxQinXFCpFtV4KT5cN6jA+2qmWTvtg85aqcTB7rRWqe+7L6vmvZL1F hv1wJ8u6tyU1DagtwcApp55/iYdUPeJRWm6Ha/PAVCjghaLK7O6GEMVq NXVhHQ==
;; Received 525 bytes from 8.8.8.8#53(8.8.8.8) in 132 ms

;; Received 97 bytes from 192.112.36.4#53(g.root-servers.net) in 144 ms


; <<>> DiG 9.20.18 <<>> nasa.gov +trace MX
;; global options: +cmd
.			513923	IN	NS	a.root-servers.net.
.			513923	IN	NS	b.root-servers.net.
.			513923	IN	NS	c.root-servers.net.
.			513923	IN	NS	d.root-servers.net.
.			513923	IN	NS	e.root-servers.net.
.			513923	IN	NS	f.root-servers.net.
.			513923	IN	NS	g.root-servers.net.
.			513923	IN	NS	h.root-servers.net.
.			513923	IN	NS	i.root-servers.net.
.			513923	IN	NS	j.root-servers.net.
.			513923	IN	NS	k.root-servers.net.
.			513923	IN	NS	l.root-servers.net.
.			513923	IN	NS	m.root-servers.net.
.			513923	IN	RRSIG	NS 8 0 518400 20260521170000 20260508160000 54393 . BFnyBsh4sgx0Etq7ASckWjh53sgbXOnjpJGiCj7el/8CpvV3QiTFuPft ci0e6J2Ic9oZstpF76ZaUQRkDI9Pyj4Vs5C6ehe811HQ+0YKU0DRwLTp jShgNY2tb8g2LFHa5//5mI2oXhUKAjIt7IJaCgrlXfSo6bpp8p4bOBmM xqocooljmMxjEr7yctF3bBAw/10+BW/jhTCj2MV2iohu1ep8kmUdQXOI a3oxQinXFCpFtV4KT5cN6jA+2qmWTvtg85aqcTB7rRWqe+7L6vmvZL1F hv1wJ8u6tyU1DagtwcApp55/iYdUPeJRWm6Ha/PAVCjghaLK7O6GEMVq NXVhHQ==
;; Received 525 bytes from 8.8.8.8#53(8.8.8.8) in 164 ms

;; Received 97 bytes from 192.5.5.241#53(f.root-servers.net) in 184 ms


; <<>> DiG 9.20.18 <<>> commerce.gov +trace MX
;; global options: +cmd
.			514215	IN	NS	a.root-servers.net.
.			514215	IN	NS	b.root-servers.net.
.			514215	IN	NS	c.root-servers.net.
.			514215	IN	NS	d.root-servers.net.
.			514215	IN	NS	e.root-servers.net.
.			514215	IN	NS	f.root-servers.net.
.			514215	IN	NS	g.root-servers.net.
.			514215	IN	NS	h.root-servers.net.
.			514215	IN	NS	i.root-servers.net.
.			514215	IN	NS	j.root-servers.net.
.			514215	IN	NS	k.root-servers.net.
.			514215	IN	NS	l.root-servers.net.
.			514215	IN	NS	m.root-servers.net.
.			514215	IN	RRSIG	NS 8 0 518400 20260521170000 20260508160000 54393 . BFnyBsh4sgx0Etq7ASckWjh53sgbXOnjpJGiCj7el/8CpvV3QiTFuPft ci0e6J2Ic9oZstpF76ZaUQRkDI9Pyj4Vs5C6ehe811HQ+0YKU0DRwLTp jShgNY2tb8g2LFHa5//5mI2oXhUKAjIt7IJaCgrlXfSo6bpp8p4bOBmM xqocooljmMxjEr7yctF3bBAw/10+BW/jhTCj2MV2iohu1ep8kmUdQXOI a3oxQinXFCpFtV4KT5cN6jA+2qmWTvtg85aqcTB7rRWqe+7L6vmvZL1F hv1wJ8u6tyU1DagtwcApp55/iYdUPeJRWm6Ha/PAVCjghaLK7O6GEMVq NXVhHQ==
;; Received 525 bytes from 8.8.8.8#53(8.8.8.8) in 224 ms

;; Received 101 bytes from 192.5.5.241#53(f.root-servers.net) in 196 ms


; <<>> DiG 9.20.18 <<>> commerce.gov +trace NS
;; global options: +cmd
.			512428	IN	NS	a.root-servers.net.
.			512428	IN	NS	b.root-servers.net.
.			512428	IN	NS	c.root-servers.net.
.			512428	IN	NS	d.root-servers.net.
.			512428	IN	NS	e.root-servers.net.
.			512428	IN	NS	f.root-servers.net.
.			512428	IN	NS	g.root-servers.net.
.			512428	IN	NS	h.root-servers.net.
.			512428	IN	NS	i.root-servers.net.
.			512428	IN	NS	j.root-servers.net.
.			512428	IN	NS	k.root-servers.net.
.			512428	IN	NS	l.root-servers.net.
.			512428	IN	NS	m.root-servers.net.
.			512428	IN	RRSIG	NS 8 0 518400 20260521170000 20260508160000 54393 . BFnyBsh4sgx0Etq7ASckWjh53sgbXOnjpJGiCj7el/8CpvV3QiTFuPft ci0e6J2Ic9oZstpF76ZaUQRkDI9Pyj4Vs5C6ehe811HQ+0YKU0DRwLTp jShgNY2tb8g2LFHa5//5mI2oXhUKAjIt7IJaCgrlXfSo6bpp8p4bOBmM xqocooljmMxjEr7yctF3bBAw/10+BW/jhTCj2MV2iohu1ep8kmUdQXOI a3oxQinXFCpFtV4KT5cN6jA+2qmWTvtg85aqcTB7rRWqe+7L6vmvZL1F hv1wJ8u6tyU1DagtwcApp55/iYdUPeJRWm6Ha/PAVCjghaLK7O6GEMVq NXVhHQ==
;; Received 525 bytes from 8.8.8.8#53(8.8.8.8) in 72 ms

;; Received 101 bytes from 199.7.83.42#53(l.root-servers.net) in 64 ms

Server:		8.8.8.8
Address:	8.8.8.8#53

Non-authoritative answer:
trumpcard.gov	mail exchanger = 23 route2.mx.cloudflare.net.
trumpcard.gov	mail exchanger = 60 route1.mx.cloudflare.net.
trumpcard.gov	mail exchanger = 61 route3.mx.cloudflare.net.

Authoritative answers can be found from:

Server:		8.8.8.8
Address:	8.8.8.8#53

Non-authoritative answer:
trumpcard.gov	nameserver = houston.ns.cloudflare.com.
trumpcard.gov	nameserver = michelle.ns.cloudflare.com.

Authoritative answers can be found from:

Server:		8.8.8.8
Address:	8.8.8.8#53

Non-authoritative answer:
bet.com	mail exchanger = 10 mxa-00262c01.gslb.pphosted.com.
bet.com	mail exchanger = 10 mxb-00262c01.gslb.pphosted.com.

Authoritative answers can be found from:

Server:		8.8.8.8
Address:	8.8.8.8#53

Non-authoritative answer:
bet.com	nameserver = dns4.p09.nsone.net.
bet.com	nameserver = dns3.p09.nsone.net.
bet.com	nameserver = dns2.p09.nsone.net.
bet.com	nameserver = ns0243.secondary.cloudflare.com.
bet.com	nameserver = ns0004.secondary.cloudflare.com.
bet.com	nameserver = dns1.p09.nsone.net.

Authoritative answers can be found from:

Server:		8.8.8.8
Address:	8.8.8.8#53

Non-authoritative answer:
tiktok.com	mail exchanger = 20 mx2.tiktok.com.
tiktok.com	mail exchanger = 30 mx3.tiktok.com.
tiktok.com	mail exchanger = 10 mx1.tiktok.com.

Authoritative answers can be found from:

Server:		8.8.8.8
Address:	8.8.8.8#53

Non-authoritative answer:
tiktok.com	nameserver = a1-97.akam.net.
tiktok.com	nameserver = a12-66.akam.net.
tiktok.com	nameserver = a18-64.akam.net.
tiktok.com	nameserver = a13-67.akam.net.
tiktok.com	nameserver = a9-66.akam.net.
tiktok.com	nameserver = a6-65.akam.net.

Authoritative answers can be found from:

Server:		8.8.8.8
Address:	8.8.8.8#53

Non-authoritative answer:
facebook.com	nameserver = d.ns.facebook.com.
facebook.com	nameserver = b.ns.facebook.com.
facebook.com	nameserver = c.ns.facebook.com.
facebook.com	nameserver = a.ns.facebook.com.

Authoritative answers can be found from:

Server:		8.8.8.8
Address:	8.8.8.8#53

Non-authoritative answer:
facebook.com	mail exchanger = 10 smtpin.vvv.facebook.com.

Authoritative answers can be found from:

Server:		8.8.8.8
Address:	8.8.8.8#53

Non-authoritative answer:
essence.com	nameserver = dahlia.ns.cloudflare.com.
essence.com	nameserver = lou.ns.cloudflare.com.

Authoritative answers can be found from:

Server:		8.8.8.8
Address:	8.8.8.8#53

Non-authoritative answer:
essence.com	mail exchanger = 10 us-smtp-inbound-1.mimecast.com.
essence.com	mail exchanger = 10 us-smtp-inbound-2.mimecast.com.

Authoritative answers can be found from:

Server:		8.8.8.8
Address:	8.8.8.8#53

Non-authoritative answer:
ebony.com	nameserver = henrik.ns.cloudflare.com.
ebony.com	nameserver = macy.ns.cloudflare.com.

Authoritative answers can be found from:

Server:		8.8.8.8
Address:	8.8.8.8#53

Non-authoritative answer:
ebony.com	nameserver = henrik.ns.cloudflare.com.
ebony.com	nameserver = macy.ns.cloudflare.com.

Authoritative answers can be found from:

Server:		8.8.8.8
Address:	8.8.8.8#53

Non-authoritative answer:
usgs.gov	nameserver = ram.ns.cloudflare.com.
usgs.gov	nameserver = chin.ns.cloudflare.com.

Authoritative answers can be found from:

Server:		8.8.8.8
Address:	8.8.8.8#53

Non-authoritative answer:
usgs.gov	mail exchanger = 0 usgs-gov.mail.protection.outlook.com.

Authoritative answers can be found from:


; <<>> DiG 9.20.18 <<>> whitehouse.gov NS
;; global options: +cmd
;; Got answer:
;; ->>HEADER<<- opcode: QUERY, status: NOERROR, id: 56371
;; flags: qr rd ra; QUERY: 1, ANSWER: 2, AUTHORITY: 0, ADDITIONAL: 1

;; OPT PSEUDOSECTION:
; EDNS: version: 0, flags:; udp: 1232
;; QUESTION SECTION:
;whitehouse.gov.			IN	NS

;; ANSWER SECTION:
whitehouse.gov.		86400	IN	NS	wally.ns.cloudflare.com.
whitehouse.gov.		86400	IN	NS	ernest.ns.cloudflare.com.

;; Query time: 184 msec
;; SERVER: 8.8.8.8#53(8.8.8.8) (UDP)
;; WHEN: Fri May 08 19:35:09 PDT 2026
;; MSG SIZE  rcvd: 101

Server:		8.8.8.8
Address:	8.8.8.8#53

Non-authoritative answer:
*** Can't find whitehouse.gov: No answer

Authoritative answers can be found from:
whitehouse.gov
	origin = ernest.ns.cloudflare.com
	mail addr = dns.cloudflare.com
	serial = 2403559660
	refresh = 10000
	retry = 2400
	expire = 604800
	minimum = 1800

Server:		8.8.8.8
Address:	8.8.8.8#53

Non-authoritative answer:
whitehouse.gov	nameserver = wally.ns.cloudflare.com.
whitehouse.gov	nameserver = ernest.ns.cloudflare.com.

Authoritative answers can be found from:

Server:		8.8.8.8
Address:	8.8.8.8#53

Non-authoritative answer:
usps.com	nameserver = dns141.usps.com.
usps.com	nameserver = dns082.usps.com.

Authoritative answers can be found from:

Server:		8.8.8.8
Address:	8.8.8.8#53

Non-authoritative answer:
usps.com	mail exchanger = 10 mxb-0038fd02.gslb.gpphosted.com.
usps.com	mail exchanger = 10 mxa-0038fd02.gslb.gpphosted.com.

Authoritative answers can be found from:


; <<>> DiG 9.20.18 <<>> usps.com ANY
;; global options: +cmd
;; Got answer:
;; ->>HEADER<<- opcode: QUERY, status: NOTIMP, id: 23394
;; flags: qr rd ra; QUERY: 1, ANSWER: 0, AUTHORITY: 0, ADDITIONAL: 1

;; OPT PSEUDOSECTION:
; EDNS: version: 0, flags:; udp: 1232
; EDE: 21 (Not Supported)
;; QUESTION SECTION:
;usps.com.			IN	ANY

;; Query time: 200 msec
;; SERVER: 8.8.8.8#53(8.8.8.8) (TCP)
;; WHEN: Fri May 08 19:35:10 PDT 2026
;; MSG SIZE  rcvd: 43

Server:		8.8.8.8
Address:	8.8.8.8#53

Non-authoritative answer:
wp1-ext.usps.gov	canonical name = wildcard.usps.com.edgekey.net.
wildcard.usps.com.edgekey.net	canonical name = e6531.dsca.akamaiedge.net.

Authoritative answers can be found from:
dsca.akamaiedge.net
	origin = n0dsca.akamaiedge.net
	mail addr = hostmaster.akamai.com
	serial = 1778294111
	refresh = 1000
	retry = 1000
	expire = 1000
	minimum = 1800

Server:		8.8.8.8
Address:	8.8.8.8#53

Non-authoritative answer:
wp1-ext.usps.gov	canonical name = wildcard.usps.com.edgekey.net.
wildcard.usps.com.edgekey.net	canonical name = e6531.dsca.akamaiedge.net.

Authoritative answers can be found from:
dsca.akamaiedge.net
	origin = n0dsca.akamaiedge.net
	mail addr = hostmaster.akamai.com
	serial = 1778294111
	refresh = 1000
	retry = 1000
	expire = 1000
	minimum = 1800


; <<>> DiG 9.20.18 <<>> wp1-ext.usps.gov ANY
;; global options: +cmd
;; Got answer:
;; ->>HEADER<<- opcode: QUERY, status: NOTIMP, id: 15101
;; flags: qr rd ra; QUERY: 1, ANSWER: 0, AUTHORITY: 0, ADDITIONAL: 1

;; OPT PSEUDOSECTION:
; EDNS: version: 0, flags:; udp: 1232
; EDE: 21 (Not Supported)
;; QUESTION SECTION:
;wp1-ext.usps.gov.		IN	ANY

;; Query time: 144 msec
;; SERVER: 8.8.8.8#53(8.8.8.8) (TCP)
;; WHEN: Fri May 08 19:35:11 PDT 2026
;; MSG SIZE  rcvd: 51

Server:		8.8.8.8
Address:	8.8.8.8#53

Non-authoritative answer:
uspto.com	mail exchanger = 0 mail.uspto.com.

Authoritative answers can be found from:

Server:		8.8.8.8
Address:	8.8.8.8#53

Non-authoritative answer:
uspto.com	nameserver = ns5.mpower.nl.
uspto.com	nameserver = ns6.mpower.nl.

Authoritative answers can be found from:

Server:		8.8.8.8
Address:	8.8.8.8#53

Non-authoritative answer:
cbs.com	nameserver = dns1.p09.nsone.net.
cbs.com	nameserver = ns0243.secondary.cloudflare.com.
cbs.com	nameserver = dns2.p09.nsone.net.
cbs.com	nameserver = dns3.p09.nsone.net.
cbs.com	nameserver = dns4.p09.nsone.net.
cbs.com	nameserver = ns0004.secondary.cloudflare.com.

Authoritative answers can be found from:

Server:		8.8.8.8
Address:	8.8.8.8#53

Non-authoritative answer:
cbs.com	mail exchanger = 0 mxa-00262c01.gslb.pphosted.com.
cbs.com	mail exchanger = 0 mxb-00262c01.gslb.pphosted.com.

Authoritative answers can be found from:

Server:		8.8.8.8
Address:	8.8.8.8#53

** server can't find cbs.com: NOTIMP


; <<>> DiG 9.20.18 <<>> cbssports.com ALL
;; global options: +cmd
;; Got answer:
;; ->>HEADER<<- opcode: QUERY, status: NOERROR, id: 38032
;; flags: qr rd ra; QUERY: 1, ANSWER: 4, AUTHORITY: 0, ADDITIONAL: 1

;; OPT PSEUDOSECTION:
; EDNS: version: 0, flags:; udp: 1232
;; QUESTION SECTION:
;cbssports.com.			IN	A

;; ANSWER SECTION:
cbssports.com.		300	IN	A	151.101.193.188
cbssports.com.		300	IN	A	151.101.1.188
cbssports.com.		300	IN	A	151.101.65.188
cbssports.com.		300	IN	A	151.101.129.188

;; Query time: 336 msec
;; SERVER: 8.8.8.8#53(8.8.8.8) (UDP)
;; WHEN: Fri May 08 19:35:14 PDT 2026
;; MSG SIZE  rcvd: 106

;; Got answer:
;; ->>HEADER<<- opcode: QUERY, status: NXDOMAIN, id: 55345
;; flags: qr rd ra; QUERY: 1, ANSWER: 0, AUTHORITY: 0, ADDITIONAL: 1

;; OPT PSEUDOSECTION:
; EDNS: version: 0, flags:; udp: 1232
;; QUESTION SECTION:
;ALL.				IN	A

;; Query time: 176 msec
;; SERVER: 8.8.8.8#53(8.8.8.8) (UDP)
;; WHEN: Fri May 08 19:35:14 PDT 2026
;; MSG SIZE  rcvd: 32


; <<>> DiG 9.20.18 <<>> cbssports.com ANY
;; global options: +cmd
;; Got answer:
;; ->>HEADER<<- opcode: QUERY, status: NOTIMP, id: 4859
;; flags: qr rd ra; QUERY: 1, ANSWER: 0, AUTHORITY: 0, ADDITIONAL: 1

;; OPT PSEUDOSECTION:
; EDNS: version: 0, flags:; udp: 1232
; EDE: 21 (Not Supported)
;; QUESTION SECTION:
;cbssports.com.			IN	ANY

;; Query time: 224 msec
;; SERVER: 8.8.8.8#53(8.8.8.8) (TCP)
;; WHEN: Fri May 08 19:35:15 PDT 2026
;; MSG SIZE  rcvd: 48

Server:		8.8.8.8
Address:	8.8.8.8#53

Non-authoritative answer:
nbc.com	nameserver = a1-196.akam.net.
nbc.com	nameserver = a13-66.akam.net.
nbc.com	nameserver = a22-64.akam.net.
nbc.com	nameserver = a2-64.akam.net.
nbc.com	nameserver = a7-66.akam.net.
nbc.com	nameserver = a16-65.akam.net.

Authoritative answers can be found from:

Server:		8.8.8.8
Address:	8.8.8.8#53

Non-authoritative answer:
nbc.com	mail exchanger = 10 mxb-00176a04.gslb.pphosted.com.
nbc.com	mail exchanger = 10 mxa-00176a04.gslb.pphosted.com.
nbc.com	mail exchanger = 20 mx0a-00176a04.pphosted.com.
nbc.com	mail exchanger = 20 mx0b-00176a04.pphosted.com.

Authoritative answers can be found from:

Server:		8.8.8.8
Address:	8.8.8.8#53

** server can't find nbc.com: NOTIMP


; <<>> DiG 9.20.18 <<>> nbcsports.com ALL
;; global options: +cmd
;; Got answer:
;; ->>HEADER<<- opcode: QUERY, status: NOERROR, id: 43706
;; flags: qr rd ra; QUERY: 1, ANSWER: 2, AUTHORITY: 0, ADDITIONAL: 1

;; OPT PSEUDOSECTION:
; EDNS: version: 0, flags:; udp: 1232
;; QUESTION SECTION:
;nbcsports.com.			IN	A

;; ANSWER SECTION:
nbcsports.com.		20	IN	A	23.62.54.134
nbcsports.com.		20	IN	A	23.62.54.133

;; Query time: 140 msec
;; SERVER: 8.8.8.8#53(8.8.8.8) (UDP)
;; WHEN: Fri May 08 19:35:16 PDT 2026
;; MSG SIZE  rcvd: 74

;; Got answer:
;; ->>HEADER<<- opcode: QUERY, status: NXDOMAIN, id: 40521
;; flags: qr rd ra; QUERY: 1, ANSWER: 0, AUTHORITY: 0, ADDITIONAL: 1

;; OPT PSEUDOSECTION:
; EDNS: version: 0, flags:; udp: 1232
;; QUESTION SECTION:
;ALL.				IN	A

;; Query time: 104 msec
;; SERVER: 8.8.8.8#53(8.8.8.8) (UDP)
;; WHEN: Fri May 08 19:35:16 PDT 2026
;; MSG SIZE  rcvd: 32

Server:		8.8.8.8
Address:	8.8.8.8#53

Non-authoritative answer:
foxnews.com	nameserver = ns01.dns.fox.
foxnews.com	nameserver = ns01.foxdoua.com.
foxnews.com	nameserver = ns02.dns.fox.
foxnews.com	nameserver = ns02.foxdoua.com.
foxnews.com	nameserver = ns03.dns.fox.
foxnews.com	nameserver = ns03.foxdoua.com.
foxnews.com	nameserver = ns04.dns.fox.
foxnews.com	nameserver = ns04.foxdoua.com.

Authoritative answers can be found from:

Server:		8.8.8.8
Address:	8.8.8.8#53

Non-authoritative answer:
foxnews.com	mail exchanger = 10 mxa-00195501.gslb.pphosted.com.
foxnews.com	mail exchanger = 10 mxb-00195501.gslb.pphosted.com.

Authoritative answers can be found from:

Server:		8.8.8.8
Address:	8.8.8.8#53

** server can't find foxnews.com: NOTIMP

Server:		8.8.8.8
Address:	8.8.8.8#53

Non-authoritative answer:
spectrum.com	nameserver = a12-66.akam.net.
spectrum.com	nameserver = a18-65.akam.net.
spectrum.com	nameserver = a2-65.akam.net.
spectrum.com	nameserver = a7-66.akam.net.
spectrum.com	nameserver = a1-187.akam.net.
spectrum.com	nameserver = a11-66.akam.net.

Authoritative answers can be found from:

Server:		8.8.8.8
Address:	8.8.8.8#53

Non-authoritative answer:
spectrum.com	mail exchanger = 0 spectrum-com.mail.protection.outlook.com.

Authoritative answers can be found from:

Server:		8.8.8.8
Address:	8.8.8.8#53

** server can't find spectrum.com: NOTIMP


; <<>> DiG 9.20.18 <<>> spectrum.com ALL
;; global options: +cmd
;; Got answer:
;; ->>HEADER<<- opcode: QUERY, status: NOERROR, id: 35005
;; flags: qr rd ra; QUERY: 1, ANSWER: 4, AUTHORITY: 0, ADDITIONAL: 1

;; OPT PSEUDOSECTION:
; EDNS: version: 0, flags:; udp: 1232
;; QUESTION SECTION:
;spectrum.com.			IN	A

;; ANSWER SECTION:
spectrum.com.		10159	IN	A	142.136.81.135
spectrum.com.		10159	IN	A	142.136.81.136
spectrum.com.		10159	IN	A	142.136.168.7
spectrum.com.		10159	IN	A	142.136.168.58

;; Query time: 68 msec
;; SERVER: 8.8.8.8#53(8.8.8.8) (UDP)
;; WHEN: Fri May 08 19:35:18 PDT 2026
;; MSG SIZE  rcvd: 105

;; Got answer:
;; ->>HEADER<<- opcode: QUERY, status: NXDOMAIN, id: 42887
;; flags: qr rd ra; QUERY: 1, ANSWER: 0, AUTHORITY: 0, ADDITIONAL: 1

;; OPT PSEUDOSECTION:
; EDNS: version: 0, flags:; udp: 1232
;; QUESTION SECTION:
;ALL.				IN	A

;; Query time: 60 msec
;; SERVER: 8.8.8.8#53(8.8.8.8) (UDP)
;; WHEN: Fri May 08 19:35:18 PDT 2026
;; MSG SIZE  rcvd: 32

Server:		8.8.8.8
Address:	8.8.8.8#53

Non-authoritative answer:
thehollywoodtheater.com	nameserver = ns25.domaincontrol.com.
thehollywoodtheater.com	nameserver = ns26.domaincontrol.com.

Authoritative answers can be found from:

Server:		8.8.8.8
Address:	8.8.8.8#53

Non-authoritative answer:
thehollywoodtheater.com	mail exchanger = 10 mailstore1.secureserver.net.
thehollywoodtheater.com	mail exchanger = 0 smtp.secureserver.net.

Authoritative answers can be found from:

google.com has address 142.251.35.78
google.com has IPv6 address 2607:f8b0:4007:806::200e
google.com mail is handled by 10 smtp.google.com.
google.com has HTTP service bindings 1 . alpn="h2,h3"
Server:		8.8.8.8
Address:	8.8.8.8#53

Non-authoritative answer:
abc.com	nameserver = ns-1368.awsdns-43.org.
abc.com	nameserver = ns-1869.awsdns-41.co.uk.
abc.com	nameserver = ns-318.awsdns-39.com.
abc.com	nameserver = ns-736.awsdns-28.net.

Authoritative answers can be found from:

Server:		8.8.8.8
Address:	8.8.8.8#53

Non-authoritative answer:
abc.com	mail exchanger = 5 abc-com.mail.protection.outlook.com.

Authoritative answers can be found from:

Server:		8.8.8.8
Address:	8.8.8.8#53

** server can't find abc.com: NOTIMP

Server:		8.8.8.8
Address:	8.8.8.8#53

Non-authoritative answer:
lacourt.ca.gov	mail exchanger = 1 lacourt-ca-gov.mail.protection.outlook.com.

Authoritative answers can be found from:

Server:		8.8.8.8
Address:	8.8.8.8#53

Non-authoritative answer:
lacourt.ca.gov	nameserver = keaton.ns.cloudflare.com.
lacourt.ca.gov	nameserver = kelly.ns.cloudflare.com.

Authoritative answers can be found from:

Server:		8.8.8.8
Address:	8.8.8.8#53

Non-authoritative answer:
lacourt.org	nameserver = ns17.domaincontrol.com.
lacourt.org	nameserver = ns18.domaincontrol.com.

Authoritative answers can be found from:

Server:		8.8.8.8
Address:	8.8.8.8#53

Non-authoritative answer:
lacourt.org	mail exchanger = 0 lacourt-org.mail.protection.outlook.com.

Authoritative answers can be found from:

Server:		8.8.8.8
Address:	8.8.8.8#53

Non-authoritative answer:
nasa.gov	mail exchanger = 0 nasa-gov.mail.protection.outlook.com.

Authoritative answers can be found from:

Server:		8.8.8.8
Address:	8.8.8.8#53

Non-authoritative answer:
nasa.gov	nameserver = a1-32.akam.net.
nasa.gov	nameserver = a5-66.akam.net.
nasa.gov	nameserver = a8-66.akam.net.
nasa.gov	nameserver = a9-64.akam.net.
nasa.gov	nameserver = a12-64.akam.net.
nasa.gov	nameserver = a14-67.akam.net.

Authoritative answers can be found from:

Server:		8.8.8.8
Address:	8.8.8.8#53

Non-authoritative answer:
flylax.com	nameserver = veuscoreinfo03.lawa.org.
flylax.com	nameserver = vlasns1.lawa.org.
flylax.com	nameserver = vlaxnashns1.lawa.org.
flylax.com	nameserver = vwuscoreinfo03.lawa.org.

Authoritative answers can be found from:

Server:		8.8.8.8
Address:	8.8.8.8#53

Non-authoritative answer:
flylax.com	mail exchanger = 10 inbound-smtp.us-east-1.amazonaws.com.

Authoritative answers can be found from:

Server:		8.8.8.8
Address:	8.8.8.8#53

Non-authoritative answer:
cia.gov	mail exchanger = 10 mail3.cia.gov.
cia.gov	mail exchanger = 10 mail4.cia.gov.

Authoritative answers can be found from:

Server:		8.8.8.8
Address:	8.8.8.8#53

Non-authoritative answer:
cia.gov	nameserver = a1-22.akam.net.
cia.gov	nameserver = a3-64.akam.net.
cia.gov	nameserver = a12-65.akam.net.
cia.gov	nameserver = a13-65.akam.net.
cia.gov	nameserver = a16-67.akam.net.
cia.gov	nameserver = a22-66.akam.net.

Authoritative answers can be found from:

Server:		8.8.8.8
Address:	8.8.8.8#53

Non-authoritative answer:
google.com	mail exchanger = 10 smtp.google.com.

Authoritative answers can be found from:

Server:		8.8.8.8
Address:	8.8.8.8#53

Non-authoritative answer:
google.com	nameserver = ns3.google.com.
google.com	nameserver = ns4.google.com.
google.com	nameserver = ns1.google.com.
google.com	nameserver = ns2.google.com.

Authoritative answers can be found from:

Server:		8.8.8.8
Address:	8.8.8.8#53

Non-authoritative answer:
fbi.gov	nameserver = ns-cloud-e1.googledomains.com.
fbi.gov	nameserver = ns-cloud-e2.googledomains.com.
fbi.gov	nameserver = ns-cloud-e3.googledomains.com.
fbi.gov	nameserver = ns-cloud-e4.googledomains.com.

Authoritative answers can be found from:

Server:		8.8.8.8
Address:	8.8.8.8#53

Non-authoritative answer:
fbi.gov	mail exchanger = 10 mx-east.fbi.gov.
fbi.gov	mail exchanger = 20 mx-west.fbi.gov.

Authoritative answers can be found from:

Server:		8.8.8.8
Address:	8.8.8.8#53

Non-authoritative answer:
epa.gov	mail exchanger = 0 usepa.mail.protection.outlook.com.

Authoritative answers can be found from:

Server:		8.8.8.8
Address:	8.8.8.8#53

Non-authoritative answer:
epa.gov	nameserver = dcns1.epa.gov.
epa.gov	nameserver = dcns2.epa.gov.
epa.gov	nameserver = nccns1.epa.gov.
epa.gov	nameserver = nccns2.epa.gov.

Authoritative answers can be found from:

Server:		8.8.8.8
Address:	8.8.8.8#53

Non-authoritative answer:
lacoe.edu	nameserver = pws.lacoe.edu.
lacoe.edu	nameserver = nccunix.lacoe.edu.
lacoe.edu	nameserver = dns4.lacoe.edu.
lacoe.edu	nameserver = netmgr.lacoe.edu.

Authoritative answers can be found from:

Server:		8.8.8.8
Address:	8.8.8.8#53

Non-authoritative answer:
lacoe.edu	mail exchanger = 0 lacoe-edu.mail.protection.outlook.com.

Authoritative answers can be found from:

Server:		8.8.8.8
Address:	8.8.8.8#53

Non-authoritative answer:
jw.org	nameserver = a1-141.akam.net.
jw.org	nameserver = a28-65.akam.net.
jw.org	nameserver = a11-66.akam.net.
jw.org	nameserver = a26-64.akam.net.
jw.org	nameserver = a7-66.akam.net.
jw.org	nameserver = a22-67.akam.net.

Authoritative answers can be found from:

Server:		8.8.8.8
Address:	8.8.8.8#53

Non-authoritative answer:
jw.org	mail exchanger = 10 jw-org.mail.protection.outlook.com.

Authoritative answers can be found from:

Server:		8.8.8.8
Address:	8.8.8.8#53

Non-authoritative answer:
azbec.org	mail exchanger = 0 azbec-org.mail.protection.outlook.com.

Authoritative answers can be found from:

Server:		8.8.8.8
Address:	8.8.8.8#53

Non-authoritative answer:
azbec.org	nameserver = ns51.domaincontrol.com.
azbec.org	nameserver = ns52.domaincontrol.com.

Authoritative answers can be found from:

Server:		8.8.8.8
Address:	8.8.8.8#53

Non-authoritative answer:
noaa.gov	mail exchanger = 10 ASPMX.L.GOOGLE.COM.
noaa.gov	mail exchanger = 20 ALT1.ASPMX.L.GOOGLE.COM.
noaa.gov	mail exchanger = 20 ALT2.ASPMX.L.GOOGLE.COM.
noaa.gov	mail exchanger = 40 ALT3.ASPMX.L.GOOGLE.COM.
noaa.gov	mail exchanger = 40 ALT4.ASPMX.L.GOOGLE.COM.

Authoritative answers can be found from:

Server:		8.8.8.8
Address:	8.8.8.8#53

Non-authoritative answer:
noaa.gov	nameserver = ns-01.noaa.gov.
noaa.gov	nameserver = ns-02.noaa.gov.
noaa.gov	nameserver = ns-03.noaa.gov.

Authoritative answers can be found from:

Server:		8.8.8.8
Address:	8.8.8.8#53

Non-authoritative answer:
aia-aerospace.org	nameserver = chelsea.ns.cloudflare.com.
aia-aerospace.org	nameserver = miles.ns.cloudflare.com.

Authoritative answers can be found from:

Server:		8.8.8.8
Address:	8.8.8.8#53

Non-authoritative answer:
aia-aerospace.org	mail exchanger = 0 mx1-us1.ppe-hosted.com.
aia-aerospace.org	mail exchanger = 0 mx2-us1.ppe-hosted.com.

Authoritative answers can be found from:

Server:		8.8.8.8
Address:	8.8.8.8#53

Non-authoritative answer:
rocketlabcorp.com	nameserver = moura.ns.cloudflare.com.
rocketlabcorp.com	nameserver = luciana.ns.cloudflare.com.

Authoritative answers can be found from:

Server:		8.8.8.8
Address:	8.8.8.8#53

Non-authoritative answer:
rocketlabcorp.com	mail exchanger = 0 rocketlabcorp-com.mail.protection.office365.us.

Authoritative answers can be found from:

Server:		8.8.8.8
Address:	8.8.8.8#53

Non-authoritative answer:
rtx.com	nameserver = aria.ns.cloudflare.com.
rtx.com	nameserver = algin.ns.cloudflare.com.

Authoritative answers can be found from:

Server:		8.8.8.8
Address:	8.8.8.8#53

Non-authoritative answer:
rtx.com	mail exchanger = 10 mxa-00105402.gslb.gpphosted.com.
rtx.com	mail exchanger = 10 mxb-00105402.gslb.gpphosted.com.

Authoritative answers can be found from:

Server:		8.8.8.8
Address:	8.8.8.8#53

Non-authoritative answer:
lacity.org	nameserver = ns1.dnsmadeeasy.com.
lacity.org	nameserver = ns3.dnsmadeeasy.com.
lacity.org	nameserver = ns2.dnsmadeeasy.com.
lacity.org	nameserver = ns0.dnsmadeeasy.com.
lacity.org	nameserver = ns4.dnsmadeeasy.com.

Authoritative answers can be found from:

Server:		8.8.8.8
Address:	8.8.8.8#53

Non-authoritative answer:
lacity.org	mail exchanger = 10 alt3.aspmx.l.google.com.
lacity.org	mail exchanger = 5 alt1.aspmx.l.google.com.
lacity.org	mail exchanger = 1 aspmx.l.google.com.
lacity.org	mail exchanger = 5 alt2.aspmx.l.google.com.
lacity.org	mail exchanger = 10 alt4.aspmx.l.google.com.

Authoritative answers can be found from:

Server:		8.8.8.8
Address:	8.8.8.8#53

Non-authoritative answer:
lacity.gov	mail exchanger = 5 alt1.aspmx.l.google.com.
lacity.gov	mail exchanger = 10 alt4.aspmx.l.google.com.
lacity.gov	mail exchanger = 5 alt2.aspmx.l.google.com.
lacity.gov	mail exchanger = 1 aspmx.l.google.com.
lacity.gov	mail exchanger = 10 alt3.aspmx.l.google.com.

Authoritative answers can be found from:

Server:		8.8.8.8
Address:	8.8.8.8#53

Non-authoritative answer:
lacity.gov	nameserver = ns3.dnsmadeeasy.com.
lacity.gov	nameserver = ns1.dnsmadeeasy.com.
lacity.gov	nameserver = ns0.dnsmadeeasy.com.
lacity.gov	nameserver = ns2.dnsmadeeasy.com.
lacity.gov	nameserver = ns4.dnsmadeeasy.com.

Authoritative answers can be found from:

Server:		8.8.8.8
Address:	8.8.8.8#53

Non-authoritative answer:
longbeach.gov	nameserver = a8.uberns.com.
longbeach.gov	nameserver = b8.uberns.com.
longbeach.gov	nameserver = dns01.ci.long-beach.ca.us.
longbeach.gov	nameserver = dns02.ci.long-beach.ca.us.

Authoritative answers can be found from:

Server:		8.8.8.8
Address:	8.8.8.8#53

Non-authoritative answer:
longbeach.gov	mail exchanger = 10 mxa-00539a01.gslb.pphosted.com.
longbeach.gov	mail exchanger = 10 mxb-00539a01.gslb.pphosted.com.

Authoritative answers can be found from:

Server:		8.8.8.8
Address:	8.8.8.8#53

Non-authoritative answer:
lapl.org	mail exchanger = 3 alt3.aspmx.l.google.com.
lapl.org	mail exchanger = 2 alt2.aspmx.l.google.com.
lapl.org	mail exchanger = 2 alt1.aspmx.l.google.com.
lapl.org	mail exchanger = 1 aspmx.l.google.com.
lapl.org	mail exchanger = 3 alt4.aspmx.l.google.com.

Authoritative answers can be found from:

Server:		8.8.8.8
Address:	8.8.8.8#53

Non-authoritative answer:
lapl.org	mail exchanger = 3 alt3.aspmx.l.google.com.
lapl.org	mail exchanger = 2 alt2.aspmx.l.google.com.
lapl.org	mail exchanger = 2 alt1.aspmx.l.google.com.
lapl.org	mail exchanger = 1 aspmx.l.google.com.
lapl.org	mail exchanger = 3 alt4.aspmx.l.google.com.

Authoritative answers can be found from:

Server:		8.8.8.8
Address:	8.8.8.8#53

Non-authoritative answer:
georgia.gov	nameserver = sogns1.state.ga.us.
georgia.gov	nameserver = sogns2.state.ga.us.

Authoritative answers can be found from:

Server:		8.8.8.8
Address:	8.8.8.8#53

Non-authoritative answer:
georgia.gov	mail exchanger = 10 mxb-003fd101.gslb.pphosted.com.
georgia.gov	mail exchanger = 10 mxa-003fd101.gslb.pphosted.com.

Authoritative answers can be found from:

Server:		8.8.8.8
Address:	8.8.8.8#53

Non-authoritative answer:
earthlink.net	mail exchanger = 5 mx01.earthlink-vadesecure.net.
earthlink.net	mail exchanger = 5 mx02.earthlink-vadesecure.net.
earthlink.net	mail exchanger = 5 mx03.earthlink-vadesecure.net.
earthlink.net	mail exchanger = 5 mx04.earthlink-vadesecure.net.

Authoritative answers can be found from:

Server:		8.8.8.8
Address:	8.8.8.8#53

Non-authoritative answer:
earthlink.net	nameserver = carl.ns.cloudflare.com.
earthlink.net	nameserver = rihana.ns.cloudflare.com.

Authoritative answers can be found from:

Server:		8.8.8.8
Address:	8.8.8.8#53

Non-authoritative answer:
waterandpower.org	mail exchanger = 100 mx2c38.carrierzone.com.
waterandpower.org	mail exchanger = 10 mx1c38.carrierzone.com.
waterandpower.org	mail exchanger = 120 mx4c38.carrierzone.com.
waterandpower.org	mail exchanger = 110 mx3c38.carrierzone.com.

Authoritative answers can be found from:

Server:		8.8.8.8
Address:	8.8.8.8#53

Non-authoritative answer:
waterandpower.org	nameserver = dns3.earthlink.net.
waterandpower.org	nameserver = dns2.earthlink.net.
waterandpower.org	nameserver = dns1.earthlink.net.

Authoritative answers can be found from:

Server:		8.8.8.8
Address:	8.8.8.8#53

Non-authoritative answer:
level3.net	mail exchanger = 10 mx0b-007e5801.pphosted.com.
level3.net	mail exchanger = 10 mx0a-007e5801.pphosted.com.

Authoritative answers can be found from:

Server:		8.8.8.8
Address:	8.8.8.8#53

Non-authoritative answer:
level3.net	nameserver = ns1.level3.net.
level3.net	nameserver = ns2.level3.net.

Authoritative answers can be found from:

Server:		8.8.8.8
Address:	8.8.8.8#53

Non-authoritative answer:
fultoncountyga.gov	nameserver = ns3.cl.bellsouth.net.
fultoncountyga.gov	nameserver = ns1.cl.bellsouth.net.
fultoncountyga.gov	nameserver = ns2.cl.bellsouth.net.

Authoritative answers can be found from:

Server:		8.8.8.8
Address:	8.8.8.8#53

Non-authoritative answer:
fultoncountyga.gov	mail exchanger = 10 mxa-0032a901.gslb.pphosted.com.
fultoncountyga.gov	mail exchanger = 10 mxb-0032a901.gslb.pphosted.com.

Authoritative answers can be found from:

Server:		8.8.8.8
Address:	8.8.8.8#53

Non-authoritative answer:
atlantaga.gov	nameserver = ns2.cl.bellsouth.net.
atlantaga.gov	nameserver = ns3.cl.bellsouth.net.
atlantaga.gov	nameserver = cbru.br.ns.els-gms.att.net.
atlantaga.gov	nameserver = cmtu.mt.ns.els-gms.att.net.
atlantaga.gov	nameserver = ns1.cl.bellsouth.net.

Authoritative answers can be found from:

Server:		8.8.8.8
Address:	8.8.8.8#53

Non-authoritative answer:
atlantaga.gov	mail exchanger = 0 mxb-003fa601.gslb.pphosted.com.
atlantaga.gov	mail exchanger = 0 mxa-003fa601.gslb.pphosted.com.

Authoritative answers can be found from:

Server:		8.8.8.8
Address:	8.8.8.8#53

Non-authoritative answer:
*** Can't find whitehouse.gov: No answer

Authoritative answers can be found from:
whitehouse.gov
	origin = ernest.ns.cloudflare.com
	mail addr = dns.cloudflare.com
	serial = 2403559660
	refresh = 10000
	retry = 2400
	expire = 604800
	minimum = 1800

Server:		8.8.8.8
Address:	8.8.8.8#53

Non-authoritative answer:
whitehouse.gov	nameserver = wally.ns.cloudflare.com.
whitehouse.gov	nameserver = ernest.ns.cloudflare.com.

Authoritative answers can be found from:

Server:		8.8.8.8
Address:	8.8.8.8#53

Non-authoritative answer:
metro.net	mail exchanger = 10 metro-net.mail.protection.outlook.com.

Authoritative answers can be found from:

Server:		8.8.8.8
Address:	8.8.8.8#53

Non-authoritative answer:
metro.net	nameserver = ns4.dnsmadeeasy.com.
metro.net	nameserver = ns0.dnsmadeeasy.com.
metro.net	nameserver = ns2.dnsmadeeasy.com.
metro.net	nameserver = ns1.dnsmadeeasy.com.
metro.net	nameserver = ns3.dnsmadeeasy.com.

Authoritative answers can be found from:

Server:		8.8.8.8
Address:	8.8.8.8#53

Non-authoritative answer:
amtrack.com	nameserver = ns47.domaincontrol.com.
amtrack.com	nameserver = ns48.domaincontrol.com.

Authoritative answers can be found from:

Server:		8.8.8.8
Address:	8.8.8.8#53

Non-authoritative answer:
*** Can't find amtrack.com: No answer

Authoritative answers can be found from:
amtrack.com
	origin = ns47.domaincontrol.com
	mail addr = dns.jomax.net
	serial = 2025120906
	refresh = 28800
	retry = 7200
	expire = 604800
	minimum = 600

Server:		8.8.8.8
Address:	8.8.8.8#53

Non-authoritative answer:
bigbluebus.com	nameserver = ns-1032.awsdns-01.org.
bigbluebus.com	nameserver = ns-1857.awsdns-40.co.uk.
bigbluebus.com	nameserver = ns-495.awsdns-61.com.
bigbluebus.com	nameserver = ns-651.awsdns-17.net.

Authoritative answers can be found from:

Server:		8.8.8.8
Address:	8.8.8.8#53

Non-authoritative answer:
ladottransit.com	mail exchanger = 0 mx1.mailchannels.net.
ladottransit.com	mail exchanger = 0 mx2.mailchannels.net.

Authoritative answers can be found from:

Server:		8.8.8.8
Address:	8.8.8.8#53

Non-authoritative answer:
bigbluebus.com	nameserver = ns-1032.awsdns-01.org.
bigbluebus.com	nameserver = ns-1857.awsdns-40.co.uk.
bigbluebus.com	nameserver = ns-495.awsdns-61.com.
bigbluebus.com	nameserver = ns-651.awsdns-17.net.

Authoritative answers can be found from:

Server:		8.8.8.8
Address:	8.8.8.8#53

Non-authoritative answer:
ladottransit.com	mail exchanger = 0 mx1.mailchannels.net.
ladottransit.com	mail exchanger = 0 mx2.mailchannels.net.

Authoritative answers can be found from:

Server:		8.8.8.8
Address:	8.8.8.8#53

Non-authoritative answer:
lapdonline.org	mail exchanger = 10 lapdonline-org.mail.protection.outlook.com.

Authoritative answers can be found from:

Server:		8.8.8.8
Address:	8.8.8.8#53

Non-authoritative answer:
lapdonline.org	nameserver = ns1-02.azuregov-dns.us.
lapdonline.org	nameserver = ns2-02.azuregov-dns.us.
lapdonline.org	nameserver = ns3-02.azuregov-dns.us.
lapdonline.org	nameserver = ns4-02.azuregov-dns.us.

Authoritative answers can be found from:

Server:		8.8.8.8
Address:	8.8.8.8#53

Non-authoritative answer:
lacounty.gov	nameserver = dci-ib-e01.isd.lacounty.gov.
lacounty.gov	nameserver = lrci-ib-e03.isd.lacounty.gov.
lacounty.gov	nameserver = lrci-ib-e04.isd.lacounty.gov.
lacounty.gov	nameserver = dci-ib-e02.isd.lacounty.gov.

Authoritative answers can be found from:

Server:		8.8.8.8
Address:	8.8.8.8#53

Non-authoritative answer:
lacounty.gov	mail exchanger = 10 mxa-002da105.gslb.pphosted.com.
lacounty.gov	mail exchanger = 10 mxb-002da105.gslb.pphosted.com.

Authoritative answers can be found from:

Server:		8.8.8.8
Address:	8.8.8.8#53

Non-authoritative answer:
commerce.gov	nameserver = max.ns.cloudflare.com.
commerce.gov	nameserver = cecelia.ns.cloudflare.com.

Authoritative answers can be found from:

Server:		8.8.8.8
Address:	8.8.8.8#53

Non-authoritative answer:
commerce.gov	mail exchanger = 0 commerce-gov.mail.protection.outlook.com.

Authoritative answers can be found from:

Server:		8.8.8.8
Address:	8.8.8.8#53

Non-authoritative answer:
polb.com	nameserver = a22-67.akam.net.
polb.com	nameserver = a1-172.akam.net.
polb.com	nameserver = a28-65.akam.net.
polb.com	nameserver = a14-64.akam.net.
polb.com	nameserver = a9-67.akam.net.
polb.com	nameserver = a5-67.akam.net.

Authoritative answers can be found from:

Server:		8.8.8.8
Address:	8.8.8.8#53

Non-authoritative answer:
polb.com	mail exchanger = 5 us-smtp-inbound-2.mimecast.com.
polb.com	mail exchanger = 5 us-smtp-inbound-1.mimecast.com.

Authoritative answers can be found from:

Server:		8.8.8.8
Address:	8.8.8.8#53

Non-authoritative answer:
wellsfargo.com	mail exchanger = 10 mxa-00004003.gslb.pphosted.com.
wellsfargo.com	mail exchanger = 10 mxb-00004003.gslb.pphosted.com.

Authoritative answers can be found from:

Server:		8.8.8.8
Address:	8.8.8.8#53

Non-authoritative answer:
wellsfargo.com	nameserver = a2-64.akam.net.
wellsfargo.com	nameserver = edns1.ultradns.biz.
wellsfargo.com	nameserver = edns1.ultradns.com.
wellsfargo.com	nameserver = edns1.ultradns.net.
wellsfargo.com	nameserver = edns1.ultradns.org.
wellsfargo.com	nameserver = a1-189.akam.net.
wellsfargo.com	nameserver = a24-66.akam.net.

Authoritative answers can be found from:

Server:		8.8.8.8
Address:	8.8.8.8#53

Non-authoritative answer:
musiccenter.org	nameserver = ns98.worldnic.com.
musiccenter.org	nameserver = ns97.worldnic.com.

Authoritative answers can be found from:

Server:		8.8.8.8
Address:	8.8.8.8#53

Non-authoritative answer:
musiccenter.org	mail exchanger = 10 musiccenter-org.mail.protection.outlook.com.

Authoritative answers can be found from:

Server:		8.8.8.8
Address:	8.8.8.8#53

Non-authoritative answer:
laopera.org	nameserver = ns63.domaincontrol.com.
laopera.org	nameserver = ns64.domaincontrol.com.

Authoritative answers can be found from:

Server:		8.8.8.8
Address:	8.8.8.8#53

Non-authoritative answer:
laopera.org	mail exchanger = 0 laopera-org.mail.protection.outlook.com.

Authoritative answers can be found from:

Server:		8.8.8.8
Address:	8.8.8.8#53

Non-authoritative answer:
fire.ca.gov	nameserver = keaton.ns.cloudflare.com.
fire.ca.gov	nameserver = kelly.ns.cloudflare.com.

Authoritative answers can be found from:

Server:		8.8.8.8
Address:	8.8.8.8#53

Non-authoritative answer:
ca.gov	nameserver = asa.ns.cloudflare.com.
ca.gov	nameserver = chase.ns.cloudflare.com.

Authoritative answers can be found from:

Server:		8.8.8.8
Address:	8.8.8.8#53

Non-authoritative answer:
ca.gov	mail exchanger = 50 state-ca-gov.mail.protection.outlook.com.

Authoritative answers can be found from:

Server:		8.8.8.8
Address:	8.8.8.8#53

Non-authoritative answer:
fire.ca.gov	mail exchanger = 10 mxa-009ae101.gslb.pphosted.com.
fire.ca.gov	mail exchanger = 10 mxb-009ae101.gslb.pphosted.com.

Authoritative answers can be found from:

Server:		8.8.8.8
Address:	8.8.8.8#53

Non-authoritative answer:
stfranciscenterla.org	nameserver = cameron.ns.cloudflare.com.
stfranciscenterla.org	nameserver = rachel.ns.cloudflare.com.

Authoritative answers can be found from:

Server:		8.8.8.8
Address:	8.8.8.8#53

Non-authoritative answer:
stfranciscenterla.org	mail exchanger = 10 mx10.antispam.mailspamprotection.com.
stfranciscenterla.org	mail exchanger = 20 mx20.antispam.mailspamprotection.com.
stfranciscenterla.org	mail exchanger = 30 mx30.antispam.mailspamprotection.com.

Authoritative answers can be found from:

Server:		8.8.8.8
Address:	8.8.8.8#53

Non-authoritative answer:
state.gov	mail exchanger = 20 stimson.state.gov.
state.gov	mail exchanger = 20 christopher-ew.state.gov.

Authoritative answers can be found from:

Server:		8.8.8.8
Address:	8.8.8.8#53

Non-authoritative answer:
state.gov	nameserver = a1-63.akam.net.
state.gov	nameserver = a3-66.akam.net.
state.gov	nameserver = a8-67.akam.net.
state.gov	nameserver = a9-64.akam.net.
state.gov	nameserver = a14-64.akam.net.
state.gov	nameserver = a26-65.akam.net.

Authoritative answers can be found from:

Server:		8.8.8.8
Address:	8.8.8.8#53

Non-authoritative answer:
cedars-sinai.org	nameserver = ns2.csmc.edu.
cedars-sinai.org	nameserver = ns1.csmc.edu.

Authoritative answers can be found from:

Server:		8.8.8.8
Address:	8.8.8.8#53

Non-authoritative answer:
cedars-sinai.org	mail exchanger = 10 mxa-00260502.gslb.pphosted.com.
cedars-sinai.org	mail exchanger = 10 mxb-00260502.gslb.pphosted.com.

Authoritative answers can be found from:

Server:		8.8.8.8
Address:	8.8.8.8#53

Non-authoritative answer:
embassyeritrea.org	nameserver = ns-1184.awsdns-20.org.
embassyeritrea.org	nameserver = ns-1638.awsdns-12.co.uk.
embassyeritrea.org	nameserver = ns-26.awsdns-03.com.
embassyeritrea.org	nameserver = ns-983.awsdns-58.net.

Authoritative answers can be found from:

Server:		8.8.8.8
Address:	8.8.8.8#53

Non-authoritative answer:
embassyeritrea.org	mail exchanger = 10 mx1c25.carrierzone.com.

Authoritative answers can be found from:

Server:		8.8.8.8
Address:	8.8.8.8#53

Non-authoritative answer:
ethiopianembassy.org	nameserver = ns53.domaincontrol.com.
ethiopianembassy.org	nameserver = ns54.domaincontrol.com.

Authoritative answers can be found from:

Server:		8.8.8.8
Address:	8.8.8.8#53

Non-authoritative answer:
ethiopianembassy.org	mail exchanger = 0 ethiopianembassy-org.mail.protection.outlook.com.

Authoritative answers can be found from:

Server:		8.8.8.8
Address:	8.8.8.8#53

Non-authoritative answer:
state.gov	mail exchanger = 20 stimson.state.gov.
state.gov	mail exchanger = 20 christopher-ew.state.gov.

Authoritative answers can be found from:

Server:		8.8.8.8
Address:	8.8.8.8#53

Non-authoritative answer:
embassyeritrea.org	nameserver = ns-1184.awsdns-20.org.
embassyeritrea.org	nameserver = ns-1638.awsdns-12.co.uk.
embassyeritrea.org	nameserver = ns-26.awsdns-03.com.
embassyeritrea.org	nameserver = ns-983.awsdns-58.net.

Authoritative answers can be found from:

Server:		8.8.8.8
Address:	8.8.8.8#53

Non-authoritative answer:
stfranciscenterla.org	mail exchanger = 10 mx10.antispam.mailspamprotection.com.
stfranciscenterla.org	mail exchanger = 20 mx20.antispam.mailspamprotection.com.
stfranciscenterla.org	mail exchanger = 30 mx30.antispam.mailspamprotection.com.

Authoritative answers can be found from:

Server:		8.8.8.8
Address:	8.8.8.8#53

Non-authoritative answer:
fire.ca.gov	mail exchanger = 10 mxa-009ae101.gslb.pphosted.com.
fire.ca.gov	mail exchanger = 10 mxb-009ae101.gslb.pphosted.com.

Authoritative answers can be found from:

Server:		8.8.8.8
Address:	8.8.8.8#53

Non-authoritative answer:
ca.gov	nameserver = asa.ns.cloudflare.com.
ca.gov	nameserver = chase.ns.cloudflare.com.

Authoritative answers can be found from:

Server:		8.8.8.8
Address:	8.8.8.8#53

Non-authoritative answer:
ca.gov	mail exchanger = 50 state-ca-gov.mail.protection.outlook.com.

Authoritative answers can be found from:

Server:		8.8.8.8
Address:	8.8.8.8#53

Non-authoritative answer:
starbucks.com	mail exchanger = 100 mx1.starbucks.iphmx.com.
starbucks.com	mail exchanger = 200 mx2.starbucks.iphmx.com.

Authoritative answers can be found from:

;; communications error to 8.8.8.8#53: timed out
Server:		8.8.8.8
Address:	8.8.8.8#53

Non-authoritative answer:
starbucks.com	nameserver = udns1.cscdns.net.
starbucks.com	nameserver = udns2.cscdns.uk.

Authoritative answers can be found from:

Server:		8.8.8.8
Address:	8.8.8.8#53

Non-authoritative answer:
starbucks.com	nameserver = udns1.cscdns.net.
starbucks.com	nameserver = udns2.cscdns.uk.

Authoritative answers can be found from:

Server:		8.8.8.8
Address:	8.8.8.8#53

Non-authoritative answer:
commonspirit.org	mail exchanger = 20 mx0a-00116001.pphosted.com.
commonspirit.org	mail exchanger = 20 mx0b-00116001.pphosted.com.

Authoritative answers can be found from:

Server:		8.8.8.8
Address:	8.8.8.8#53

Non-authoritative answer:
commonspirit.org	nameserver = nick.ns.cloudflare.com.
commonspirit.org	nameserver = vida.ns.cloudflare.com.

Authoritative answers can be found from:

Server:		8.8.8.8
Address:	8.8.8.8#53

Non-authoritative answer:
dignityhealth.org	nameserver = albert.ns.cloudflare.com.
dignityhealth.org	nameserver = beth.ns.cloudflare.com.

Authoritative answers can be found from:

Server:		8.8.8.8
Address:	8.8.8.8#53

Non-authoritative answer:
dignityhealth.org	mail exchanger = 10 mxa-00116001.gslb.pphosted.com.
dignityhealth.org	mail exchanger = 10 mxb-00116001.gslb.pphosted.com.

Authoritative answers can be found from:

PING dignityhealth.org (104.16.65.119) 56(84) bytes of data.
64 bytes from 104.16.65.119: icmp_seq=1 ttl=51 time=30.7 ms
64 bytes from 104.16.65.119: icmp_seq=2 ttl=51 time=61.3 ms

--- dignityhealth.org ping statistics ---
2 packets transmitted, 2 received, 0% packet loss, time 1002ms
rtt min/avg/max/mdev = 30.770/46.048/61.326/15.278 ms
Server:		8.8.8.8
Address:	8.8.8.8#53

Non-authoritative answer:
starbucks.com	nameserver = udns1.cscdns.net.
starbucks.com	nameserver = udns2.cscdns.uk.

Authoritative answers can be found from:

PING lacounty.gov (45.60.151.78) 56(84) bytes of data.
64 bytes from 45.60.151.78: icmp_seq=1 ttl=50 time=33.8 ms
64 bytes from 45.60.151.78: icmp_seq=2 ttl=50 time=56.1 ms

--- lacounty.gov ping statistics ---
2 packets transmitted, 2 received, 0% packet loss, time 1001ms
rtt min/avg/max/mdev = 33.839/45.000/56.162/11.163 ms
PING fultoncountyga.gov (20.119.136.1) 56(84) bytes of data.
64 bytes from 20.119.136.1: icmp_seq=1 ttl=109 time=83.8 ms
64 bytes from 20.119.136.1: icmp_seq=2 ttl=109 time=123 ms

--- fultoncountyga.gov ping statistics ---
2 packets transmitted, 2 received, 0% packet loss, time 1001ms
rtt min/avg/max/mdev = 83.894/103.520/123.146/19.626 ms
PING lacity.org (23.73.207.4) 56(84) bytes of data.
64 bytes from a23-73-207-4.deploy.static.akamaitechnologies.com (23.73.207.4): icmp_seq=1 ttl=51 time=94.2 ms
64 bytes from a23-73-207-4.deploy.static.akamaitechnologies.com (23.73.207.4): icmp_seq=2 ttl=51 time=117 ms

--- lacity.org ping statistics ---
2 packets transmitted, 2 received, 0% packet loss, time 1001ms
rtt min/avg/max/mdev = 94.206/105.983/117.761/11.781 ms
PING lacity.gov (23.212.251.24) 56(84) bytes of data.
64 bytes from a23-212-251-24.deploy.static.akamaitechnologies.com (23.212.251.24): icmp_seq=1 ttl=51 time=94.9 ms
64 bytes from a23-212-251-24.deploy.static.akamaitechnologies.com (23.212.251.24): icmp_seq=2 ttl=51 time=118 ms

--- lacity.gov ping statistics ---
2 packets transmitted, 2 received, 0% packet loss, time 1001ms
rtt min/avg/max/mdev = 94.994/106.719/118.444/11.725 ms
PING longbeach.gov (204.108.16.117) 56(84) bytes of data.

--- longbeach.gov ping statistics ---
2 packets transmitted, 0 received, 100% packet loss, time 1030ms

PING whitehouse.gov (192.0.66.51) 56(84) bytes of data.
64 bytes from 192.0.66.51: icmp_seq=1 ttl=49 time=24.7 ms
64 bytes from 192.0.66.51: icmp_seq=2 ttl=49 time=30.0 ms

--- whitehouse.gov ping statistics ---
2 packets transmitted, 2 received, 0% packet loss, time 1001ms
rtt min/avg/max/mdev = 24.721/27.390/30.060/2.674 ms
PING nasa.gov (192.0.66.108) 56(84) bytes of data.
64 bytes from 192.0.66.108: icmp_seq=1 ttl=49 time=35.6 ms
64 bytes from 192.0.66.108: icmp_seq=2 ttl=49 time=68.4 ms

--- nasa.gov ping statistics ---
2 packets transmitted, 2 received, 0% packet loss, time 1001ms
rtt min/avg/max/mdev = 35.607/52.038/68.470/16.433 ms
PING lacourt.org (104.42.188.146) 56(84) bytes of data.
64 bytes from 104.42.188.146: icmp_seq=1 ttl=112 time=30.3 ms
64 bytes from 104.42.188.146: icmp_seq=2 ttl=112 time=68.9 ms

--- lacourt.org ping statistics ---
2 packets transmitted, 2 received, 0% packet loss, time 1001ms
rtt min/avg/max/mdev = 30.356/49.654/68.953/19.299 ms
PING lacourt.ca.gov (104.18.12.158) 56(84) bytes of data.
64 bytes from 104.18.12.158: icmp_seq=1 ttl=51 time=26.0 ms
64 bytes from 104.18.12.158: icmp_seq=2 ttl=51 time=67.1 ms

--- lacourt.ca.gov ping statistics ---
2 packets transmitted, 2 received, 0% packet loss, time 1001ms
rtt min/avg/max/mdev = 26.093/46.608/67.123/20.515 ms
PING state.gov (100.28.244.61) 56(84) bytes of data.

--- state.gov ping statistics ---
1 packets transmitted, 0 received, 100% packet loss, time 0ms

PING level3.net (4.68.80.110) 56(84) bytes of data.

--- level3.net ping statistics ---
2 packets transmitted, 0 received, 100% packet loss, time 1001ms

<!DOCTYPE html><html><head><script>window.onload=function(){window.location.href="/lander"}</script></head></html><html>
<head><title>301 Moved Permanently</title></head>
<body>
<center><h1>301 Moved Permanently</h1></center>
<hr><center>nginx</center>
</body>
</html>
<html>
<head><title>301 Moved Permanently</title></head>
<body>
<center><h1>301 Moved Permanently</h1></center>
<hr><center>nginx</center>
</body>
</html>
;; communications error to 8.8.8.8#53: timed out
Server:		8.8.8.8
Address:	8.8.8.8#53

Non-authoritative answer:
virtiserv.com	nameserver = ns29.domaincontrol.com.
virtiserv.com	nameserver = ns30.domaincontrol.com.

Authoritative answers can be found from:

Server:		8.8.8.8
Address:	8.8.8.8#53

Non-authoritative answer:
*** Can't find virtiserv.com: No answer

Authoritative answers can be found from:
virtiserv.com
	origin = ns29.domaincontrol.com
	mail addr = dns.jomax.net
	serial = 2024102401
	refresh = 28800
	retry = 7200
	expire = 604800
	minimum = 600

CURRENT DNS MAP
 #NEWS ra5hard.github.io  && cnn.com/2001/TECH/industry/09/11/akamai.founder/index.html
https://archive.org/details/losangelesenormo0000weav #NEWS ra5hard.github.io  && cnn.com/2001/TECH/industry/09/11/akamai.founder/index.html
Linux localhost 4.19.191 #1 SMP PREEMPT Mon Mar 9 22:18:51 CST 2026 aarch64 Android
lo: flags=73<UP,LOOPBACK,RUNNING>  mtu 65536
        inet 127.0.0.1  netmask 255.0.0.0
        unspec 00-00-00-00-00-00-00-00-00-00-00-00-00-00-00-00  txqueuelen 1000  (UNSPEC)

wlan0: flags=4163<UP,BROADCAST,RUNNING,MULTICAST>  mtu 1500
        inet 192.168.10.41  netmask 255.255.255.0  broadcast 192.168.10.255
        unspec 00-00-00-00-00-00-00-00-00-00-00-00-00-00-00-00  txqueuelen 3000  (UNSPEC)

 19:37:11 up 13 days,  6:44,  load average: 14.15, 15.62, 16.02
      May 2026      
Su Mo Tu We Th Fr Sa
                1  2
 3  4  5  6  7  8  9
10 11 12 13 14 15 16
17 18 19 20 21 22 23
24 25 26 27 28 29 30
31                  
;; communications error to 8.8.8.8#53: timed out
;; communications error to 8.8.8.8#53: timed out
;; communications error to 8.8.8.8#53: timed out
Server:		8.8.4.4
Address:	8.8.4.4#53

Non-authoritative answer:
jpl.nasa.gov	nameserver = a1-91.akam.net.
jpl.nasa.gov	nameserver = a2-67.akam.net.
jpl.nasa.gov	nameserver = a7-65.akam.net.
jpl.nasa.gov	nameserver = a8-65.akam.net.
jpl.nasa.gov	nameserver = a11-67.akam.net.
jpl.nasa.gov	nameserver = a14-67.akam.net.

Authoritative answers can be found from:

Server:		8.8.8.8
Address:	8.8.8.8#53

Non-authoritative answer:
jpl.nasa.gov	mail exchanger = 20 mxa-0020b901.gslb.pphosted.com.
jpl.nasa.gov	mail exchanger = 20 mxb-0020b901.gslb.pphosted.com.

Authoritative answers can be found from:

Server:		8.8.8.8
Address:	8.8.8.8#53

Non-authoritative answer:
esa.int	nameserver = ns1.esa.int.
esa.int	nameserver = ns2.esa.int.
esa.int	nameserver = ns3.esa.int.
esa.int	nameserver = ns4.esa.int.

Authoritative answers can be found from:

Server:		8.8.8.8
Address:	8.8.8.8#53

Non-authoritative answer:
esa.int	mail exchanger = 10 esa-int.mail.protection.outlook.com.

Authoritative answers can be found from:

Server:		8.8.8.8
Address:	8.8.8.8#53

Non-authoritative answer:
karenbass.com	mail exchanger = 1 aspmx.l.google.com.
karenbass.com	mail exchanger = 10 alt3.aspmx.l.google.com.
karenbass.com	mail exchanger = 10 alt4.aspmx.l.google.com.
karenbass.com	mail exchanger = 5 alt1.aspmx.l.google.com.
karenbass.com	mail exchanger = 5 alt2.aspmx.l.google.com.

Authoritative answers can be found from:

Server:		8.8.8.8
Address:	8.8.8.8#53

Non-authoritative answer:
karenbass.com	nameserver = conrad.ns.cloudflare.com.
karenbass.com	nameserver = nicole.ns.cloudflare.com.

Authoritative answers can be found from:

Server:		8.8.8.8
Address:	8.8.8.8#53

Non-authoritative answer:
howard.edu	nameserver = ns1-03.azure-dns.com.
howard.edu	nameserver = ns2-03.azure-dns.net.
howard.edu	nameserver = ns3-03.azure-dns.org.
howard.edu	nameserver = ns4-03.azure-dns.info.

Authoritative answers can be found from:

Server:		8.8.8.8
Address:	8.8.8.8#53

Non-authoritative answer:
howard.edu	mail exchanger = 0 howard-edu.mail.protection.outlook.com.

Authoritative answers can be found from:

Server:		8.8.8.8
Address:	8.8.8.8#53

Non-authoritative answer:
nasa.gov	nameserver = a1-32.akam.net.
nasa.gov	nameserver = a5-66.akam.net.
nasa.gov	nameserver = a8-66.akam.net.
nasa.gov	nameserver = a9-64.akam.net.
nasa.gov	nameserver = a12-64.akam.net.
nasa.gov	nameserver = a14-67.akam.net.

Authoritative answers can be found from:

Server:		8.8.8.8
Address:	8.8.8.8#53

Non-authoritative answer:
nasa.gov	mail exchanger = 0 nasa-gov.mail.protection.outlook.com.

Authoritative answers can be found from:


; <<>> DiG 9.20.18 <<>> nasa.gov +trace MX
;; global options: +cmd
.			515257	IN	NS	a.root-servers.net.
.			515257	IN	NS	b.root-servers.net.
.			515257	IN	NS	c.root-servers.net.
.			515257	IN	NS	d.root-servers.net.
.			515257	IN	NS	e.root-servers.net.
.			515257	IN	NS	f.root-servers.net.
.			515257	IN	NS	g.root-servers.net.
.			515257	IN	NS	h.root-servers.net.
.			515257	IN	NS	i.root-servers.net.
.			515257	IN	NS	j.root-servers.net.
.			515257	IN	NS	k.root-servers.net.
.			515257	IN	NS	l.root-servers.net.
.			515257	IN	NS	m.root-servers.net.
.			515257	IN	RRSIG	NS 8 0 518400 20260521170000 20260508160000 54393 . BFnyBsh4sgx0Etq7ASckWjh53sgbXOnjpJGiCj7el/8CpvV3QiTFuPft ci0e6J2Ic9oZstpF76ZaUQRkDI9Pyj4Vs5C6ehe811HQ+0YKU0DRwLTp jShgNY2tb8g2LFHa5//5mI2oXhUKAjIt7IJaCgrlXfSo6bpp8p4bOBmM xqocooljmMxjEr7yctF3bBAw/10+BW/jhTCj2MV2iohu1ep8kmUdQXOI a3oxQinXFCpFtV4KT5cN6jA+2qmWTvtg85aqcTB7rRWqe+7L6vmvZL1F hv1wJ8u6tyU1DagtwcApp55/iYdUPeJRWm6Ha/PAVCjghaLK7O6GEMVq NXVhHQ==
;; Received 525 bytes from 8.8.8.8#53(8.8.8.8) in 80 ms

;; Received 97 bytes from 198.41.0.4#53(a.root-servers.net) in 28 ms

;; communications error to 8.8.8.8#53: timed out

; <<>> DiG 9.20.18 <<>> nasa.gov +trace MX
;; global options: +cmd
.			510237	IN	NS	a.root-servers.net.
.			510237	IN	NS	b.root-servers.net.
.			510237	IN	NS	c.root-servers.net.
.			510237	IN	NS	d.root-servers.net.
.			510237	IN	NS	e.root-servers.net.
.			510237	IN	NS	f.root-servers.net.
.			510237	IN	NS	g.root-servers.net.
.			510237	IN	NS	h.root-servers.net.
.			510237	IN	NS	i.root-servers.net.
.			510237	IN	NS	j.root-servers.net.
.			510237	IN	NS	k.root-servers.net.
.			510237	IN	NS	l.root-servers.net.
.			510237	IN	NS	m.root-servers.net.
.			510237	IN	RRSIG	NS 8 0 518400 20260521170000 20260508160000 54393 . BFnyBsh4sgx0Etq7ASckWjh53sgbXOnjpJGiCj7el/8CpvV3QiTFuPft ci0e6J2Ic9oZstpF76ZaUQRkDI9Pyj4Vs5C6ehe811HQ+0YKU0DRwLTp jShgNY2tb8g2LFHa5//5mI2oXhUKAjIt7IJaCgrlXfSo6bpp8p4bOBmM xqocooljmMxjEr7yctF3bBAw/10+BW/jhTCj2MV2iohu1ep8kmUdQXOI a3oxQinXFCpFtV4KT5cN6jA+2qmWTvtg85aqcTB7rRWqe+7L6vmvZL1F hv1wJ8u6tyU1DagtwcApp55/iYdUPeJRWm6Ha/PAVCjghaLK7O6GEMVq NXVhHQ==
;; Received 525 bytes from 8.8.8.8#53(8.8.8.8) in 36 ms

;; Received 97 bytes from 198.41.0.4#53(a.root-servers.net) in 44 ms


; <<>> DiG 9.20.18 <<>> commerce.gov +trace MX
;; global options: +cmd
.			513977	IN	NS	a.root-servers.net.
.			513977	IN	NS	b.root-servers.net.
.			513977	IN	NS	c.root-servers.net.
.			513977	IN	NS	d.root-servers.net.
.			513977	IN	NS	e.root-servers.net.
.			513977	IN	NS	f.root-servers.net.
.			513977	IN	NS	g.root-servers.net.
.			513977	IN	NS	h.root-servers.net.
.			513977	IN	NS	i.root-servers.net.
.			513977	IN	NS	j.root-servers.net.
.			513977	IN	NS	k.root-servers.net.
.			513977	IN	NS	l.root-servers.net.
.			513977	IN	NS	m.root-servers.net.
.			513977	IN	RRSIG	NS 8 0 518400 20260521170000 20260508160000 54393 . BFnyBsh4sgx0Etq7ASckWjh53sgbXOnjpJGiCj7el/8CpvV3QiTFuPft ci0e6J2Ic9oZstpF76ZaUQRkDI9Pyj4Vs5C6ehe811HQ+0YKU0DRwLTp jShgNY2tb8g2LFHa5//5mI2oXhUKAjIt7IJaCgrlXfSo6bpp8p4bOBmM xqocooljmMxjEr7yctF3bBAw/10+BW/jhTCj2MV2iohu1ep8kmUdQXOI a3oxQinXFCpFtV4KT5cN6jA+2qmWTvtg85aqcTB7rRWqe+7L6vmvZL1F hv1wJ8u6tyU1DagtwcApp55/iYdUPeJRWm6Ha/PAVCjghaLK7O6GEMVq NXVhHQ==
;; Received 525 bytes from 8.8.8.8#53(8.8.8.8) in 64 ms

;; Received 101 bytes from 192.203.230.10#53(e.root-servers.net) in 44 ms

traceroute to commerce.gov (172.65.90.24), 30 hops max, 60 byte packets
 1  cp.local.tld (192.168.10.1)  2.264 ms  1.801 ms  1.664 ms
 2  211.sub-66-174-158.myvzw.com (66.174.158.211)  35.281 ms  34.659 ms  34.397 ms
 3  * * *
 4  146.sub-69-83-180.myvzw.com (69.83.180.146)  36.520 ms  48.301 ms  47.602 ms
 5  * * *
 6  216.sub-69-83-176.myvzw.com (69.83.176.216)  45.230 ms  33.340 ms  31.632 ms
 7  220.sub-69-83-176.myvzw.com (69.83.176.220)  33.763 ms  40.015 ms  38.476 ms
 8  173.sub-69-83-176.myvzw.com (69.83.176.173)  38.093 ms  37.458 ms  36.497 ms
 9  * * *
10  customer.alter.net (157.130.245.122)  34.667 ms  43.432 ms *
11  141.101.72.81 (141.101.72.81)  183.156 ms 141.101.72.100 (141.101.72.100)  163.742 ms 141.101.72.29 (141.101.72.29)  161.425 ms
12  * * *
13  * * *
14  * * *
15  * * *
16  * * *
17  *