CURRENT DNS MAP @la-county-isd @whitehouse @nasa-pds @blackgirlscode @fbicyber
Tue Jun  2 06:01:51 PDT 2026
 #NEWS ra5hard.github.io @nasa-jpl  && cnn.com/2001/TECH/industry/09/11/akamai.founder/index.html
https://archive.org/details/losangelesenormo0000weav #NEWS ra5hard.github.io  && cnn.com/2001/TECH/industry/09/11/akamai.founder/index.html
Linux localhost 4.19.191 #1 SMP PREEMPT Mon Mar 9 22:18:51 CST 2026 aarch64 Android
lo: flags=73<UP,LOOPBACK,RUNNING>  mtu 65536
        inet 127.0.0.1  netmask 255.0.0.0
        unspec 00-00-00-00-00-00-00-00-00-00-00-00-00-00-00-00  txqueuelen 1000  (UNSPEC)

wlan0: flags=4163<UP,BROADCAST,RUNNING,MULTICAST>  mtu 1500
        inet 10.224.93.11  netmask 255.0.0.0  broadcast 10.255.255.255
        unspec 00-00-00-00-00-00-00-00-00-00-00-00-00-00-00-00  txqueuelen 3000  (UNSPEC)

 06:01:51 up 12 days, 15:40,  load average: 19.90, 16.76, 15.09
Tue Jun  2 06:01:51 PDT 2026
real-time non-blocking time  (microseconds, -R) unlimited
core file size              (blocks, -c) 0
data seg size               (kbytes, -d) unlimited
scheduling priority                 (-e) 40
file size                   (blocks, -f) unlimited
pending signals                     (-i) 9112
max locked memory           (kbytes, -l) unlimited
max memory size             (kbytes, -m) unlimited
open files                          (-n) 32768
pipe size                (512 bytes, -p) 8
POSIX message queues         (bytes, -q) 819200
real-time priority                  (-r) 0
stack size                  (kbytes, -s) 8192
cpu time                   (seconds, -t) unlimited
max user processes                  (-u) 9112
virtual memory              (kbytes, -v) unlimited
file locks                          (-x) unlimited
traceroute to localhost (127.0.0.1), 30 hops max, 60 byte packets
 1  localhost (127.0.0.1)  0.324 ms  0.227 ms  0.228 ms
      June 2026     
Su Mo Tu We Th Fr Sa
    1  2  3  4  5  6
 7  8  9 10 11 12 13
14 15 16 17 18 19 20
21 22 23 24 25 26 27
28 29 30            
                    
Server:		8.8.8.8
Address:	8.8.8.8#53

Non-authoritative answer:
spacex.com	mail exchanger = 5 mxb-003ea501.gslb.gpphosted.com.
spacex.com	mail exchanger = 5 mxa-003ea501.gslb.gpphosted.com.

Authoritative answers can be found from:

Server:		8.8.8.8
Address:	8.8.8.8#53

Non-authoritative answer:
spacex.com	nameserver = ns-cloud-b1.googledomains.com.
spacex.com	nameserver = ns-cloud-b2.googledomains.com.
spacex.com	nameserver = ns-cloud-b4.googledomains.com.
spacex.com	nameserver = ns-cloud-b3.googledomains.com.

Authoritative answers can be found from:

spacex.com has address 104.18.26.217
spacex.com has address 104.18.27.217
;; communications error to 8.8.8.8#53: timed out
spacex.com has IPv6 address 2606:4700::6812:1ad9
spacex.com has IPv6 address 2606:4700::6812:1bd9
spacex.com mail is handled by 5 mxb-003ea501.gslb.gpphosted.com.
spacex.com mail is handled by 5 mxa-003ea501.gslb.gpphosted.com.
;; communications error to 8.8.8.8#53: timed out
Server:		8.8.8.8
Address:	8.8.8.8#53

Non-authoritative answer:
*** Can't find whitehouse.gov: No answer

Authoritative answers can be found from:
whitehouse.gov
	origin = ernest.ns.cloudflare.com
	mail addr = dns.cloudflare.com
	serial = 2405393841
	refresh = 10000
	retry = 2400
	expire = 604800
	minimum = 1800

Server:		8.8.8.8
Address:	8.8.8.8#53

Non-authoritative answer:
whitehouse.gov	nameserver = wally.ns.cloudflare.com.
whitehouse.gov	nameserver = ernest.ns.cloudflare.com.

Authoritative answers can be found from:

Trying "whitehouse.gov"
;; communications error to 8.8.8.8#53: timed out
;; ->>HEADER<<- opcode: QUERY, status: NOERROR, id: 25151
;; flags: qr rd ra; QUERY: 1, ANSWER: 2, AUTHORITY: 0, ADDITIONAL: 0

;; QUESTION SECTION:
;whitehouse.gov.			IN	ANY

;; ANSWER SECTION:
whitehouse.gov.		3600	IN	HINFO	"RFC8482" ""
whitehouse.gov.		3600	IN	RRSIG	HINFO 13 2 3600 20260603140210 20260601120210 34505 whitehouse.gov. QPzs8xFulCutejxwC6tCRAdJL8tWKNaVlDhJREG6E9nIV7QtMJSGEsGc a0SpZ1QyP4g5P/knE4g3uAtV2UVaVA==

Received 163 bytes from 8.8.8.8#53 in 176 ms
Trying "war.gov"
Trying "war.gov"
Host war.gov not found: 5(REFUSED)
Received 25 bytes from 8.8.8.8#53 in 68 ms
Server:		8.8.8.8
Address:	8.8.8.8#53

Non-authoritative answer:
*** Can't find war.gov: No answer

Authoritative answers can be found from:
war.gov
	origin = asia2.akam.net
	mail addr = hostmaster.war.gov
	serial = 2025090513
	refresh = 3600
	retry = 600
	expire = 604800
	minimum = 300

Server:		8.8.8.8
Address:	8.8.8.8#53

Non-authoritative answer:
war.gov	nameserver = usc5.akam.net.
war.gov	nameserver = ns1-116.akam.net.
war.gov	nameserver = use2.akam.net.
war.gov	nameserver = asia3.akam.net.
war.gov	nameserver = eur6.akam.net.
war.gov	nameserver = use9.akam.net.
war.gov	nameserver = asia2.akam.net.
war.gov	nameserver = ns1-95.akam.net.

Authoritative answers can be found from:

Server:		8.8.8.8
Address:	8.8.8.8#53

Non-authoritative answer:
jpl.nasa.gov	nameserver = a7-65.akam.net.
jpl.nasa.gov	nameserver = a11-67.akam.net.
jpl.nasa.gov	nameserver = a1-91.akam.net.
jpl.nasa.gov	nameserver = a14-67.akam.net.
jpl.nasa.gov	nameserver = a2-67.akam.net.
jpl.nasa.gov	nameserver = a8-65.akam.net.

Authoritative answers can be found from:

Server:		8.8.8.8
Address:	8.8.8.8#53

Non-authoritative answer:
jpl.nasa.gov	mail exchanger = 20 mxb-0020b901.gslb.pphosted.com.
jpl.nasa.gov	mail exchanger = 20 mxa-0020b901.gslb.pphosted.com.

Authoritative answers can be found from:

Server:		8.8.8.8
Address:	8.8.8.8#53

Non-authoritative answer:
uahirise.org	nameserver = einstein1.lpl.arizona.edu.
uahirise.org	nameserver = einstein2.lpl.arizona.edu.

Authoritative answers can be found from:

;; communications error to 8.8.8.8#53: timed out
Server:		8.8.8.8
Address:	8.8.8.8#53

Non-authoritative answer:
uahirise.org	mail exchanger = 10 pirlmail.lpl.arizona.edu.
uahirise.org	mail exchanger = 10 usb-smtp-inbound-1.mimecast.com.
uahirise.org	mail exchanger = 10 usb-smtp-inbound-2.mimecast.com.

Authoritative answers can be found from:

Server:		8.8.8.8
Address:	8.8.8.8#53

Non-authoritative answer:
home.treasury.gov	canonical name = home.treasury.gov.edgekey.net.
home.treasury.gov.edgekey.net	canonical name = e289631.dscb.akamaiedge.net.

Authoritative answers can be found from:
dscb.akamaiedge.net
	origin = n0dscb.akamaiedge.net
	mail addr = hostmaster.akamai.com
	serial = 1780405337
	refresh = 1000
	retry = 1000
	expire = 1000
	minimum = 1800

Server:		8.8.8.8
Address:	8.8.8.8#53

Non-authoritative answer:
home.treasury.gov	canonical name = home.treasury.gov.edgekey.net.
home.treasury.gov.edgekey.net	canonical name = e289631.dscb.akamaiedge.net.

Authoritative answers can be found from:
dscb.akamaiedge.net
	origin = n0dscb.akamaiedge.net
	mail addr = hostmaster.akamai.com
	serial = 1780405337
	refresh = 1000
	retry = 1000
	expire = 1000
	minimum = 1800

Server:		8.8.8.8
Address:	8.8.8.8#53

Non-authoritative answer:
treasurer.ca.gov	nameserver = rafe.ns.cloudflare.com.
treasurer.ca.gov	nameserver = olof.ns.cloudflare.com.

Authoritative answers can be found from:

Server:		8.8.8.8
Address:	8.8.8.8#53

Non-authoritative answer:
treasurer.ca.gov	mail exchanger = 10 treasurer-ca-gov.mail.protection.outlook.com.

Authoritative answers can be found from:

Server:		8.8.8.8
Address:	8.8.8.8#53

Non-authoritative answer:
navy.mil	nameserver = dns4.disa.mil.
navy.mil	nameserver = dns2.disa.mil.
navy.mil	nameserver = dns1.disa.mil.
navy.mil	nameserver = dns5.disa.mil.
navy.mil	nameserver = dns3.disa.mil.

Authoritative answers can be found from:

;; communications error to 8.8.8.8#53: timed out
Server:		8.8.8.8
Address:	8.8.8.8#53

Non-authoritative answer:
navy.mil	mail exchanger = 30 mx14.nmci.navy.mil.
navy.mil	mail exchanger = 30 mx15.nmci.navy.mil.
navy.mil	mail exchanger = 30 mx13.nmci.navy.mil.
navy.mil	mail exchanger = 10 pri-jeemsg.eemsg.mail.mil.
navy.mil	mail exchanger = 20 sec-jeemsg.eemsg.mail.mil.

Authoritative answers can be found from:

Server:		8.8.8.8
Address:	8.8.8.8#53

Non-authoritative answer:
navy.com	nameserver = simon.ns.cloudflare.com.
navy.com	nameserver = vera.ns.cloudflare.com.

Authoritative answers can be found from:

Server:		8.8.8.8
Address:	8.8.8.8#53

Non-authoritative answer:
navy.com	mail exchanger = 20 mx2.simplelogin.co.
navy.com	mail exchanger = 10 mx1.simplelogin.co.

Authoritative answers can be found from:

Server:		8.8.8.8
Address:	8.8.8.8#53

Non-authoritative answer:
esa.int	nameserver = ns4.esa.int.
esa.int	nameserver = ns1.esa.int.
esa.int	nameserver = ns3.esa.int.
esa.int	nameserver = ns2.esa.int.

Authoritative answers can be found from:

Server:		8.8.8.8
Address:	8.8.8.8#53

Non-authoritative answer:
esa.int	mail exchanger = 10 esa-int.mail.protection.outlook.com.

Authoritative answers can be found from:

Server:		8.8.8.8
Address:	8.8.8.8#53

Non-authoritative answer:
spacetelescope.org	nameserver = fay.ns.cloudflare.com.
spacetelescope.org	nameserver = jack.ns.cloudflare.com.

Authoritative answers can be found from:

Server:		8.8.8.8
Address:	8.8.8.8#53

Non-authoritative answer:
*** Can't find spacetelescope.org: No answer

Authoritative answers can be found from:
spacetelescope.org
	origin = fay.ns.cloudflare.com
	mail addr = dns.cloudflare.com
	serial = 2404693820
	refresh = 10000
	retry = 2400
	expire = 604800
	minimum = 1800

traceroute to reelecthydee.com (185.230.63.186), 30 hops max, 60 byte packets
 1  * cp.local.tld (192.168.32.1)  14.331 ms *
 2  225.sub-66-174-219.myvzw.com (66.174.219.225)  110.452 ms  108.883 ms  107.230 ms
 3  * * *
 4  * * *
 5  146.sub-69-83-165.myvzw.com (69.83.165.146)  96.797 ms  95.366 ms  93.231 ms
 6  * * *
 7  * * *
 8  192.sub-69-83-161.myvzw.com (69.83.161.192)  39.746 ms  41.950 ms  40.175 ms
 9  183.sub-69-83-160.myvzw.com (69.83.160.183)  44.847 ms  39.286 ms  47.636 ms
10  * * *
11  ae-43.a04.snjsca04.us.bb.gin.ntt.net (129.250.9.164)  45.867 ms  54.100 ms  119.564 ms
12  ae-2.r27.snjsca04.us.bb.gin.ntt.net (129.250.5.246)  42.417 ms  47.756 ms  35.602 ms
13  ae-3.r27.sttlwa01.us.bb.gin.ntt.net (129.250.3.29)  64.382 ms  76.697 ms  172.864 ms
14  ae-25.a02.sttlwa01.us.bb.gin.ntt.net (129.250.2.145)  77.122 ms  64.767 ms  73.004 ms
15  * * *
16  * * *
17  * * *
18  * * *
19  * * *
20  * * *
21  * * *
22  * * *
23  * * *
24  * * *
25  * * *
26  * * *
27  * * *
28  * * *
29  * * *
30  * * *
Server:		8.8.8.8
Address:	8.8.8.8#53

Non-authoritative answer:
reelecthydee.com	nameserver = ns6.wixdns.net.
reelecthydee.com	nameserver = ns7.wixdns.net.

Authoritative answers can be found from:

Server:		8.8.8.8
Address:	8.8.8.8#53

Non-authoritative answer:
reelecthydee.com	mail exchanger = 10 aspmx.l.google.com.

Authoritative answers can be found from:

Server:		8.8.8.8
Address:	8.8.8.8#53

Non-authoritative answer:
global.jaxa.jp	canonical name = fanfun.exst.jaxa.jp.
fanfun.exst.jaxa.jp	canonical name = ves-io-12ba2681-cc67-43ba-8133-7e72b6c88160.ac.vh.ves.io.

Authoritative answers can be found from:
ac.vh.ves.io
	origin = ns-1673.awsdns-17.co.uk
	mail addr = awsdns-hostmaster.amazon.com
	serial = 1
	refresh = 7200
	retry = 900
	expire = 1209600
	minimum = 86400

Server:		8.8.8.8
Address:	8.8.8.8#53

Non-authoritative answer:
global.jaxa.jp	canonical name = fanfun.exst.jaxa.jp.
fanfun.exst.jaxa.jp	canonical name = ves-io-12ba2681-cc67-43ba-8133-7e72b6c88160.ac.vh.ves.io.

Authoritative answers can be found from:
ac.vh.ves.io
	origin = ns-1673.awsdns-17.co.uk
	mail addr = awsdns-hostmaster.amazon.com
	serial = 1
	refresh = 7200
	retry = 900
	expire = 1209600
	minimum = 86400

Server:		8.8.8.8
Address:	8.8.8.8#53

Non-authoritative answer:
gov.uk	nameserver = nsc.nic.uk.
gov.uk	nameserver = dns2.nic.uk.
gov.uk	nameserver = dns1.nic.uk.
gov.uk	nameserver = dns4.nic.uk.
gov.uk	nameserver = nsa.nic.uk.
gov.uk	nameserver = nsd.nic.uk.
gov.uk	nameserver = dns3.nic.uk.
gov.uk	nameserver = nsb.nic.uk.

Authoritative answers can be found from:

Server:		8.8.8.8
Address:	8.8.8.8#53

Non-authoritative answer:
*** Can't find gov.uk: No answer

Authoritative answers can be found from:
gov.uk
	origin = dns1.nic.uk
	mail addr = hostmaster.nominet.org.uk
	serial = 1780404313
	refresh = 900
	retry = 300
	expire = 2419200
	minimum = 3600

;; communications error to 8.8.8.8#53: timed out
;; communications error to 8.8.8.8#53: timed out
;; communications error to 8.8.8.8#53: timed out
;; communications error to 8.8.4.4#53: timed out

; <<>> DiG 9.20.22 <<>> whitehouse.gov NS +trace
;; global options: +cmd
;; no servers could be reached
;; communications error to 8.8.8.8#53: timed out
trumpcard.gov has address 104.18.18.173
trumpcard.gov has address 104.18.19.173
trumpcard.gov has IPv6 address 2606:4700::6812:13ad
trumpcard.gov has IPv6 address 2606:4700::6812:12ad
trumpcard.gov mail is handled by 60 route1.mx.cloudflare.net.
trumpcard.gov mail is handled by 23 route2.mx.cloudflare.net.
trumpcard.gov mail is handled by 61 route3.mx.cloudflare.net.
trumpcard.gov has HTTP service bindings 1 . alpn="h2" ipv4hint=104.18.18.173,104.18.19.173 ipv6hint=2606:4700::6812:12ad,2606:4700::6812:13ad
commerce.gov has address 172.65.90.24
commerce.gov has address 172.65.90.27
commerce.gov has address 172.65.90.26
commerce.gov has address 172.65.90.25
commerce.gov has IPv6 address 2606:4700:78::90:0:181
commerce.gov has IPv6 address 2606:4700:78::90:0:180
commerce.gov has IPv6 address 2606:4700:78::90:0:182
commerce.gov has IPv6 address 2606:4700:78::90:0:183
commerce.gov mail is handled by 0 commerce-gov.mail.protection.outlook.com.
usgs.gov has address 137.227.229.78
usgs.gov mail is handled by 0 usgs-gov.mail.protection.outlook.com.
pbs.org has address 54.225.198.196
pbs.org has address 54.225.206.152
pbs.org mail is handled by 10 pbs-org.mail.protection.outlook.com.
Server:		8.8.8.8
Address:	8.8.8.8#53

Non-authoritative answer:
usps.com	nameserver = dns141.usps.com.
usps.com	nameserver = dns082.usps.com.

Authoritative answers can be found from:

Server:		8.8.8.8
Address:	8.8.8.8#53

Non-authoritative answer:
usps.com	mail exchanger = 10 mxa-0038fd02.gslb.gpphosted.com.
usps.com	mail exchanger = 10 mxb-0038fd02.gslb.gpphosted.com.

Authoritative answers can be found from:


; <<>> DiG 9.20.22 <<>> usps.com ANY
;; global options: +cmd
;; Got answer:
;; ->>HEADER<<- opcode: QUERY, status: NOERROR, id: 51010
;; flags: qr rd ra; QUERY: 1, ANSWER: 17, AUTHORITY: 0, ADDITIONAL: 1

;; OPT PSEUDOSECTION:
; EDNS: version: 0, flags:; udp: 512
;; QUESTION SECTION:
;usps.com.			IN	ANY

;; ANSWER SECTION:
usps.com.		3600	IN	SOA	dns141.usps.com. domainadmin.imail.usps.gov. 711473894 3600 1800 1209600 1800
usps.com.		3600	IN	TXT	"google-site-verification=g8v2m4CGzjzeR7BlXEWdkPw_Vee3KLd5Msu1oxq9X4Y"
usps.com.		3600	IN	TXT	"xh9xzqypj83py3z3049hr39d5m75sffn"
usps.com.		3600	IN	TXT	"m8gzt1kxn0b8hm22m2154p7dgkwrqllc"
usps.com.		3600	IN	TXT	"U0S4P86940"
usps.com.		3600	IN	TXT	"v=spf1 ip4:56.0.0.0/16 -all"
usps.com.		3600	IN	TXT	"apple-domain-verification=1mTpTvcYUbpLD2DCGn6S7e8E7GNEuCbLmsnOVoINlXk"
usps.com.		3600	IN	TXT	"MS=ms75843013"
usps.com.		3600	IN	TXT	"t5cmxmtc9bsyn3lnh9cp61w7zl6p9dmh"
usps.com.		3600	IN	TXT	"5gnbvs23tq9vmq20zmtgsydzs39qpksb"
usps.com.		3600	IN	TXT	"MS=891EBC03C14DB5081F9801A66F922A606978EBD3"
usps.com.		3600	IN	TXT	"wbbcfpqr2lfkgls6hh8gtxrn3y16p7yx"
usps.com.		3600	IN	MX	10 mxb-0038fd02.gslb.gpphosted.com.
usps.com.		3600	IN	MX	10 mxa-0038fd02.gslb.gpphosted.com.
usps.com.		300	IN	A	56.0.134.100
usps.com.		3600	IN	NS	dns082.usps.com.
usps.com.		3600	IN	NS	dns141.usps.com.

;; Query time: 88 msec
;; SERVER: 8.8.8.8#53(8.8.8.8) (TCP)
;; WHEN: Tue Jun 02 06:03:15 PDT 2026
;; MSG SIZE  rcvd: 763

Server:		8.8.8.8
Address:	8.8.8.8#53

Non-authoritative answer:
wp1-ext.usps.gov	canonical name = wildcard.usps.com.edgekey.net.
wildcard.usps.com.edgekey.net	canonical name = e6531.dsca.akamaiedge.net.

Authoritative answers can be found from:
dsca.akamaiedge.net
	origin = n0dsca.akamaiedge.net
	mail addr = hostmaster.akamai.com
	serial = 1780405396
	refresh = 1000
	retry = 1000
	expire = 1000
	minimum = 1800

Server:		8.8.8.8
Address:	8.8.8.8#53

Non-authoritative answer:
wp1-ext.usps.gov	canonical name = wildcard.usps.com.edgekey.net.
wildcard.usps.com.edgekey.net	canonical name = e6531.dsca.akamaiedge.net.

Authoritative answers can be found from:
dsca.akamaiedge.net
	origin = n0dsca.akamaiedge.net
	mail addr = hostmaster.akamai.com
	serial = 1780405396
	refresh = 1000
	retry = 1000
	expire = 1000
	minimum = 1800


; <<>> DiG 9.20.22 <<>> wp1-ext.usps.gov ANY
;; global options: +cmd
;; Got answer:
;; ->>HEADER<<- opcode: QUERY, status: NOERROR, id: 4465
;; flags: qr rd ra ad; QUERY: 1, ANSWER: 2, AUTHORITY: 0, ADDITIONAL: 1

;; OPT PSEUDOSECTION:
; EDNS: version: 0, flags:; udp: 512
;; QUESTION SECTION:
;wp1-ext.usps.gov.		IN	ANY

;; ANSWER SECTION:
wp1-ext.usps.gov.	300	IN	RRSIG	CNAME 7 3 300 20260610033805 20260531032531 36053 usps.gov. V/lH7HdiZBUYbyJT20wYIHPjP3bzKC1k7j+iVo+Rk3d0LXLqLyQs9BRQ iRTkCzV6+eowafhu9PLtLbDEMr2hxy87bDidn5vooZ114WSlx6oZlzlL jzTRdMe+snwP8kTnaZ9JQnomCx0gmLW76crqPyhCFNOxWSurv01UcFTY VaE=
wp1-ext.usps.gov.	300	IN	CNAME	wildcard.usps.com.edgekey.net.

;; Query time: 220 msec
;; SERVER: 8.8.8.8#53(8.8.8.8) (TCP)
;; WHEN: Tue Jun 02 06:03:15 PDT 2026
;; MSG SIZE  rcvd: 256

Server:		8.8.8.8
Address:	8.8.8.8#53

Non-authoritative answer:
uspto.com	mail exchanger = 0 mail.uspto.com.

Authoritative answers can be found from:

Server:		8.8.8.8
Address:	8.8.8.8#53

Non-authoritative answer:
uspto.com	nameserver = ns6.mpower.nl.
uspto.com	nameserver = ns5.mpower.nl.

Authoritative answers can be found from:

Trying "gov.uk"
Trying "gov.uk"
;; communications error to 8.8.8.8#53: end of file
Trying "gov.uk"
Host gov.uk not found: 5(REFUSED)
Received 24 bytes from 8.8.8.8#53 in 60 ms
Trying "africanspaceagency.org"
Trying "africanspaceagency.org"
Host africanspaceagency.org not found: 5(REFUSED)
Received 40 bytes from 8.8.8.8#53 in 56 ms
Trying "asal.dz"
;; communications error to 8.8.8.8#53: timed out
;; ->>HEADER<<- opcode: QUERY, status: NOERROR, id: 27498
;; flags: qr rd ra; QUERY: 1, ANSWER: 8, AUTHORITY: 0, ADDITIONAL: 0

;; QUESTION SECTION:
;asal.dz.			IN	ANY

;; ANSWER SECTION:
asal.dz.		800	IN	A	197.112.125.122
asal.dz.		300	IN	MX	10 mail.asal.dz.
asal.dz.		300	IN	NS	dns-3.djaweb.dz.
asal.dz.		300	IN	NS	dns-1.djaweb.dz.
asal.dz.		300	IN	NS	dns-4.djaweb.dz.
asal.dz.		300	IN	NS	dns-2.djaweb.dz.
asal.dz.		300	IN	TXT	"v=spf1 mx a ip4:196.20.73.35/32 a:mail.asal.dz -all"
asal.dz.		300	IN	SOA	dns-1.djaweb.dz. hosting.djaweb.dz. 254308 43200 3600 604800 86400

Received 257 bytes from 8.8.8.8#53 in 844 ms
Trying "mayor.lacity.gov"
;; ->>HEADER<<- opcode: QUERY, status: NOERROR, id: 61218
;; flags: qr rd ra; QUERY: 1, ANSWER: 1, AUTHORITY: 0, ADDITIONAL: 0

;; QUESTION SECTION:
;mayor.lacity.gov.		IN	ANY

;; ANSWER SECTION:
mayor.lacity.gov.	21600	IN	SOA	ns10.digicertdns.com. dns.digicertdns.com. 2009048625 43200 3600 1209600 180

Received 94 bytes from 8.8.8.8#53 in 64 ms
Trying "gavrt.lewiscenter.org"
Trying "gavrt.lewiscenter.org"
;; ->>HEADER<<- opcode: QUERY, status: NOERROR, id: 42641
;; flags: qr rd ra; QUERY: 1, ANSWER: 1, AUTHORITY: 0, ADDITIONAL: 0

;; QUESTION SECTION:
;gavrt.lewiscenter.org.		IN	ANY

;; ANSWER SECTION:
gavrt.lewiscenter.org.	3600	IN	CNAME	catapult.lewiscenter.org.

Received 62 bytes from 8.8.8.8#53 in 216 ms
Trying "satellitegroundstation.com"
Trying "satellitegroundstation.com"
;; ->>HEADER<<- opcode: QUERY, status: NOERROR, id: 5275
;; flags: qr rd ra; QUERY: 1, ANSWER: 7, AUTHORITY: 0, ADDITIONAL: 0

;; QUESTION SECTION:
;satellitegroundstation.com.	IN	ANY

;; ANSWER SECTION:
satellitegroundstation.com. 60	IN	A	52.60.217.250
satellitegroundstation.com. 21600 IN	NS	ns-289.awsdns-36.com.
satellitegroundstation.com. 21600 IN	NS	ns-1836.awsdns-37.co.uk.
satellitegroundstation.com. 21600 IN	NS	ns-1531.awsdns-63.org.
satellitegroundstation.com. 21600 IN	NS	ns-569.awsdns-07.net.
satellitegroundstation.com. 900	IN	SOA	ns-1836.awsdns-37.co.uk. awsdns-hostmaster.amazon.com. 1 7200 900 1209600 86400
satellitegroundstation.com. 60	IN	TXT	"google-site-verification=oYiXgI9dstyQ2dtcBmX_2MXj6kUKRviuyt4IcFsodS0"

Received 339 bytes from 8.8.8.8#53 in 112 ms
Server:		8.8.8.8
Address:	8.8.8.8#53

Non-authoritative answer:
jpl.nasa.gov	nameserver = a2-67.akam.net.
jpl.nasa.gov	nameserver = a14-67.akam.net.
jpl.nasa.gov	nameserver = a8-65.akam.net.
jpl.nasa.gov	nameserver = a1-91.akam.net.
jpl.nasa.gov	nameserver = a7-65.akam.net.
jpl.nasa.gov	nameserver = a11-67.akam.net.

Authoritative answers can be found from:

Server:		8.8.8.8
Address:	8.8.8.8#53

Non-authoritative answer:
jpl.nasa.gov	mail exchanger = 20 mxb-0020b901.gslb.pphosted.com.
jpl.nasa.gov	mail exchanger = 20 mxa-0020b901.gslb.pphosted.com.

Authoritative answers can be found from:

Server:		8.8.8.8
Address:	8.8.8.8#53

Non-authoritative answer:
space.gov.au	nameserver = ns3.intellicentre.net.au.
space.gov.au	nameserver = ns1.intellicentre.net.au.
space.gov.au	nameserver = ns2.intellicentre.net.au.

Authoritative answers can be found from:

Server:		8.8.8.8
Address:	8.8.8.8#53

Non-authoritative answer:
space.gov.au	mail exchanger = 10 sig4indcav.secureintellicentre.net.au.
space.gov.au	mail exchanger = 10 sig2indcav.secureintellicentre.net.au.

Authoritative answers can be found from:

Server:		8.8.8.8
Address:	8.8.8.8#53

Non-authoritative answer:
congress.gov	mail exchanger = 5 mx23.loc.gov.
congress.gov	mail exchanger = 5 mx42.loc.gov.
congress.gov	mail exchanger = 5 mx41.loc.gov.
congress.gov	mail exchanger = 5 mx22.loc.gov.

Authoritative answers can be found from:

Server:		8.8.8.8
Address:	8.8.8.8#53

Non-authoritative answer:
congress.gov	nameserver = kevin.ns.cloudflare.com.
congress.gov	nameserver = alice.ns.cloudflare.com.

Authoritative answers can be found from:

Server:		8.8.8.8
Address:	8.8.8.8#53

Non-authoritative answer:
dhs.gov	mail exchanger = 10 mxb-00376703.gslb.gpphosted.com.
dhs.gov	mail exchanger = 10 mxa-00376703.gslb.gpphosted.com.

Authoritative answers can be found from:

Server:		8.8.8.8
Address:	8.8.8.8#53

Non-authoritative answer:
dhs.gov	nameserver = jihoon.ns.cloudflare.com.
dhs.gov	nameserver = keira.ns.cloudflare.com.

Authoritative answers can be found from:

Server:		8.8.8.8
Address:	8.8.8.8#53

Non-authoritative answer:
si.edu	mail exchanger = 0 si-edu.mail.protection.outlook.com.

Authoritative answers can be found from:

Server:		8.8.8.8
Address:	8.8.8.8#53

Non-authoritative answer:
si.edu	nameserver = a28-65.akam.net.
si.edu	nameserver = a26-66.akam.net.
si.edu	nameserver = a9-64.akam.net.
si.edu	nameserver = a1-88.akam.net.
si.edu	nameserver = a24-67.akam.net.
si.edu	nameserver = a11-67.akam.net.

Authoritative answers can be found from:

Trying "si.edu"
Trying "si.edu"
Host si.edu not found: 5(REFUSED)
Received 24 bytes from 8.8.8.8#53 in 88 ms
Server:		8.8.8.8
Address:	8.8.8.8#53

Non-authoritative answer:
*** Can't find ice.gov: No answer

Authoritative answers can be found from:
ice.gov
	origin = max.ns.cloudflare.com
	mail addr = dns.cloudflare.com
	serial = 2404986771
	refresh = 10000
	retry = 2400
	expire = 604800
	minimum = 1800

Server:		8.8.8.8
Address:	8.8.8.8#53

Non-authoritative answer:
ice.gov	nameserver = raina.ns.cloudflare.com.
ice.gov	nameserver = max.ns.cloudflare.com.

Authoritative answers can be found from:

traceroute to ethics.lacity.gov (23.46.216.198), 30 hops max, 60 byte packets
 1  cp.local.tld (192.168.32.1)  15.395 ms  13.992 ms  12.983 ms
 2  225.sub-66-174-219.myvzw.com (66.174.219.225)  62.130 ms  61.549 ms  46.942 ms
 3  * 50.sub-69-83-165.myvzw.com (69.83.165.50)  58.250 ms 48.sub-69-83-165.myvzw.com (69.83.165.48)  56.890 ms
 4  * * *
 5  146.sub-69-83-165.myvzw.com (69.83.165.146)  51.202 ms  49.779 ms  48.097 ms
 6  * * *
 7  * * *
 8  192.sub-69-83-161.myvzw.com (69.83.161.192)  48.335 ms  39.351 ms  45.919 ms
 9  183.sub-69-83-160.myvzw.com (69.83.160.183)  38.396 ms  49.955 ms  49.157 ms
10  * * *
11  customer.alter.net (157.130.100.138)  131.319 ms  127.497 ms  125.578 ms
12  * * *
13  * * *
14  * * *
15  * * a23-46-216-198.deploy.static.akamaitechnologies.com (23.46.216.198)  126.407 ms
;; communications error to 8.8.8.8#53: timed out
Server:		8.8.8.8
Address:	8.8.8.8#53

Non-authoritative answer:
ethics.lacity.gov	canonical name = main.lacity.gov.edgekey.net.
main.lacity.gov.edgekey.net	canonical name = e123582.dscb.akamaiedge.net.

Authoritative answers can be found from:
dscb.akamaiedge.net
	origin = n0dscb.akamaiedge.net
	mail addr = hostmaster.akamai.com
	serial = 1780405418
	refresh = 1000
	retry = 1000
	expire = 1000
	minimum = 1800

Server:		8.8.8.8
Address:	8.8.8.8#53

Non-authoritative answer:
ethics.lacity.gov	canonical name = main.lacity.gov.edgekey.net.
main.lacity.gov.edgekey.net	canonical name = e123582.dscb.akamaiedge.net.

Authoritative answers can be found from:
dscb.akamaiedge.net
	origin = n0dscb.akamaiedge.net
	mail addr = hostmaster.akamai.com
	serial = 1780405418
	refresh = 1000
	retry = 1000
	expire = 1000
	minimum = 1800

Server:		8.8.8.8
Address:	8.8.8.8#53

Non-authoritative answer:
karenbass.com	mail exchanger = 1 aspmx.l.google.com.
karenbass.com	mail exchanger = 10 alt4.aspmx.l.google.com.
karenbass.com	mail exchanger = 5 alt1.aspmx.l.google.com.
karenbass.com	mail exchanger = 5 alt2.aspmx.l.google.com.
karenbass.com	mail exchanger = 10 alt3.aspmx.l.google.com.

Authoritative answers can be found from:

Server:		8.8.8.8
Address:	8.8.8.8#53

Non-authoritative answer:
karenbass.com	nameserver = nicole.ns.cloudflare.com.
karenbass.com	nameserver = conrad.ns.cloudflare.com.

Authoritative answers can be found from:

Server:		8.8.8.8
Address:	8.8.8.8#53

Non-authoritative answer:
*** Can't find raulclaros.com: No answer

Authoritative answers can be found from:
raulclaros.com
	origin = ns75.domaincontrol.com
	mail addr = dns.jomax.net
	serial = 2026030700
	refresh = 28800
	retry = 7200
	expire = 604800
	minimum = 600

Server:		8.8.8.8
Address:	8.8.8.8#53

Non-authoritative answer:
raulclaros.com	nameserver = ns76.domaincontrol.com.
raulclaros.com	nameserver = ns75.domaincontrol.com.

Authoritative answers can be found from:

raulclaros.com has address 50.6.3.36
traceroute to global.jaxa.jp (159.60.133.108), 30 hops max, 60 byte packets
 1  cp.local.tld (192.168.32.1)  5.733 ms  4.912 ms  8.139 ms
 2  225.sub-66-174-219.myvzw.com (66.174.219.225)  47.366 ms  46.759 ms  46.175 ms
 3  * * *
 4  * * *
 5  146.sub-69-83-165.myvzw.com (69.83.165.146)  43.366 ms  42.195 ms  41.550 ms
 6  * * *
 7  * * *
 8  192.sub-69-83-161.myvzw.com (69.83.161.192)  49.854 ms  47.976 ms  47.704 ms
 9  183.sub-69-83-160.myvzw.com (69.83.160.183)  45.662 ms  60.912 ms  60.064 ms
10  * * *
11  ALTER.NET.customer.alter.net (204.148.55.242)  49.102 ms  46.097 ms  105.923 ms
12  64.86.160.25 (64.86.160.25)  57.102 ms  42.121 ms  48.005 ms
13  * * *
14  * * *
15  * * *
16  * * *
17  * * *
18  * * *
19  * * *
20  * * *
21  * * *
22  * * *
23  * * *
24  * * *
25  * * *
26  * * *
27  * * *
28  * * *
29  * * *
30  * * *
traceroute to la28.org (151.101.67.10), 30 hops max, 60 byte packets
 1  cp.local.tld (192.168.32.1)  8.438 ms  7.767 ms  7.390 ms
 2  225.sub-66-174-219.myvzw.com (66.174.219.225)  46.915 ms  54.467 ms  53.623 ms
 3  50.sub-69-83-165.myvzw.com (69.83.165.50)  52.946 ms * *
 4  * * *
 5  146.sub-69-83-165.myvzw.com (69.83.165.146)  47.425 ms  46.868 ms  45.873 ms
 6  * * *
 7  * * *
 8  192.sub-69-83-161.myvzw.com (69.83.161.192)  48.317 ms  47.575 ms  43.976 ms
 9  183.sub-69-83-160.myvzw.com (69.83.160.183)  43.302 ms  42.736 ms  55.755 ms
10  * * *
11  * * *
12  * * *
13  * * *
14  * * *
15  * * *
16  * * *
17  * * *
18  * * *
19  * * *
20  * * *
21  * * *
22  * * *
23  * * *
24  * * *
25  * * *
26  * * *
27  * * *
28  * * *
29  * * *
30  * * *
la28.org has address 151.101.195.10
la28.org has address 151.101.67.10
la28.org has address 151.101.131.10
la28.org has address 151.101.3.10
la28.org mail is handled by 10 us-smtp-inbound-1.mimecast.com.
la28.org mail is handled by 10 us-smtp-inbound-2.mimecast.com.
Server:		8.8.8.8
Address:	8.8.8.8#53

Non-authoritative answer:
la28.org	mail exchanger = 10 us-smtp-inbound-2.mimecast.com.
la28.org	mail exchanger = 10 us-smtp-inbound-1.mimecast.com.

Authoritative answers can be found from:

Server:		8.8.8.8
Address:	8.8.8.8#53

Non-authoritative answer:
la28.org	nameserver = ns75.domaincontrol.com.
la28.org	nameserver = ns76.domaincontrol.com.

Authoritative answers can be found from:

Server:		8.8.8.8
Address:	8.8.8.8#53

Non-authoritative answer:
usgs.gov	nameserver = chin.ns.cloudflare.com.
usgs.gov	nameserver = ram.ns.cloudflare.com.

Authoritative answers can be found from:

;; communications error to 8.8.8.8#53: timed out
Server:		8.8.8.8
Address:	8.8.8.8#53

Non-authoritative answer:
usgs.gov	mail exchanger = 0 usgs-gov.mail.protection.outlook.com.

Authoritative answers can be found from:


; <<>> DiG 9.20.22 <<>> fifa.com MX
;; global options: +cmd
;; Got answer:
;; ->>HEADER<<- opcode: QUERY, status: NOERROR, id: 17877
;; flags: qr rd ra; QUERY: 1, ANSWER: 0, AUTHORITY: 1, ADDITIONAL: 1

;; OPT PSEUDOSECTION:
; EDNS: version: 0, flags:; udp: 512
;; QUESTION SECTION:
;fifa.com.			IN	MX

;; AUTHORITY SECTION:
fifa.com.		600	IN	SOA	a1-4.akam.net. admin.fifa.org. 2025011295 3600 600 604800 600

;; Query time: 76 msec
;; SERVER: 8.8.8.8#53(8.8.8.8) (UDP)
;; WHEN: Tue Jun 02 06:04:27 PDT 2026
;; MSG SIZE  rcvd: 100

Server:		8.8.8.8
Address:	8.8.8.8#53

Non-authoritative answer:
bet.com	mail exchanger = 10 mxa-00262c01.gslb.pphosted.com.
bet.com	mail exchanger = 10 mxb-00262c01.gslb.pphosted.com.

Authoritative answers can be found from:


; <<>> DiG 9.20.22 <<>> +trace bet.com MX
;; global options: +cmd
.			87203	IN	NS	l.root-servers.net.
.			87203	IN	NS	d.root-servers.net.
.			87203	IN	NS	j.root-servers.net.
.			87203	IN	NS	m.root-servers.net.
.			87203	IN	NS	c.root-servers.net.
.			87203	IN	NS	k.root-servers.net.
.			87203	IN	NS	i.root-servers.net.
.			87203	IN	NS	e.root-servers.net.
.			87203	IN	NS	a.root-servers.net.
.			87203	IN	NS	g.root-servers.net.
.			87203	IN	NS	b.root-servers.net.
.			87203	IN	NS	h.root-servers.net.
.			87203	IN	NS	f.root-servers.net.
.			87203	IN	RRSIG	NS 8 0 518400 20260615050000 20260602040000 54393 . Jrof2Nkr1cwW/e9zA7bAB693jBWIf45uk8UXpV/GragkNun8YpUidY0Z VLlqg+3u7OrQwSuHkIm7djU9v8eEmWRJP+1maAVIxkiW8DW1gkLKcRzZ TQ4gPnFxBERzg+JNWIaqBU2dBA2dFCZ2dxl2SCDN15nCnF+MatrNDN3Y e+1uKHFm7fOVkzDXFPol3ClJS9BJfxPuhtMUsmEQ1vvGmMJwI5AKuVDB 0cQYoETp7rUM3OS70rTIcxHvz5YkDLIvJy17R5BsxNYrnCVhibp4mSj7 mKOleHHl+w0p6+nbkwApCeJr6kKdNXYnRBSUygLdTwf0ZoDXs+0TyQy0 xatHQw==
;; Received 525 bytes from 8.8.8.8#53(8.8.8.8) in 168 ms

com.			172800	IN	NS	a.gtld-servers.net.
com.			172800	IN	NS	b.gtld-servers.net.
com.			172800	IN	NS	c.gtld-servers.net.
com.			172800	IN	NS	d.gtld-servers.net.
com.			172800	IN	NS	e.gtld-servers.net.
com.			172800	IN	NS	f.gtld-servers.net.
com.			172800	IN	NS	g.gtld-servers.net.
com.			172800	IN	NS	h.gtld-servers.net.
com.			172800	IN	NS	i.gtld-servers.net.
com.			172800	IN	NS	j.gtld-servers.net.
com.			172800	IN	NS	k.gtld-servers.net.
com.			172800	IN	NS	l.gtld-servers.net.
com.			172800	IN	NS	m.gtld-servers.net.
com.			86400	IN	DS	19718 13 2 8ACBB0CD28F41250A80A491389424D341522D946B0DA0C0291F2D3D7 71D7805A
com.			86400	IN	RRSIG	DS 8 1 86400 20260615050000 20260602040000 54393 . johpugnkSaWV9Lqtfpe03YPTg21upMxA9kdM4CeJORXLOgywJRsnS+EU qXLfY4rAqkraTX+2CTxem8VsDPS83iaLNA9+wVnWt3rqSQ3nhg8DDwx1 ELsCdDikpVzfioOvlkSepir6j/yASgkYTkaO8iO6L6Vqm+ozIdFPYyUY xIfEn3LLwa7Vc3oE4U+yqBgMJoz0wozkeJizR5D6wvUyNsE6I00Kx3pb HzhcyEeUgv0lQebMkBcTOhsU4EGlVh11+sROOv11tuHVmAvkPZio4oXK I5JmRXgITShaE2Y71kAv15GK8nubrFRd89K+3EIeQ65SAzxyNjvcVHrw Ae9/Vw==
;; Received 1167 bytes from 199.7.91.13#53(d.root-servers.net) in 152 ms

bet.com.		172800	IN	NS	dns1.p09.nsone.net.
bet.com.		172800	IN	NS	dns2.p09.nsone.net.
bet.com.		172800	IN	NS	dns3.p09.nsone.net.
bet.com.		172800	IN	NS	dns4.p09.nsone.net.
bet.com.		172800	IN	NS	ns0004.secondary.cloudflare.com.
bet.com.		172800	IN	NS	ns0243.secondary.cloudflare.com.
CK0POJMG874LJREF7EFN8430QVIT8BSM.com. 900 IN NSEC3 1 1 0 - CK0Q3UDG8CEKKAE7RUKPGCT1DVSSH8LL NS SOA RRSIG DNSKEY NSEC3PARAM
CK0POJMG874LJREF7EFN8430QVIT8BSM.com. 900 IN RRSIG NSEC3 13 2 900 20260607002625 20260530231625 27677 com. HcBxL9wYDo9km2jrd0F/VeP+OxY/Yc1p1GhNqaUt0viQvYR/n4XlZK6U ni3BfE7mkRMszQLQCE/hJGvAlknVCA==
37667LMQJCEEH01AKS2FQVE13TQRLKRN.com. 900 IN NSEC3 1 1 0 - 3766ESK6MEUM5SGLFFVD5BMR1KRE6751 NS DS RRSIG
37667LMQJCEEH01AKS2FQVE13TQRLKRN.com. 900 IN RRSIG NSEC3 13 2 900 20260608022615 20260601011615 27677 com. VbZyrSnGVtGD2mR/VseHcIwdVXawSOuKb/nnztbyVWml3JQ8c4nUyjnn LnHO8VgTp3YBQe7P8jjmtHXnOrE4aA==
;; Received 633 bytes from 192.41.162.30#53(l.gtld-servers.net) in 60 ms

bet.com.		300	IN	MX	10 mxa-00262c01.gslb.pphosted.com.
bet.com.		300	IN	MX	10 mxb-00262c01.gslb.pphosted.com.
;; Received 108 bytes from 198.51.44.73#53(dns3.p09.nsone.net) in 52 ms

Server:		8.8.8.8
Address:	8.8.8.8#53

Non-authoritative answer:
bet.com	nameserver = dns4.p09.nsone.net.
bet.com	nameserver = dns3.p09.nsone.net.
bet.com	nameserver = dns1.p09.nsone.net.
bet.com	nameserver = ns0004.secondary.cloudflare.com.
bet.com	nameserver = dns2.p09.nsone.net.
bet.com	nameserver = ns0243.secondary.cloudflare.com.

Authoritative answers can be found from:

bet.com has address 54.157.108.158
bet.com has address 100.28.104.175
bet.com has address 98.83.184.133
bet.com has IPv6 address 2600:1f18:297:ba24:b508:76de:f4a:df34
bet.com has IPv6 address 2600:1f18:297:ba18:6ddc:5d8f:6053:f003
bet.com has IPv6 address 2600:1f18:297:ba0e:7900:f622:48a8:f266
bet.com mail is handled by 10 mxa-00262c01.gslb.pphosted.com.
bet.com mail is handled by 10 mxb-00262c01.gslb.pphosted.com.
Trying "hot97.com"
;; ->>HEADER<<- opcode: QUERY, status: NOERROR, id: 4773
;; flags: qr rd ra; QUERY: 1, ANSWER: 1, AUTHORITY: 0, ADDITIONAL: 0

;; QUESTION SECTION:
;hot97.com.			IN	ANY

;; ANSWER SECTION:
hot97.com.		3600	IN	HINFO	"RFC8482" ""

Received 48 bytes from 8.8.8.8#53 in 96 ms
Server:		8.8.8.8
Address:	8.8.8.8#53

Non-authoritative answer:
hot97.com	nameserver = vivienne.ns.cloudflare.com.
hot97.com	nameserver = denver.ns.cloudflare.com.

Authoritative answers can be found from:

Server:		8.8.8.8
Address:	8.8.8.8#53

Non-authoritative answer:
hot97.com	mail exchanger = 0 hot97-com.mail.protection.outlook.com.

Authoritative answers can be found from:

vsco.co has address 104.18.41.123
vsco.co has address 172.64.146.133
vsco.co has IPv6 address 2a06:98c1:3103::6812:297b
vsco.co has IPv6 address 2a06:98c1:3103::ac40:9285
vsco.co mail is handled by 10 aspmx2.googlemail.com.
vsco.co mail is handled by 5 alt1.aspmx.l.google.com.
vsco.co mail is handled by 5 alt2.aspmx.l.google.com.
vsco.co mail is handled by 10 aspmx3.googlemail.com.
vsco.co mail is handled by 1 aspmx.l.google.com.
Server:		8.8.8.8
Address:	8.8.8.8#53

Non-authoritative answer:
fb.com	nameserver = a.ns.facebook.com.
fb.com	nameserver = c.ns.facebook.com.
fb.com	nameserver = d.ns.facebook.com.
fb.com	nameserver = b.ns.facebook.com.

Authoritative answers can be found from:

Server:		8.8.8.8
Address:	8.8.8.8#53

Non-authoritative answer:
fb.com	mail exchanger = 10 mxb-00082601.gslb.pphosted.com.
fb.com	mail exchanger = 10 mxa-00082601.gslb.pphosted.com.

Authoritative answers can be found from:

Server:		8.8.8.8
Address:	8.8.8.8#53

Non-authoritative answer:
linkedin.com	nameserver = dns4.p09.nsone.net.
linkedin.com	nameserver = dns2.p09.nsone.net.
linkedin.com	nameserver = dns1.p09.nsone.net.
linkedin.com	nameserver = ns4-42.azure-dns.info.
linkedin.com	nameserver = ns3-42.azure-dns.org.
linkedin.com	nameserver = ns1-42.azure-dns.com.
linkedin.com	nameserver = ns2-42.azure-dns.net.
linkedin.com	nameserver = dns3.p09.nsone.net.

Authoritative answers can be found from:

Server:		8.8.8.8
Address:	8.8.8.8#53

Non-authoritative answer:
linkedin.com	mail exchanger = 20 mail.linkedin.com.
linkedin.com	mail exchanger = 10 mail-d.linkedin.com.
linkedin.com	mail exchanger = 10 mail-c.linkedin.com.
linkedin.com	mail exchanger = 10 mail-a.linkedin.com.

Authoritative answers can be found from:

Server:		8.8.8.8
Address:	8.8.8.8#53

Non-authoritative answer:
tiktok.com	mail exchanger = 10 mx1.tiktok.com.
tiktok.com	mail exchanger = 20 mx2.tiktok.com.
tiktok.com	mail exchanger = 30 mx3.tiktok.com.

Authoritative answers can be found from:

Server:		8.8.8.8
Address:	8.8.8.8#53

Non-authoritative answer:
tiktok.com	nameserver = a1-97.akam.net.
tiktok.com	nameserver = a9-66.akam.net.
tiktok.com	nameserver = a12-66.akam.net.
tiktok.com	nameserver = a18-64.akam.net.
tiktok.com	nameserver = a13-67.akam.net.
tiktok.com	nameserver = a6-65.akam.net.

Authoritative answers can be found from:

Server:		8.8.8.8
Address:	8.8.8.8#53

Non-authoritative answer:
distrowatch.com	mail exchanger = 10 mx.zoho.com.
distrowatch.com	mail exchanger = 50 mx3.zoho.com.
distrowatch.com	mail exchanger = 20 mx2.zoho.com.

Authoritative answers can be found from:

Server:		8.8.8.8
Address:	8.8.8.8#53

Non-authoritative answer:
distrowatch.com	nameserver = ns-57-a.gandi.net.
distrowatch.com	nameserver = ns-231-b.gandi.net.
distrowatch.com	nameserver = ns-197-c.gandi.net.

Authoritative answers can be found from:

Trying "wikipedia.org"
Trying "wikipedia.org"
Host wikipedia.org not found: 5(REFUSED)
Received 31 bytes from 8.8.8.8#53 in 56 ms
Trying "saxavord.com"
;; ->>HEADER<<- opcode: QUERY, status: NOERROR, id: 38792
;; flags: qr rd ra; QUERY: 1, ANSWER: 7, AUTHORITY: 0, ADDITIONAL: 0

;; QUESTION SECTION:
;saxavord.com.			IN	ANY

;; ANSWER SECTION:
saxavord.com.		21600	IN	SOA	ns0.phase8.net. support.phase8.net. 2024092001 28800 3600 604800 86400
saxavord.com.		21600	IN	NS	ns2.phase8.net.
saxavord.com.		21600	IN	A	178.62.87.176
saxavord.com.		21600	IN	TXT	"v=spf1 include:spf.protection.outlook.com include:_spf.elasticemail.com -all"
saxavord.com.		21600	IN	MX	30 saxavord-com.mail.protection.outlook.com.
saxavord.com.		21600	IN	NS	ns1.phase8.net.
saxavord.com.		21600	IN	NS	ns0.phase8.net.

Received 296 bytes from 8.8.8.8#53 in 620 ms
Server:		8.8.8.8
Address:	8.8.8.8#53

Non-authoritative answer:
facebook.com	nameserver = b.ns.facebook.com.
facebook.com	nameserver = a.ns.facebook.com.
facebook.com	nameserver = c.ns.facebook.com.
facebook.com	nameserver = d.ns.facebook.com.

Authoritative answers can be found from:

Server:		8.8.8.8
Address:	8.8.8.8#53

Non-authoritative answer:
facebook.com	mail exchanger = 10 smtpin.vvv.facebook.com.

Authoritative answers can be found from:

Server:		8.8.8.8
Address:	8.8.8.8#53

Non-authoritative answer:
x.com	nameserver = d.r10.twtrdns.net.
x.com	nameserver = b.u10.twtrdns.net.
x.com	nameserver = c.u10.twtrdns.net.
x.com	nameserver = a.r10.twtrdns.net.
x.com	nameserver = d.u10.twtrdns.net.
x.com	nameserver = b.r10.twtrdns.net.
x.com	nameserver = a.u10.twtrdns.net.
x.com	nameserver = c.r10.twtrdns.net.

Authoritative answers can be found from:

Server:		8.8.8.8
Address:	8.8.8.8#53

Non-authoritative answer:
x.com	mail exchanger = 5 alt1.aspmx.l.google.com.
x.com	mail exchanger = 5 alt2.aspmx.l.google.com.
x.com	mail exchanger = 10 alt4.aspmx.l.google.com.
x.com	mail exchanger = 10 alt3.aspmx.l.google.com.
x.com	mail exchanger = 1 aspmx.l.google.com.

Authoritative answers can be found from:

twitter.com has address 172.66.0.227
twitter.com mail is handled by 5 alt2.aspmx.l.google.com.
twitter.com mail is handled by 5 alt1.aspmx.l.google.com.
twitter.com mail is handled by 1 aspmx.l.google.com.
twitter.com mail is handled by 10 alt4.aspmx.l.google.com.
twitter.com mail is handled by 10 alt3.aspmx.l.google.com.
Server:		8.8.8.8
Address:	8.8.8.8#53

Non-authoritative answer:
tumblr.com	nameserver = ns1.tumblr.com.
tumblr.com	nameserver = ns2.tumblr.com.
tumblr.com	nameserver = ns3.tumblr.com.
tumblr.com	nameserver = ns4.tumblr.com.

Authoritative answers can be found from:

Server:		8.8.8.8
Address:	8.8.8.8#53

Non-authoritative answer:
tumblr.com	mail exchanger = 5 alt1.aspmx.l.google.com.
tumblr.com	mail exchanger = 10 aspmx3.googlemail.com.
tumblr.com	mail exchanger = 10 aspmx2.googlemail.com.
tumblr.com	mail exchanger = 1 aspmx.l.google.com.
tumblr.com	mail exchanger = 5 alt2.aspmx.l.google.com.

Authoritative answers can be found from:

Server:		8.8.8.8
Address:	8.8.8.8#53

Non-authoritative answer:
essence.com	nameserver = lou.ns.cloudflare.com.
essence.com	nameserver = dahlia.ns.cloudflare.com.

Authoritative answers can be found from:

Server:		8.8.8.8
Address:	8.8.8.8#53

Non-authoritative answer:
essence.com	mail exchanger = 10 us-smtp-inbound-2.mimecast.com.
essence.com	mail exchanger = 10 us-smtp-inbound-1.mimecast.com.

Authoritative answers can be found from:

Server:		8.8.8.8
Address:	8.8.8.8#53

Non-authoritative answer:
ebony.com	nameserver = macy.ns.cloudflare.com.
ebony.com	nameserver = henrik.ns.cloudflare.com.

Authoritative answers can be found from:

Server:		8.8.8.8
Address:	8.8.8.8#53

Non-authoritative answer:
ebony.com	mail exchanger = 0 ebony-com.mail.protection.outlook.com.

Authoritative answers can be found from:

Trying "bsky.app"
Trying "bsky.app"
;; ->>HEADER<<- opcode: QUERY, status: NOERROR, id: 27299
;; flags: qr rd ra; QUERY: 1, ANSWER: 13, AUTHORITY: 0, ADDITIONAL: 0

;; QUESTION SECTION:
;bsky.app.			IN	ANY

;; ANSWER SECTION:
bsky.app.		60	IN	A	3.136.28.34
bsky.app.		60	IN	A	18.189.225.18
bsky.app.		60	IN	A	18.119.224.47
bsky.app.		21600	IN	NS	ns-757.awsdns-30.net.
bsky.app.		21600	IN	NS	ns-2001.awsdns-58.co.uk.
bsky.app.		21600	IN	NS	ns-1425.awsdns-50.org.
bsky.app.		21600	IN	NS	ns-372.awsdns-46.com.
bsky.app.		60	IN	SOA	ns-2001.awsdns-58.co.uk. awsdns-hostmaster.amazon.com. 1 7200 900 1209600 86400
bsky.app.		300	IN	MX	1 aspmx.l.google.com.
bsky.app.		60	IN	TXT	"google-site-verification=YglIh7PA59zIzMTb-hrvNHZK8WpGjJLXWbMKof6OhR8"
bsky.app.		60	IN	TXT	"v=spf1 mx include:mail.zendesk.com ?all"
bsky.app.		60	IN	TXT	"google-site-verification=ppFonct21Z0sM_XgszQxPAJlnwgjeDzx8Qi3xnN3FAI"
bsky.app.		60	IN	TXT	"google-site-verification=Y85ssVszowlKMCTQtWZoqCWH4x_2sV7NCCa7BlGJpiw"

Received 601 bytes from 8.8.8.8#53 in 128 ms
Server:		8.8.8.8
Address:	8.8.8.8#53

Non-authoritative answer:
cbs.com	nameserver = ns0243.secondary.cloudflare.com.
cbs.com	nameserver = dns4.p09.nsone.net.
cbs.com	nameserver = dns2.p09.nsone.net.
cbs.com	nameserver = ns0004.secondary.cloudflare.com.
cbs.com	nameserver = dns1.p09.nsone.net.
cbs.com	nameserver = dns3.p09.nsone.net.

Authoritative answers can be found from:

Server:		8.8.8.8
Address:	8.8.8.8#53

Non-authoritative answer:
cbs.com	mail exchanger = 0 mxa-00262c01.gslb.pphosted.com.
cbs.com	mail exchanger = 0 mxb-00262c01.gslb.pphosted.com.

Authoritative answers can be found from:

Server:		8.8.8.8
Address:	8.8.8.8#53

Non-authoritative answer:
cbs.com	hinfo = "RFC8482" ""

Authoritative answers can be found from:


; <<>> DiG 9.20.22 <<>> cbssports.com ALL
;; global options: +cmd
;; Got answer:
;; ->>HEADER<<- opcode: QUERY, status: NOERROR, id: 64297
;; flags: qr rd ra; QUERY: 1, ANSWER: 4, AUTHORITY: 0, ADDITIONAL: 1

;; OPT PSEUDOSECTION:
; EDNS: version: 0, flags:; udp: 512
;; QUESTION SECTION:
;cbssports.com.			IN	A

;; ANSWER SECTION:
cbssports.com.		300	IN	A	151.101.129.188
cbssports.com.		300	IN	A	151.101.1.188
cbssports.com.		300	IN	A	151.101.193.188
cbssports.com.		300	IN	A	151.101.65.188

;; Query time: 52 msec
;; SERVER: 8.8.8.8#53(8.8.8.8) (UDP)
;; WHEN: Tue Jun 02 06:04:58 PDT 2026
;; MSG SIZE  rcvd: 106

;; Got answer:
;; ->>HEADER<<- opcode: QUERY, status: NXDOMAIN, id: 50043
;; flags: qr rd ra ad; QUERY: 1, ANSWER: 0, AUTHORITY: 1, ADDITIONAL: 1

;; OPT PSEUDOSECTION:
; EDNS: version: 0, flags:; udp: 512
;; QUESTION SECTION:
;ALL.				IN	A

;; AUTHORITY SECTION:
.			86393	IN	SOA	a.root-servers.net. nstld.verisign-grs.com. 2026060200 1800 900 604800 86400

;; Query time: 80 msec
;; SERVER: 8.8.8.8#53(8.8.8.8) (UDP)
;; WHEN: Tue Jun 02 06:04:58 PDT 2026
;; MSG SIZE  rcvd: 107


; <<>> DiG 9.20.22 <<>> cbssports.com ANY
;; global options: +cmd
;; Got answer:
;; ->>HEADER<<- opcode: QUERY, status: NOERROR, id: 40109
;; flags: qr rd ra; QUERY: 1, ANSWER: 1, AUTHORITY: 0, ADDITIONAL: 1

;; OPT PSEUDOSECTION:
; EDNS: version: 0, flags:; udp: 512
;; QUESTION SECTION:
;cbssports.com.			IN	ANY

;; ANSWER SECTION:
cbssports.com.		3600	IN	HINFO	"RFC8482" ""

;; Query time: 76 msec
;; SERVER: 8.8.8.8#53(8.8.8.8) (TCP)
;; WHEN: Tue Jun 02 06:04:58 PDT 2026
;; MSG SIZE  rcvd: 63

Server:		8.8.8.8
Address:	8.8.8.8#53

Non-authoritative answer:
nbc.com	nameserver = a13-66.akam.net.
nbc.com	nameserver = a2-64.akam.net.
nbc.com	nameserver = a22-64.akam.net.
nbc.com	nameserver = a7-66.akam.net.
nbc.com	nameserver = a1-196.akam.net.
nbc.com	nameserver = a16-65.akam.net.

Authoritative answers can be found from:

Server:		8.8.8.8
Address:	8.8.8.8#53

Non-authoritative answer:
nbc.com	mail exchanger = 20 mx0b-00176a04.pphosted.com.
nbc.com	mail exchanger = 10 mxa-00176a04.gslb.pphosted.com.
nbc.com	mail exchanger = 20 mx0a-00176a04.pphosted.com.
nbc.com	mail exchanger = 10 mxb-00176a04.gslb.pphosted.com.

Authoritative answers can be found from:

Server:		8.8.8.8
Address:	8.8.8.8#53

Non-authoritative answer:
Name:	nbc.com
Address: 23.60.168.18
Name:	nbc.com
Address: 23.60.168.26

Authoritative answers can be found from:


; <<>> DiG 9.20.22 <<>> nbcsports.com ALL
;; global options: +cmd
;; Got answer:
;; ->>HEADER<<- opcode: QUERY, status: NOERROR, id: 44982
;; flags: qr rd ra; QUERY: 1, ANSWER: 2, AUTHORITY: 0, ADDITIONAL: 1

;; OPT PSEUDOSECTION:
; EDNS: version: 0, flags:; udp: 512
;; QUESTION SECTION:
;nbcsports.com.			IN	A

;; ANSWER SECTION:
nbcsports.com.		20	IN	A	23.44.229.201
nbcsports.com.		20	IN	A	23.44.229.219

;; Query time: 84 msec
;; SERVER: 8.8.8.8#53(8.8.8.8) (UDP)
;; WHEN: Tue Jun 02 06:04:59 PDT 2026
;; MSG SIZE  rcvd: 74

;; communications error to 8.8.8.8#53: timed out
;; Got answer:
;; ->>HEADER<<- opcode: QUERY, status: NXDOMAIN, id: 39801
;; flags: qr rd ra ad; QUERY: 1, ANSWER: 0, AUTHORITY: 1, ADDITIONAL: 1

;; OPT PSEUDOSECTION:
; EDNS: version: 0, flags:; udp: 512
;; QUESTION SECTION:
;ALL.				IN	A

;; AUTHORITY SECTION:
.			86399	IN	SOA	a.root-servers.net. nstld.verisign-grs.com. 2026060200 1800 900 604800 86400

;; Query time: 80 msec
;; SERVER: 8.8.8.8#53(8.8.8.8) (UDP)
;; WHEN: Tue Jun 02 06:05:04 PDT 2026
;; MSG SIZE  rcvd: 107

Server:		8.8.8.8
Address:	8.8.8.8#53

Non-authoritative answer:
foxnews.com	nameserver = ns01.dns.fox.
foxnews.com	nameserver = ns04.foxdoua.com.
foxnews.com	nameserver = ns03.dns.fox.
foxnews.com	nameserver = ns03.foxdoua.com.
foxnews.com	nameserver = ns04.dns.fox.
foxnews.com	nameserver = ns02.dns.fox.
foxnews.com	nameserver = ns01.foxdoua.com.
foxnews.com	nameserver = ns02.foxdoua.com.

Authoritative answers can be found from:

Server:		8.8.8.8
Address:	8.8.8.8#53

Non-authoritative answer:
foxnews.com	mail exchanger = 10 mxb-00195501.gslb.pphosted.com.
foxnews.com	mail exchanger = 10 mxa-00195501.gslb.pphosted.com.

Authoritative answers can be found from:

Server:		8.8.8.8
Address:	8.8.8.8#53

Non-authoritative answer:
foxnews.com	rdata_47 = \000.foxnews.com. A NS SOA MX TXT AAAA RRSIG NSEC DNSKEY
foxnews.com	rdata_46 = NSEC 13 2 3600 20260603140506 20260602120506 12196 foxnews.com. 2nIISv49yAcO2AFmwkHwmJ9voXV5hKGaRmf3ucfqlkOFH2tnrpJgrhhi T/SWQk0VWNlOFxGsW/8QIdwhQsi7Lw==

Authoritative answers can be found from:

fox.com has address 75.2.43.150
fox.com has address 99.83.186.106
fox.com mail is handled by 10 mxb-00195501.gslb.pphosted.com.
fox.com mail is handled by 10 mxa-00195501.gslb.pphosted.com.
;; communications error to 8.8.8.8#53: timed out
Server:		8.8.8.8
Address:	8.8.8.8#53

Non-authoritative answer:
abc.com	nameserver = ns-318.awsdns-39.com.
abc.com	nameserver = ns-736.awsdns-28.net.
abc.com	nameserver = ns-1368.awsdns-43.org.
abc.com	nameserver = ns-1869.awsdns-41.co.uk.

Authoritative answers can be found from:

;; communications error to 8.8.8.8#53: timed out
;; communications error to 8.8.8.8#53: timed out
Server:		8.8.8.8
Address:	8.8.8.8#53

Non-authoritative answer:
abc.com	mail exchanger = 5 abc-com.mail.protection.outlook.com.

Authoritative answers can be found from:

Server:		8.8.8.8
Address:	8.8.8.8#53

** server can't find abc.com: REFUSED

Server:		8.8.8.8
Address:	8.8.8.8#53

Non-authoritative answer:
lacourt.ca.gov	mail exchanger = 1 lacourt-ca-gov.mail.protection.outlook.com.

Authoritative answers can be found from:

Server:		8.8.8.8
Address:	8.8.8.8#53

Non-authoritative answer:
lacourt.ca.gov	nameserver = keaton.ns.cloudflare.com.
lacourt.ca.gov	nameserver = kelly.ns.cloudflare.com.

Authoritative answers can be found from:

Server:		8.8.8.8
Address:	8.8.8.8#53

Non-authoritative answer:
lacourt.org	nameserver = ns18.domaincontrol.com.
lacourt.org	nameserver = ns17.domaincontrol.com.

Authoritative answers can be found from:

Server:		8.8.8.8
Address:	8.8.8.8#53

Non-authoritative answer:
lacourt.org	mail exchanger = 0 lacourt-org.mail.protection.outlook.com.

Authoritative answers can be found from:

Server:		8.8.8.8
Address:	8.8.8.8#53

Non-authoritative answer:
nasa.gov	mail exchanger = 0 nasa-gov.mail.protection.outlook.com.

Authoritative answers can be found from:

Server:		8.8.8.8
Address:	8.8.8.8#53

Non-authoritative answer:
nasa.gov	nameserver = a12-64.akam.net.
nasa.gov	nameserver = a9-64.akam.net.
nasa.gov	nameserver = a1-32.akam.net.
nasa.gov	nameserver = a8-66.akam.net.
nasa.gov	nameserver = a14-67.akam.net.
nasa.gov	nameserver = a5-66.akam.net.

Authoritative answers can be found from:

Server:		8.8.8.8
Address:	8.8.8.8#53

Non-authoritative answer:
flylax.com	nameserver = vlaxnashns1.lawa.org.
flylax.com	nameserver = veuscoreinfo03.lawa.org.
flylax.com	nameserver = vlasns1.lawa.org.
flylax.com	nameserver = vwuscoreinfo03.lawa.org.

Authoritative answers can be found from:

Server:		8.8.8.8
Address:	8.8.8.8#53

Non-authoritative answer:
flylax.com	mail exchanger = 10 inbound-smtp.us-east-1.amazonaws.com.

Authoritative answers can be found from:

Server:		8.8.8.8
Address:	8.8.8.8#53

Non-authoritative answer:
cia.gov	mail exchanger = 10 mail4.cia.gov.
cia.gov	mail exchanger = 10 mail3.cia.gov.

Authoritative answers can be found from:

Server:		8.8.8.8
Address:	8.8.8.8#53

Non-authoritative answer:
cia.gov	nameserver = a13-65.akam.net.
cia.gov	nameserver = a12-65.akam.net.
cia.gov	nameserver = a1-22.akam.net.
cia.gov	nameserver = a22-66.akam.net.
cia.gov	nameserver = a16-67.akam.net.
cia.gov	nameserver = a3-64.akam.net.

Authoritative answers can be found from:

traceroute to google.com (142.251.218.142), 30 hops max, 60 byte packets
 1  cp.local.tld (192.168.32.1)  8.674 ms  7.761 ms  6.696 ms
 2  225.sub-66-174-219.myvzw.com (66.174.219.225)  50.940 ms  37.404 ms  48.985 ms
 3  * 50.sub-69-83-165.myvzw.com (69.83.165.50)  47.373 ms *
 4  * * *
 5  146.sub-69-83-165.myvzw.com (69.83.165.146)  49.598 ms  47.762 ms  47.248 ms
 6  * * *
 7  * * *
 8  192.sub-69-83-161.myvzw.com (69.83.161.192)  45.306 ms  44.641 ms  45.536 ms
 9  183.sub-69-83-160.myvzw.com (69.83.160.183)  50.046 ms  48.590 ms  52.230 ms
10  * * *
11  google.com.customer.alter.net (204.148.55.170)  48.323 ms  142.194 ms  141.116 ms
12  * * *
13  142.251.228.228 (142.251.228.228)  41.319 ms 108.170.235.208 (108.170.235.208)  54.268 ms 142.251.66.108 (142.251.66.108)  50.421 ms
14  142.251.224.31 (142.251.224.31)  36.594 ms 192.178.87.150 (192.178.87.150)  42.323 ms pnsfoa-ad-in-f14.1e100.net (142.251.218.142)  143.172 ms
Server:		8.8.8.8
Address:	8.8.8.8#53

Non-authoritative answer:
google.com	mail exchanger = 10 smtp.google.com.

Authoritative answers can be found from:

Server:		8.8.8.8
Address:	8.8.8.8#53

Non-authoritative answer:
google.com	nameserver = ns1.google.com.
google.com	nameserver = ns3.google.com.
google.com	nameserver = ns4.google.com.
google.com	nameserver = ns2.google.com.

Authoritative answers can be found from:

Server:		8.8.8.8
Address:	8.8.8.8#53

Non-authoritative answer:
fbi.gov	nameserver = ns-cloud-e1.googledomains.com.
fbi.gov	nameserver = ns-cloud-e4.googledomains.com.
fbi.gov	nameserver = ns-cloud-e2.googledomains.com.
fbi.gov	nameserver = ns-cloud-e3.googledomains.com.

Authoritative answers can be found from:

Server:		8.8.8.8
Address:	8.8.8.8#53

Non-authoritative answer:
fbi.gov	mail exchanger = 20 mx-west.fbi.gov.
fbi.gov	mail exchanger = 10 mx-east.fbi.gov.

Authoritative answers can be found from:

Server:		8.8.8.8
Address:	8.8.8.8#53

Non-authoritative answer:
epa.gov	mail exchanger = 0 usepa.mail.protection.outlook.com.

Authoritative answers can be found from:

Server:		8.8.8.8
Address:	8.8.8.8#53

Non-authoritative answer:
epa.gov	nameserver = dcns1.epa.gov.
epa.gov	nameserver = nccns1.epa.gov.
epa.gov	nameserver = dcns2.epa.gov.
epa.gov	nameserver = nccns2.epa.gov.

Authoritative answers can be found from:

Server:		8.8.8.8
Address:	8.8.8.8#53

Non-authoritative answer:
lacoe.edu	nameserver = netmgr.lacoe.edu.
lacoe.edu	nameserver = nccunix.lacoe.edu.
lacoe.edu	nameserver = pws.lacoe.edu.
lacoe.edu	nameserver = dns4.lacoe.edu.

Authoritative answers can be found from:

Server:		8.8.8.8
Address:	8.8.8.8#53

Non-authoritative answer:
lacoe.edu	mail exchanger = 0 lacoe-edu.mail.protection.outlook.com.

Authoritative answers can be found from:

Server:		8.8.8.8
Address:	8.8.8.8#53

Non-authoritative answer:
jw.org	nameserver = a1-141.akam.net.
jw.org	nameserver = a22-67.akam.net.
jw.org	nameserver = a26-64.akam.net.
jw.org	nameserver = a11-66.akam.net.
jw.org	nameserver = a28-65.akam.net.
jw.org	nameserver = a7-66.akam.net.

Authoritative answers can be found from:

Server:		8.8.8.8
Address:	8.8.8.8#53

Non-authoritative answer:
jw.org	mail exchanger = 10 jw-org.mail.protection.outlook.com.

Authoritative answers can be found from:

Server:		8.8.8.8
Address:	8.8.8.8#53

Non-authoritative answer:
azbec.org	mail exchanger = 0 azbec-org.mail.protection.outlook.com.

Authoritative answers can be found from:

Server:		8.8.8.8
Address:	8.8.8.8#53

Non-authoritative answer:
azbec.org	nameserver = ns51.domaincontrol.com.
azbec.org	nameserver = ns52.domaincontrol.com.

Authoritative answers can be found from:

Server:		8.8.8.8
Address:	8.8.8.8#53

Non-authoritative answer:
noaa.gov	mail exchanger = 10 ASPMX.L.GOOGLE.COM.
noaa.gov	mail exchanger = 20 ALT1.ASPMX.L.GOOGLE.COM.
noaa.gov	mail exchanger = 40 ALT3.ASPMX.L.GOOGLE.COM.
noaa.gov	mail exchanger = 20 ALT2.ASPMX.L.GOOGLE.COM.
noaa.gov	mail exchanger = 40 ALT4.ASPMX.L.GOOGLE.COM.

Authoritative answers can be found from:

Server:		8.8.8.8
Address:	8.8.8.8#53

Non-authoritative answer:
noaa.gov	nameserver = ns-01.noaa.gov.
noaa.gov	nameserver = ns-02.noaa.gov.
noaa.gov	nameserver = ns-03.noaa.gov.

Authoritative answers can be found from:

Server:		8.8.8.8
Address:	8.8.8.8#53

Non-authoritative answer:
aia-aerospace.org	nameserver = miles.ns.cloudflare.com.
aia-aerospace.org	nameserver = chelsea.ns.cloudflare.com.

Authoritative answers can be found from:

Server:		8.8.8.8
Address:	8.8.8.8#53

Non-authoritative answer:
aia-aerospace.org	mail exchanger = 0 mx1-us1.ppe-hosted.com.
aia-aerospace.org	mail exchanger = 0 mx2-us1.ppe-hosted.com.

Authoritative answers can be found from:

Server:		8.8.8.8
Address:	8.8.8.8#53

Non-authoritative answer:
rocketlabcorp.com	nameserver = moura.ns.cloudflare.com.
rocketlabcorp.com	nameserver = luciana.ns.cloudflare.com.

Authoritative answers can be found from:

Server:		8.8.8.8
Address:	8.8.8.8#53

Non-authoritative answer:
rocketlabcorp.com	mail exchanger = 0 rocketlabcorp-com.mail.protection.office365.us.

Authoritative answers can be found from:

Server:		8.8.8.8
Address:	8.8.8.8#53

Non-authoritative answer:
rtx.com	nameserver = aria.ns.cloudflare.com.
rtx.com	nameserver = algin.ns.cloudflare.com.

Authoritative answers can be found from:

Server:		8.8.8.8
Address:	8.8.8.8#53

Non-authoritative answer:
rtx.com	mail exchanger = 10 mxa-00105402.gslb.gpphosted.com.
rtx.com	mail exchanger = 10 mxb-00105402.gslb.gpphosted.com.

Authoritative answers can be found from:

Server:		8.8.8.8
Address:	8.8.8.8#53

Non-authoritative answer:
lacity.org	nameserver = ns2.dnsmadeeasy.com.
lacity.org	nameserver = ns0.dnsmadeeasy.com.
lacity.org	nameserver = ns3.dnsmadeeasy.com.
lacity.org	nameserver = ns1.dnsmadeeasy.com.
lacity.org	nameserver = ns4.dnsmadeeasy.com.

Authoritative answers can be found from:

Server:		8.8.8.8
Address:	8.8.8.8#53

Non-authoritative answer:
lacity.org	mail exchanger = 5 alt1.aspmx.l.google.com.
lacity.org	mail exchanger = 10 alt4.aspmx.l.google.com.
lacity.org	mail exchanger = 10 alt3.aspmx.l.google.com.
lacity.org	mail exchanger = 5 alt2.aspmx.l.google.com.
lacity.org	mail exchanger = 1 aspmx.l.google.com.

Authoritative answers can be found from:

Server:		8.8.8.8
Address:	8.8.8.8#53

Non-authoritative answer:
lacity.gov	mail exchanger = 1 aspmx.l.google.com.
lacity.gov	mail exchanger = 10 alt3.aspmx.l.google.com.
lacity.gov	mail exchanger = 5 alt1.aspmx.l.google.com.
lacity.gov	mail exchanger = 10 alt4.aspmx.l.google.com.
lacity.gov	mail exchanger = 5 alt2.aspmx.l.google.com.

Authoritative answers can be found from:

Server:		8.8.8.8
Address:	8.8.8.8#53

Non-authoritative answer:
lacity.gov	nameserver = ns0.dnsmadeeasy.com.
lacity.gov	nameserver = ns1.dnsmadeeasy.com.
lacity.gov	nameserver = ns3.dnsmadeeasy.com.
lacity.gov	nameserver = ns2.dnsmadeeasy.com.
lacity.gov	nameserver = ns4.dnsmadeeasy.com.

Authoritative answers can be found from:

Server:		8.8.8.8
Address:	8.8.8.8#53

Non-authoritative answer:
santamonica.gov	nameserver = ns-587.awsdns-09.net.
santamonica.gov	nameserver = ns-156.awsdns-19.com.
santamonica.gov	nameserver = ns-1421.awsdns-49.org.
santamonica.gov	nameserver = ns-1577.awsdns-05.co.uk.

Authoritative answers can be found from:

Server:		8.8.8.8
Address:	8.8.8.8#53

Non-authoritative answer:
santamonica.gov	mail exchanger = 10 mxa-00399d01.gslb.pphosted.com.
santamonica.gov	mail exchanger = 10 mxb-00399d01.gslb.pphosted.com.

Authoritative answers can be found from:

Server:		8.8.8.8
Address:	8.8.8.8#53

Non-authoritative answer:
longbeach.gov	nameserver = b8.uberns.com.
longbeach.gov	nameserver = dns01.ci.long-beach.ca.us.
longbeach.gov	nameserver = a8.uberns.com.
longbeach.gov	nameserver = dns02.ci.long-beach.ca.us.

Authoritative answers can be found from:

Server:		8.8.8.8
Address:	8.8.8.8#53

Non-authoritative answer:
longbeach.gov	mail exchanger = 10 mxa-00539a01.gslb.pphosted.com.
longbeach.gov	mail exchanger = 10 mxb-00539a01.gslb.pphosted.com.

Authoritative answers can be found from:

Server:		8.8.8.8
Address:	8.8.8.8#53

Non-authoritative answer:
lapl.org	mail exchanger = 1 aspmx.l.google.com.
lapl.org	mail exchanger = 2 alt2.aspmx.l.google.com.
lapl.org	mail exchanger = 2 alt1.aspmx.l.google.com.
lapl.org	mail exchanger = 3 alt4.aspmx.l.google.com.
lapl.org	mail exchanger = 3 alt3.aspmx.l.google.com.

Authoritative answers can be found from:

Server:		8.8.8.8
Address:	8.8.8.8#53

Non-authoritative answer:
lapl.org	mail exchanger = 3 alt4.aspmx.l.google.com.
lapl.org	mail exchanger = 3 alt3.aspmx.l.google.com.
lapl.org	mail exchanger = 1 aspmx.l.google.com.
lapl.org	mail exchanger = 2 alt2.aspmx.l.google.com.
lapl.org	mail exchanger = 2 alt1.aspmx.l.google.com.

Authoritative answers can be found from:

Server:		8.8.8.8
Address:	8.8.8.8#53

Non-authoritative answer:
georgia.gov	nameserver = sogns1.state.ga.us.
georgia.gov	nameserver = sogns2.state.ga.us.

Authoritative answers can be found from:

Server:		8.8.8.8
Address:	8.8.8.8#53

Non-authoritative answer:
georgia.gov	mail exchanger = 10 mxa-003fd101.gslb.pphosted.com.
georgia.gov	mail exchanger = 10 mxb-003fd101.gslb.pphosted.com.

Authoritative answers can be found from:

Server:		8.8.8.8
Address:	8.8.8.8#53

Non-authoritative answer:
earthlink.net	mail exchanger = 5 mx03.earthlink-vadesecure.net.
earthlink.net	mail exchanger = 5 mx02.earthlink-vadesecure.net.
earthlink.net	mail exchanger = 5 mx04.earthlink-vadesecure.net.
earthlink.net	mail exchanger = 5 mx01.earthlink-vadesecure.net.

Authoritative answers can be found from:

Server:		8.8.8.8
Address:	8.8.8.8#53

Non-authoritative answer:
earthlink.net	nameserver = rihana.ns.cloudflare.com.
earthlink.net	nameserver = carl.ns.cloudflare.com.

Authoritative answers can be found from:

Server:		8.8.8.8
Address:	8.8.8.8#53

Non-authoritative answer:
waterandpower.org	mail exchanger = 110 mx3c38.carrierzone.com.
waterandpower.org	mail exchanger = 120 mx4c38.carrierzone.com.
waterandpower.org	mail exchanger = 10 mx1c38.carrierzone.com.
waterandpower.org	mail exchanger = 100 mx2c38.carrierzone.com.

Authoritative answers can be found from:

Server:		8.8.8.8
Address:	8.8.8.8#53

Non-authoritative answer:
waterandpower.org	nameserver = dns3.earthlink.net.
waterandpower.org	nameserver = dns2.earthlink.net.
waterandpower.org	nameserver = dns1.earthlink.net.

Authoritative answers can be found from:

Server:		8.8.8.8
Address:	8.8.8.8#53

Non-authoritative answer:
level3.net	mail exchanger = 10 mx0b-007e5801.pphosted.com.
level3.net	mail exchanger = 10 mx0a-007e5801.pphosted.com.

Authoritative answers can be found from:

Server:		8.8.8.8
Address:	8.8.8.8#53

Non-authoritative answer:
level3.net	nameserver = ns2.level3.net.
level3.net	nameserver = dnsmgr2.level3.net.
level3.net	nameserver = ns1.level3.net.

Authoritative answers can be found from:

;; communications error to 8.8.8.8#53: timed out
Server:		8.8.8.8
Address:	8.8.8.8#53

Non-authoritative answer:
fultoncountyga.gov	nameserver = ns2.cl.bellsouth.net.
fultoncountyga.gov	nameserver = ns3.cl.bellsouth.net.
fultoncountyga.gov	nameserver = ns1.cl.bellsouth.net.

Authoritative answers can be found from:

Server:		8.8.8.8
Address:	8.8.8.8#53

Non-authoritative answer:
fultoncountyga.gov	mail exchanger = 10 mxa-0032a901.gslb.pphosted.com.
fultoncountyga.gov	mail exchanger = 10 mxb-0032a901.gslb.pphosted.com.

Authoritative answers can be found from:

Server:		8.8.8.8
Address:	8.8.8.8#53

Non-authoritative answer:
atlantaga.gov	nameserver = ns1.cl.bellsouth.net.
atlantaga.gov	nameserver = ns3.cl.bellsouth.net.
atlantaga.gov	nameserver = cbru.br.ns.els-gms.att.net.
atlantaga.gov	nameserver = ns2.cl.bellsouth.net.
atlantaga.gov	nameserver = cmtu.mt.ns.els-gms.att.net.

Authoritative answers can be found from:

Server:		8.8.8.8
Address:	8.8.8.8#53

Non-authoritative answer:
atlantaga.gov	mail exchanger = 0 mxb-003fa601.gslb.pphosted.com.
atlantaga.gov	mail exchanger = 0 mxa-003fa601.gslb.pphosted.com.

Authoritative answers can be found from:

Server:		8.8.8.8
Address:	8.8.8.8#53

Non-authoritative answer:
*** Can't find whitehouse.gov: No answer

Authoritative answers can be found from:
whitehouse.gov
	origin = ernest.ns.cloudflare.com
	mail addr = dns.cloudflare.com
	serial = 2405393841
	refresh = 10000
	retry = 2400
	expire = 604800
	minimum = 1800

Server:		8.8.8.8
Address:	8.8.8.8#53

Non-authoritative answer:
whitehouse.gov	nameserver = wally.ns.cloudflare.com.
whitehouse.gov	nameserver = ernest.ns.cloudflare.com.

Authoritative answers can be found from:

Server:		8.8.8.8
Address:	8.8.8.8#53

Non-authoritative answer:
metro.net	mail exchanger = 10 metro-net.mail.protection.outlook.com.

Authoritative answers can be found from:

Server:		8.8.8.8
Address:	8.8.8.8#53

Non-authoritative answer:
metro.net	nameserver = ns1.dnsmadeeasy.com.
metro.net	nameserver = ns2.dnsmadeeasy.com.
metro.net	nameserver = ns4.dnsmadeeasy.com.
metro.net	nameserver = ns3.dnsmadeeasy.com.
metro.net	nameserver = ns0.dnsmadeeasy.com.

Authoritative answers can be found from:

Server:		8.8.8.8
Address:	8.8.8.8#53

Non-authoritative answer:
amtrack.com	nameserver = ns48.domaincontrol.com.
amtrack.com	nameserver = ns47.domaincontrol.com.

Authoritative answers can be found from:

Server:		8.8.8.8
Address:	8.8.8.8#53

Non-authoritative answer:
*** Can't find amtrack.com: No answer

Authoritative answers can be found from:
amtrack.com
	origin = ns47.domaincontrol.com
	mail addr = dns.jomax.net
	serial = 2025120906
	refresh = 28800
	retry = 7200
	expire = 604800
	minimum = 600

Server:		8.8.8.8
Address:	8.8.8.8#53

Non-authoritative answer:
bigbluebus.com	nameserver = ns-1032.awsdns-01.org.
bigbluebus.com	nameserver = ns-1857.awsdns-40.co.uk.
bigbluebus.com	nameserver = ns-651.awsdns-17.net.
bigbluebus.com	nameserver = ns-495.awsdns-61.com.

Authoritative answers can be found from:

Server:		8.8.8.8
Address:	8.8.8.8#53

Non-authoritative answer:
ladottransit.com	mail exchanger = 0 mx2.mailchannels.net.
ladottransit.com	mail exchanger = 0 mx1.mailchannels.net.

Authoritative answers can be found from:

Server:		8.8.8.8
Address:	8.8.8.8#53

Non-authoritative answer:
bigbluebus.com	nameserver = ns-1032.awsdns-01.org.
bigbluebus.com	nameserver = ns-495.awsdns-61.com.
bigbluebus.com	nameserver = ns-651.awsdns-17.net.
bigbluebus.com	nameserver = ns-1857.awsdns-40.co.uk.

Authoritative answers can be found from:

Server:		8.8.8.8
Address:	8.8.8.8#53

Non-authoritative answer:
ladottransit.com	mail exchanger = 0 mx1.mailchannels.net.
ladottransit.com	mail exchanger = 0 mx2.mailchannels.net.

Authoritative answers can be found from:

Server:		8.8.8.8
Address:	8.8.8.8#53

Non-authoritative answer:
lapdonline.org	mail exchanger = 10 lapdonline-org.mail.protection.outlook.com.

Authoritative answers can be found from:

traceroute to ladottransit.com (104.20.34.145), 30 hops max, 60 byte packets
 1  cp.local.tld (192.168.32.1)  8.468 ms  6.696 ms  10.991 ms
 2  225.sub-66-174-219.myvzw.com (66.174.219.225)  42.082 ms  44.946 ms  43.489 ms
 3  * * *
 4  * * *
 5  146.sub-69-83-165.myvzw.com (69.83.165.146)  62.859 ms  38.509 ms  59.546 ms
 6  * * *
 7  184.sub-69-83-161.myvzw.com (69.83.161.184)  140.701 ms  127.496 ms  126.185 ms
 8  192.sub-69-83-161.myvzw.com (69.83.161.192)  125.302 ms  119.088 ms  96.659 ms
 9  183.sub-69-83-160.myvzw.com (69.83.160.183)  93.997 ms  62.540 ms  60.121 ms
10  lag-11.SNJUCACL-PPR02-CC.ALTER.NET (140.222.19.77)  56.426 ms  54.152 ms  56.900 ms
11  * ALTER.NET.customer.alter.net (204.148.55.202)  50.997 ms  69.742 ms
12  172.68.188.94 (172.68.188.94)  54.941 ms 172.68.188.22 (172.68.188.22)  42.951 ms 172.68.188.80 (172.68.188.80)  40.718 ms
13  104.20.34.145 (104.20.34.145)  48.718 ms  46.141 ms  45.981 ms
Server:		8.8.8.8
Address:	8.8.8.8#53

Non-authoritative answer:
lapdonline.org	nameserver = ns3-02.azuregov-dns.us.
lapdonline.org	nameserver = ns2-02.azuregov-dns.us.
lapdonline.org	nameserver = ns1-02.azuregov-dns.us.
lapdonline.org	nameserver = ns4-02.azuregov-dns.us.

Authoritative answers can be found from:

traceroute to lapdonline.org (23.1.33.5), 30 hops max, 60 byte packets
 1  cp.local.tld (192.168.32.1)  78.620 ms  77.537 ms  76.433 ms
 2  225.sub-66-174-219.myvzw.com (66.174.219.225)  110.965 ms * *
 3  * * *
 4  * * *
 5  * * *
 6  * * *
 7  * * *
 8  192.sub-69-83-161.myvzw.com (69.83.161.192)  41.818 ms  53.215 ms  56.041 ms
 9  183.sub-69-83-160.myvzw.com (69.83.160.183)  54.693 ms  54.370 ms  38.871 ms
10  * * *
11  customer.alter.net (152.179.68.150)  212.505 ms  212.014 ms  211.248 ms
12  * * *
13  * * *
14  * * *
15  a23-1-33-5.deploy.static.akamaitechnologies.com (23.1.33.5)  106.920 ms  104.464 ms  113.117 ms
Server:		8.8.8.8
Address:	8.8.8.8#53

Non-authoritative answer:
lacounty.gov	nameserver = dci-ib-e01.isd.lacounty.gov.
lacounty.gov	nameserver = lrci-ib-e03.isd.lacounty.gov.
lacounty.gov	nameserver = dci-ib-e02.isd.lacounty.gov.
lacounty.gov	nameserver = lrci-ib-e04.isd.lacounty.gov.

Authoritative answers can be found from:

;; communications error to 8.8.8.8#53: timed out
Server:		8.8.8.8
Address:	8.8.8.8#53

Non-authoritative answer:
lacounty.gov	mail exchanger = 10 mxa-002da105.gslb.pphosted.com.
lacounty.gov	mail exchanger = 10 mxb-002da105.gslb.pphosted.com.

Authoritative answers can be found from:

Server:		8.8.8.8
Address:	8.8.8.8#53

Non-authoritative answer:
commerce.gov	nameserver = cecelia.ns.cloudflare.com.
commerce.gov	nameserver = max.ns.cloudflare.com.

Authoritative answers can be found from:

Server:		8.8.8.8
Address:	8.8.8.8#53

Non-authoritative answer:
commerce.gov	mail exchanger = 0 commerce-gov.mail.protection.outlook.com.

Authoritative answers can be found from:

Server:		8.8.8.8
Address:	8.8.8.8#53

Non-authoritative answer:
polb.com	nameserver = a1-172.akam.net.
polb.com	nameserver = a22-67.akam.net.
polb.com	nameserver = a28-65.akam.net.
polb.com	nameserver = a14-64.akam.net.
polb.com	nameserver = a9-67.akam.net.
polb.com	nameserver = a5-67.akam.net.

Authoritative answers can be found from:

Server:		8.8.8.8
Address:	8.8.8.8#53

Non-authoritative answer:
polb.com	mail exchanger = 5 us-smtp-inbound-2.mimecast.com.
polb.com	mail exchanger = 5 us-smtp-inbound-1.mimecast.com.

Authoritative answers can be found from:

Server:		8.8.8.8
Address:	8.8.8.8#53

Non-authoritative answer:
wellsfargo.com	mail exchanger = 10 mxb-00004003.gslb.pphosted.com.
wellsfargo.com	mail exchanger = 10 mxa-00004003.gslb.pphosted.com.

Authoritative answers can be found from:

;; communications error to 8.8.8.8#53: timed out
Server:		8.8.8.8
Address:	8.8.8.8#53

Non-authoritative answer:
wellsfargo.com	nameserver = edns1.ultradns.biz.
wellsfargo.com	nameserver = a24-66.akam.net.
wellsfargo.com	nameserver = edns1.ultradns.com.
wellsfargo.com	nameserver = a1-189.akam.net.
wellsfargo.com	nameserver = edns1.ultradns.org.
wellsfargo.com	nameserver = edns1.ultradns.net.
wellsfargo.com	nameserver = a2-64.akam.net.

Authoritative answers can be found from:

Server:		8.8.8.8
Address:	8.8.8.8#53

Non-authoritative answer:
musiccenter.org	nameserver = ns98.worldnic.com.
musiccenter.org	nameserver = ns97.worldnic.com.

Authoritative answers can be found from:

Server:		8.8.8.8
Address:	8.8.8.8#53

Non-authoritative answer:
musiccenter.org	mail exchanger = 10 musiccenter-org.mail.protection.outlook.com.

Authoritative answers can be found from:

traceroute to musiccenter.org (172.66.159.57), 30 hops max, 60 byte packets
 1  cp.local.tld (192.168.32.1)  5.807 ms  31.065 ms  29.799 ms
 2  225.sub-66-174-219.myvzw.com (66.174.219.225)  58.574 ms  82.762 ms  81.409 ms
 3  * * *
 4  * * *
 5  146.sub-69-83-165.myvzw.com (69.83.165.146)  73.597 ms  72.164 ms  70.606 ms
 6  * * *
 7  * * *
 8  192.sub-69-83-161.myvzw.com (69.83.161.192)  53.680 ms  58.864 ms  51.082 ms
 9  183.sub-69-83-160.myvzw.com (69.83.160.183)  49.007 ms  39.331 ms  42.606 ms
10  * * *
11  ALTER.NET.customer.alter.net (204.148.55.202)  158.572 ms * *
12  172.68.188.94 (172.68.188.94)  101.120 ms 172.68.188.115 (172.68.188.115)  109.174 ms 172.68.188.96 (172.68.188.96)  107.588 ms
13  172.66.159.57 (172.66.159.57)  87.168 ms  86.290 ms  85.212 ms
Server:		8.8.8.8
Address:	8.8.8.8#53

Non-authoritative answer:
laopera.org	nameserver = ns63.domaincontrol.com.
laopera.org	nameserver = ns64.domaincontrol.com.

Authoritative answers can be found from:

Server:		8.8.8.8
Address:	8.8.8.8#53

Non-authoritative answer:
laopera.org	mail exchanger = 0 laopera-org.mail.protection.outlook.com.

Authoritative answers can be found from:

traceroute to laoperA.org (13.91.105.246), 30 hops max, 60 byte packets
 1  cp.local.tld (192.168.32.1)  7.615 ms  5.976 ms  8.689 ms
 2  225.sub-66-174-219.myvzw.com (66.174.219.225)  45.659 ms  44.540 ms  43.388 ms
 3  * * 50.sub-69-83-165.myvzw.com (69.83.165.50)  45.151 ms
 4  * * *
 5  146.sub-69-83-165.myvzw.com (69.83.165.146)  38.958 ms  42.895 ms  41.352 ms
 6  * * *
 7  * * *
 8  192.sub-69-83-161.myvzw.com (69.83.161.192)  88.886 ms  87.371 ms  86.267 ms
 9  183.sub-69-83-160.myvzw.com (69.83.160.183)  82.289 ms  79.480 ms  42.782 ms
10  * * *
11  customer.alter.net (152.193.29.54)  51.525 ms  51.550 ms  53.313 ms
12  ae20-0.icr03.by21.ntwk.msn.net (51.10.1.40)  36.290 ms ae22-0.icr03.by4.ntwk.msn.net (51.10.1.44)  52.307 ms  48.672 ms
13  * * *
14  * * *
15  * * *
16  * * *
17  * * *
18  * * *
19  * * *
20  * * *
21  * * *
22  * * *
23  * * *
24  * * *
25  * * *
26  * * *
27  * * *
28  * * *
29  * * *
30  * * *
;; communications error to 8.8.8.8#53: timed out
;; communications error to 8.8.8.8#53: timed out
;; UDP setup with 8.8.8.8#53(8.8.8.8) for fire.ca.gov failed: network unreachable.
;; UDP setup with 8.8.4.4#53(8.8.4.4) for fire.ca.gov failed: network unreachable.
;; no servers could be reached

;; UDP setup with 8.8.8.8#53(8.8.8.8) for ca.gov failed: network unreachable.
;; no servers could be reached
;; UDP setup with 8.8.8.8#53(8.8.8.8) for ca.gov failed: network unreachable.
;; no servers could be reached
;; UDP setup with 8.8.8.8#53(8.8.8.8) for ca.gov failed: network unreachable.
;; UDP setup with 8.8.4.4#53(8.8.4.4) for ca.gov failed: network unreachable.
;; no servers could be reached

;; UDP setup with 8.8.8.8#53(8.8.8.8) for ca.gov failed: network unreachable.
;; no servers could be reached
;; UDP setup with 8.8.8.8#53(8.8.8.8) for ca.gov failed: network unreachable.
;; no servers could be reached
;; UDP setup with 8.8.8.8#53(8.8.8.8) for ca.gov failed: network unreachable.
;; UDP setup with 8.8.4.4#53(8.8.4.4) for ca.gov failed: network unreachable.
;; no servers could be reached

;; UDP setup with 8.8.8.8#53(8.8.8.8) for fire.ca.gov failed: network unreachable.
;; no servers could be reached
;; UDP setup with 8.8.8.8#53(8.8.8.8) for fire.ca.gov failed: network unreachable.
;; no servers could be reached
;; UDP setup with 8.8.8.8#53(8.8.8.8) for fire.ca.gov failed: network unreachable.
;; UDP setup with 8.8.4.4#53(8.8.4.4) for fire.ca.gov failed: network unreachable.
;; no servers could be reached

;; UDP setup with 8.8.8.8#53(8.8.8.8) for stfranciscenterla.org failed: network unreachable.
;; no servers could be reached
;; UDP setup with 8.8.8.8#53(8.8.8.8) for stfranciscenterla.org failed: network unreachable.
;; no servers could be reached
;; UDP setup with 8.8.8.8#53(8.8.8.8) for stfranciscenterla.org failed: network unreachable.
;; UDP setup with 8.8.4.4#53(8.8.4.4) for stfranciscenterla.org failed: network unreachable.
;; no servers could be reached

;; UDP setup with 8.8.8.8#53(8.8.8.8) for stfranciscenterla.org failed: network unreachable.
;; no servers could be reached
;; UDP setup with 8.8.8.8#53(8.8.8.8) for stfranciscenterla.org failed: network unreachable.
;; no servers could be reached
;; UDP setup with 8.8.8.8#53(8.8.8.8) for stfranciscenterla.org failed: network unreachable.
;; UDP setup with 8.8.4.4#53(8.8.4.4) for stfranciscenterla.org failed: network unreachable.
;; no servers could be reached

;; UDP setup with 8.8.8.8#53(8.8.8.8) for state.gov failed: network unreachable.
;; no servers could be reached
;; UDP setup with 8.8.8.8#53(8.8.8.8) for state.gov failed: network unreachable.
;; no servers could be reached
;; UDP setup with 8.8.8.8#53(8.8.8.8) for state.gov failed: network unreachable.
;; UDP setup with 8.8.4.4#53(8.8.4.4) for state.gov failed: network unreachable.
;; no servers could be reached

;; UDP setup with 8.8.8.8#53(8.8.8.8) for state.gov failed: network unreachable.
;; no servers could be reached
;; UDP setup with 8.8.8.8#53(8.8.8.8) for state.gov failed: network unreachable.
;; no servers could be reached
;; UDP setup with 8.8.8.8#53(8.8.8.8) for state.gov failed: network unreachable.
;; UDP setup with 8.8.4.4#53(8.8.4.4) for state.gov failed: network unreachable.
;; no servers could be reached

;; UDP setup with 8.8.8.8#53(8.8.8.8) for cedars-sinai.org failed: network unreachable.
;; no servers could be reached
;; UDP setup with 8.8.8.8#53(8.8.8.8) for cedars-sinai.org failed: network unreachable.
;; no servers could be reached
;; UDP setup with 8.8.8.8#53(8.8.8.8) for cedars-sinai.org failed: network unreachable.
;; UDP setup with 8.8.4.4#53(8.8.4.4) for cedars-sinai.org failed: network unreachable.
;; no servers could be reached

;; UDP setup with 8.8.8.8#53(8.8.8.8) for cedars-sinai.org failed: network unreachable.
;; no servers could be reached
;; UDP setup with 8.8.8.8#53(8.8.8.8) for cedars-sinai.org failed: network unreachable.
;; no servers could be reached
;; UDP setup with 8.8.8.8#53(8.8.8.8) for cedars-sinai.org failed: network unreachable.
;; UDP setup with 8.8.4.4#53(8.8.4.4) for cedars-sinai.org failed: network unreachable.
;; no servers could be reached

;; UDP setup with 8.8.8.8#53(8.8.8.8) for embassyeritrea.org failed: network unreachable.
;; no servers could be reached
;; UDP setup with 8.8.8.8#53(8.8.8.8) for embassyeritrea.org failed: network unreachable.
;; no servers could be reached
;; UDP setup with 8.8.8.8#53(8.8.8.8) for embassyeritrea.org failed: network unreachable.
;; UDP setup with 8.8.4.4#53(8.8.4.4) for embassyeritrea.org failed: network unreachable.
;; no servers could be reached

;; UDP setup with 8.8.8.8#53(8.8.8.8) for embassyeritrea.org failed: network unreachable.
;; no servers could be reached
;; UDP setup with 8.8.8.8#53(8.8.8.8) for embassyeritrea.org failed: network unreachable.
;; no servers could be reached
;; UDP setup with 8.8.8.8#53(8.8.8.8) for embassyeritrea.org failed: network unreachable.
;; UDP setup with 8.8.4.4#53(8.8.4.4) for embassyeritrea.org failed: network unreachable.
;; no servers could be reached

;; UDP setup with 8.8.8.8#53(8.8.8.8) for ethiopianembassy.org failed: network unreachable.
;; no servers could be reached
;; UDP setup with 8.8.8.8#53(8.8.8.8) for ethiopianembassy.org failed: network unreachable.
;; no servers could be reached
;; UDP setup with 8.8.8.8#53(8.8.8.8) for ethiopianembassy.org failed: network unreachable.
;; UDP setup with 8.8.4.4#53(8.8.4.4) for ethiopianembassy.org failed: network unreachable.
;; no servers could be reached

;; UDP setup with 8.8.8.8#53(8.8.8.8) for ethiopianembassy.org failed: network unreachable.
;; no servers could be reached
;; UDP setup with 8.8.8.8#53(8.8.8.8) for ethiopianembassy.org failed: network unreachable.
;; no servers could be reached
;; UDP setup with 8.8.8.8#53(8.8.8.8) for ethiopianembassy.org failed: network unreachable.
;; UDP setup with 8.8.4.4#53(8.8.4.4) for ethiopianembassy.org failed: network unreachable.
;; no servers could be reached

;; UDP setup with 8.8.8.8#53(8.8.8.8) for state.gov failed: network unreachable.
;; no servers could be reached
;; UDP setup with 8.8.8.8#53(8.8.8.8) for state.gov failed: network unreachable.
;; no servers could be reached
;; UDP setup with 8.8.8.8#53(8.8.8.8) for state.gov failed: network unreachable.
;; UDP setup with 8.8.4.4#53(8.8.4.4) for state.gov failed: network unreachable.
;; no servers could be reached

;; UDP setup with 8.8.8.8#53(8.8.8.8) for embassyeritrea.org failed: network unreachable.
;; no servers could be reached
;; UDP setup with 8.8.8.8#53(8.8.8.8) for embassyeritrea.org failed: network unreachable.
;; no servers could be reached
;; UDP setup with 8.8.8.8#53(8.8.8.8) for embassyeritrea.org failed: network unreachable.
;; UDP setup with 8.8.4.4#53(8.8.4.4) for embassyeritrea.org failed: network unreachable.
;; no servers could be reached

;; UDP setup with 8.8.8.8#53(8.8.8.8) for stfranciscenterla.org failed: network unreachable.
;; no servers could be reached
;; UDP setup with 8.8.8.8#53(8.8.8.8) for stfranciscenterla.org failed: network unreachable.
;; no servers could be reached
;; UDP setup with 8.8.8.8#53(8.8.8.8) for stfranciscenterla.org failed: network unreachable.
;; UDP setup with 8.8.4.4#53(8.8.4.4) for stfranciscenterla.org failed: network unreachable.
;; no servers could be reached

;; UDP setup with 8.8.8.8#53(8.8.8.8) for fire.ca.gov failed: network unreachable.
;; no servers could be reached
;; UDP setup with 8.8.8.8#53(8.8.8.8) for fire.ca.gov failed: network unreachable.
;; no servers could be reached
;; UDP setup with 8.8.8.8#53(8.8.8.8) for fire.ca.gov failed: network unreachable.
;; UDP setup with 8.8.4.4#53(8.8.4.4) for fire.ca.gov failed: network unreachable.
;; no servers could be reached

;; UDP setup with 8.8.8.8#53(8.8.8.8) for ca.gov failed: network unreachable.
;; no servers could be reached
;; UDP setup with 8.8.8.8#53(8.8.8.8) for ca.gov failed: network unreachable.
;; no servers could be reached
;; UDP setup with 8.8.8.8#53(8.8.8.8) for ca.gov failed: network unreachable.
;; UDP setup with 8.8.4.4#53(8.8.4.4) for ca.gov failed: network unreachable.
;; no servers could be reached

;; UDP setup with 8.8.8.8#53(8.8.8.8) for ca.gov failed: network unreachable.
;; no servers could be reached
;; UDP setup with 8.8.8.8#53(8.8.8.8) for ca.gov failed: network unreachable.
;; no servers could be reached
;; UDP setup with 8.8.8.8#53(8.8.8.8) for ca.gov failed: network unreachable.
;; UDP setup with 8.8.4.4#53(8.8.4.4) for ca.gov failed: network unreachable.
;; no servers could be reached

;; UDP setup with 8.8.8.8#53(8.8.8.8) for starbucks.com failed: network unreachable.
;; no servers could be reached
;; UDP setup with 8.8.8.8#53(8.8.8.8) for starbucks.com failed: network unreachable.
;; no servers could be reached
;; UDP setup with 8.8.8.8#53(8.8.8.8) for starbucks.com failed: network unreachable.
;; UDP setup with 8.8.4.4#53(8.8.4.4) for starbucks.com failed: network unreachable.
;; no servers could be reached

;; UDP setup with 8.8.8.8#53(8.8.8.8) for starbucks.com failed: network unreachable.
;; no servers could be reached
;; UDP setup with 8.8.8.8#53(8.8.8.8) for starbucks.com failed: network unreachable.
;; no servers could be reached
;; UDP setup with 8.8.8.8#53(8.8.8.8) for starbucks.com failed: network unreachable.
;; UDP setup with 8.8.4.4#53(8.8.4.4) for starbucks.com failed: network unreachable.
;; no servers could be reached

;; UDP setup with 8.8.8.8#53(8.8.8.8) for starbucks.com failed: network unreachable.
;; no servers could be reached
;; UDP setup with 8.8.8.8#53(8.8.8.8) for starbucks.com failed: network unreachable.
;; no servers could be reached
;; UDP setup with 8.8.8.8#53(8.8.8.8) for starbucks.com failed: network unreachable.
;; UDP setup with 8.8.4.4#53(8.8.4.4) for starbucks.com failed: network unreachable.
;; no servers could be reached

;; UDP setup with 8.8.8.8#53(8.8.8.8) for commonspirit.org failed: network unreachable.
;; no servers could be reached
;; UDP setup with 8.8.8.8#53(8.8.8.8) for commonspirit.org failed: network unreachable.
;; no servers could be reached
;; UDP setup with 8.8.8.8#53(8.8.8.8) for commonspirit.org failed: network unreachable.
;; UDP setup with 8.8.4.4#53(8.8.4.4) for commonspirit.org failed: network unreachable.
;; no servers could be reached

;; UDP setup with 8.8.8.8#53(8.8.8.8) for commonspirit.org failed: network unreachable.
;; no servers could be reached
;; UDP setup with 8.8.8.8#53(8.8.8.8) for commonspirit.org failed: network unreachable.
;; no servers could be reached
;; UDP setup with 8.8.8.8#53(8.8.8.8) for commonspirit.org failed: network unreachable.
;; UDP setup with 8.8.4.4#53(8.8.4.4) for commonspirit.org failed: network unreachable.
;; no servers could be reached

;; UDP setup with 8.8.8.8#53(8.8.8.8) for dignityhealth.org failed: network unreachable.
;; no servers could be reached
;; UDP setup with 8.8.8.8#53(8.8.8.8) for dignityhealth.org failed: network unreachable.
;; no servers could be reached
;; UDP setup with 8.8.8.8#53(8.8.8.8) for dignityhealth.org failed: network unreachable.
;; UDP setup with 8.8.4.4#53(8.8.4.4) for dignityhealth.org failed: network unreachable.
;; no servers could be reached

;; UDP setup with 8.8.8.8#53(8.8.8.8) for dignityhealth.org failed: network unreachable.
;; no servers could be reached
;; UDP setup with 8.8.8.8#53(8.8.8.8) for dignityhealth.org failed: network unreachable.
;; no servers could be reached
;; UDP setup with 8.8.8.8#53(8.8.8.8) for dignityhealth.org failed: network unreachable.
;; UDP setup with 8.8.4.4#53(8.8.4.4) for dignityhealth.org failed: network unreachable.
;; no servers could be reached

;; UDP setup with 8.8.8.8#53(8.8.8.8) for starbucks.com failed: network unreachable.
;; no servers could be reached
;; UDP setup with 8.8.8.8#53(8.8.8.8) for starbucks.com failed: network unreachable.
;; no servers could be reached
;; UDP setup with 8.8.8.8#53(8.8.8.8) for starbucks.com failed: network unreachable.
;; UDP setup with 8.8.4.4#53(8.8.4.4) for starbucks.com failed: network unreachable.
;; no servers could be reached

;; UDP setup with 8.8.8.8#53(8.8.8.8) for virtiserv.com failed: network unreachable.
;; no servers could be reached
;; UDP setup with 8.8.8.8#53(8.8.8.8) for virtiserv.com failed: network unreachable.
;; no servers could be reached
;; UDP setup with 8.8.8.8#53(8.8.8.8) for virtiserv.com failed: network unreachable.
;; UDP setup with 8.8.4.4#53(8.8.4.4) for virtiserv.com failed: network unreachable.
;; no servers could be reached

;; UDP setup with 8.8.8.8#53(8.8.8.8) for virtiserv.com failed: network unreachable.
;; no servers could be reached
;; UDP setup with 8.8.8.8#53(8.8.8.8) for virtiserv.com failed: network unreachable.
;; no servers could be reached
;; UDP setup with 8.8.8.8#53(8.8.8.8) for virtiserv.com failed: network unreachable.
;; UDP setup with 8.8.4.4#53(8.8.4.4) for virtiserv.com failed: network unreachable.
;; no servers could be reached

 #NEWS ra5hard.github.io  && cnn.com/2001/TECH/industry/09/11/akamai.founder/index.html
