jpl.nasa.gov	nameserver = a2-67.akam.net.
jpl.nasa.gov	nameserver = a1-91.akam.net.
jpl.nasa.gov	nameserver = a11-67.akam.net.
jpl.nasa.gov	nameserver = a14-67.akam.net.
jpl.nasa.gov	nameserver = a7-65.akam.net.
jpl.nasa.gov	nameserver = a8-65.akam.net.
jpl.nasa.gov	mail exchanger = 20 mxb-0020b901.gslb.pphosted.com.
jpl.nasa.gov	mail exchanger = 20 mxa-0020b901.gslb.pphosted.com.
karenbass.com	mail exchanger = 1 aspmx.l.google.com.
karenbass.com	mail exchanger = 10 alt4.aspmx.l.google.com.
karenbass.com	mail exchanger = 10 alt3.aspmx.l.google.com.
karenbass.com	mail exchanger = 5 alt2.aspmx.l.google.com.
karenbass.com	mail exchanger = 5 alt1.aspmx.l.google.com.
karenbass.com	nameserver = nicole.ns.cloudflare.com.
karenbass.com	nameserver = conrad.ns.cloudflare.com.
usgs.gov	nameserver = ram.ns.cloudflare.com.
usgs.gov	nameserver = chin.ns.cloudflare.com.
usgs.gov	mail exchanger = 0 usgs-gov.mail.protection.outlook.com.
usps.com	nameserver = dns141.usps.com.
usps.com	nameserver = dns082.usps.com.
usps.com	nameserver = dns141.usps.com.
usps.com	nameserver = dns082.usps.com.
usps.com	mail exchanger = 10 mxa-0038fd02.gslb.gpphosted.com.
usps.com	mail exchanger = 10 mxb-0038fd02.gslb.gpphosted.com.
wp1-ext.usps.gov	canonical name = wildcard.usps.com.edgekey.net.
wildcard.usps.com.edgekey.net	canonical name = e6531.dsca.akamaiedge.net.
	origin = n0dsca.akamaiedge.net
	mail addr = hostmaster.akamai.com
	serial = 1777434765
	refresh = 1000
	retry = 1000
	expire = 1000
	minimum = 1800
wp1-ext.usps.gov	canonical name = wildcard.usps.com.edgekey.net.
wildcard.usps.com.edgekey.net	canonical name = e6531.dsca.akamaiedge.net.
	origin = n0dsca.akamaiedge.net
	mail addr = hostmaster.akamai.com
	serial = 1777434765
	refresh = 1000
	retry = 1000
	expire = 1000
	minimum = 1800
lacourt.ca.gov	mail exchanger = 1 lacourt-ca-gov.mail.protection.outlook.com.
lacourt.ca.gov	nameserver = keaton.ns.cloudflare.com.
lacourt.ca.gov	nameserver = kelly.ns.cloudflare.com.
lacourt.org	nameserver = ns17.domaincontrol.com.
lacourt.org	nameserver = ns18.domaincontrol.com.
lacourt.org	mail exchanger = 0 lacourt-org.mail.protection.outlook.com.
nasa.gov	mail exchanger = 0 nasa-gov.mail.protection.outlook.com.
nasa.gov	nameserver = a9-64.akam.net.
nasa.gov	nameserver = a14-67.akam.net.
nasa.gov	nameserver = a12-64.akam.net.
nasa.gov	nameserver = a1-32.akam.net.
nasa.gov	nameserver = a8-66.akam.net.
nasa.gov	nameserver = a5-66.akam.net.
flylax.com	nameserver = veuscoreinfo03.lawa.org.
flylax.com	nameserver = vlaxnashns1.lawa.org.
flylax.com	nameserver = vlasns1.lawa.org.
flylax.com	nameserver = vwuscoreinfo03.lawa.org.
flylax.com	mail exchanger = 10 inbound-smtp.us-east-1.amazonaws.com.
cia.gov	mail exchanger = 10 mail4.cia.gov.
cia.gov	mail exchanger = 10 mail3.cia.gov.
cia.gov	nameserver = a16-67.akam.net.
cia.gov	nameserver = a1-22.akam.net.
cia.gov	nameserver = a3-64.akam.net.
cia.gov	nameserver = a12-65.akam.net.
cia.gov	nameserver = a22-66.akam.net.
cia.gov	nameserver = a13-65.akam.net.
google.com	mail exchanger = 10 smtp.google.com.
google.com	nameserver = ns2.google.com.
google.com	nameserver = ns3.google.com.
google.com	nameserver = ns1.google.com.
google.com	nameserver = ns4.google.com.
fbi.gov	nameserver = ns-cloud-e4.googledomains.com.
fbi.gov	nameserver = ns-cloud-e1.googledomains.com.
fbi.gov	nameserver = ns-cloud-e3.googledomains.com.
fbi.gov	nameserver = ns-cloud-e2.googledomains.com.
fbi.gov	mail exchanger = 10 mx-east.fbi.gov.
fbi.gov	mail exchanger = 20 mx-west.fbi.gov.
epa.gov	mail exchanger = 0 usepa.mail.protection.outlook.com.
epa.gov	nameserver = nccns2.epa.gov.
epa.gov	nameserver = dcns2.epa.gov.
epa.gov	nameserver = nccns1.epa.gov.
epa.gov	nameserver = dcns1.epa.gov.
lacoe.edu	nameserver = pws.lacoe.edu.
lacoe.edu	nameserver = nccunix.lacoe.edu.
lacoe.edu	nameserver = dns4.lacoe.edu.
lacoe.edu	nameserver = netmgr.lacoe.edu.
lacoe.edu	mail exchanger = 0 lacoe-edu.mail.protection.outlook.com.
jw.org	nameserver = a26-64.akam.net.
jw.org	nameserver = a11-66.akam.net.
jw.org	nameserver = a22-67.akam.net.
jw.org	nameserver = a1-141.akam.net.
jw.org	nameserver = a28-65.akam.net.
jw.org	nameserver = a7-66.akam.net.
jw.org	mail exchanger = 10 jw-org.mail.protection.outlook.com.
azbec.org	mail exchanger = 0 azbec-org.mail.protection.outlook.com.
azbec.org	nameserver = ns52.domaincontrol.com.
azbec.org	nameserver = ns51.domaincontrol.com.
noaa.gov	mail exchanger = 20 ALT2.ASPMX.L.GOOGLE.COM.
noaa.gov	mail exchanger = 40 ALT3.ASPMX.L.GOOGLE.COM.
noaa.gov	mail exchanger = 20 ALT1.ASPMX.L.GOOGLE.COM.
noaa.gov	mail exchanger = 40 ALT4.ASPMX.L.GOOGLE.COM.
noaa.gov	mail exchanger = 10 ASPMX.L.GOOGLE.COM.
noaa.gov	nameserver = ns-02.noaa.gov.
noaa.gov	nameserver = ns-03.noaa.gov.
noaa.gov	nameserver = ns-01.noaa.gov.
aia-aerospace.org	nameserver = miles.ns.cloudflare.com.
aia-aerospace.org	nameserver = chelsea.ns.cloudflare.com.
aia-aerospace.org	mail exchanger = 0 mx1-us1.ppe-hosted.com.
aia-aerospace.org	mail exchanger = 0 mx2-us1.ppe-hosted.com.
rocketlabcorp.com	mail exchanger = 0 rocketlabcorp-com.mail.protection.office365.us.
rocketlabcorp.com	mail exchanger = 0 rocketlabcorp-com.mail.protection.office365.us.
rtx.com	nameserver = aria.ns.cloudflare.com.
rtx.com	nameserver = algin.ns.cloudflare.com.
rtx.com	mail exchanger = 10 mxa-00105402.gslb.gpphosted.com.
rtx.com	mail exchanger = 10 mxb-00105402.gslb.gpphosted.com.
lacity.org	nameserver = ns3.dnsmadeeasy.com.
lacity.org	nameserver = ns4.dnsmadeeasy.com.
lacity.org	nameserver = ns0.dnsmadeeasy.com.
lacity.org	nameserver = ns2.dnsmadeeasy.com.
lacity.org	nameserver = ns1.dnsmadeeasy.com.
lacity.org	mail exchanger = 1 aspmx.l.google.com.
lacity.org	mail exchanger = 10 alt4.aspmx.l.google.com.
lacity.org	mail exchanger = 5 alt2.aspmx.l.google.com.
lacity.org	mail exchanger = 5 alt1.aspmx.l.google.com.
lacity.org	mail exchanger = 10 alt3.aspmx.l.google.com.
lacity.gov	mail exchanger = 10 alt4.aspmx.l.google.com.
lacity.gov	mail exchanger = 5 alt1.aspmx.l.google.com.
lacity.gov	mail exchanger = 5 alt2.aspmx.l.google.com.
lacity.gov	mail exchanger = 10 alt3.aspmx.l.google.com.
lacity.gov	mail exchanger = 1 aspmx.l.google.com.
lacity.gov	nameserver = ns4.dnsmadeeasy.com.
lacity.gov	nameserver = ns0.dnsmadeeasy.com.
lacity.gov	nameserver = ns1.dnsmadeeasy.com.
lacity.gov	nameserver = ns2.dnsmadeeasy.com.
lacity.gov	nameserver = ns3.dnsmadeeasy.com.
longbeach.gov	nameserver = b8.uberns.com.
longbeach.gov	nameserver = dns02.ci.long-beach.ca.us.
longbeach.gov	nameserver = a8.uberns.com.
longbeach.gov	nameserver = dns01.ci.long-beach.ca.us.
longbeach.gov	mail exchanger = 10 mxb-00539a01.gslb.pphosted.com.
longbeach.gov	mail exchanger = 10 mxa-00539a01.gslb.pphosted.com.
lapl.org	mail exchanger = 2 alt2.aspmx.l.google.com.
lapl.org	mail exchanger = 3 alt4.aspmx.l.google.com.
lapl.org	mail exchanger = 1 aspmx.l.google.com.
lapl.org	mail exchanger = 2 alt1.aspmx.l.google.com.
lapl.org	mail exchanger = 3 alt3.aspmx.l.google.com.
lapl.org	mail exchanger = 2 alt1.aspmx.l.google.com.
lapl.org	mail exchanger = 3 alt3.aspmx.l.google.com.
lapl.org	mail exchanger = 3 alt4.aspmx.l.google.com.
lapl.org	mail exchanger = 2 alt2.aspmx.l.google.com.
lapl.org	mail exchanger = 1 aspmx.l.google.com.
georgia.gov	nameserver = sogns1.state.ga.us.
georgia.gov	nameserver = sogns2.state.ga.us.
georgia.gov	mail exchanger = 10 mxa-003fd101.gslb.pphosted.com.
georgia.gov	mail exchanger = 10 mxb-003fd101.gslb.pphosted.com.
earthlink.net	mail exchanger = 5 mx01.earthlink-vadesecure.net.
earthlink.net	mail exchanger = 5 mx02.earthlink-vadesecure.net.
earthlink.net	mail exchanger = 5 mx04.earthlink-vadesecure.net.
earthlink.net	mail exchanger = 5 mx03.earthlink-vadesecure.net.
earthlink.net	nameserver = rihana.ns.cloudflare.com.
earthlink.net	nameserver = carl.ns.cloudflare.com.
waterandpower.org	mail exchanger = 10 mx1c38.carrierzone.com.
waterandpower.org	mail exchanger = 100 mx2c38.carrierzone.com.
waterandpower.org	mail exchanger = 110 mx3c38.carrierzone.com.
waterandpower.org	mail exchanger = 120 mx4c38.carrierzone.com.
waterandpower.org	nameserver = dns1.earthlink.net.
waterandpower.org	nameserver = dns3.earthlink.net.
waterandpower.org	nameserver = dns2.earthlink.net.
level3.net	mail exchanger = 10 mx0b-007e5801.pphosted.com.
level3.net	mail exchanger = 10 mx0a-007e5801.pphosted.com.
level3.net	nameserver = ns2.level3.net.
level3.net	nameserver = ns1.level3.net.
fultoncountyga.gov	nameserver = ns1.cl.bellsouth.net.
fultoncountyga.gov	nameserver = ns2.cl.bellsouth.net.
fultoncountyga.gov	nameserver = ns3.cl.bellsouth.net.
fultoncountyga.gov	mail exchanger = 10 mxb-0032a901.gslb.pphosted.com.
fultoncountyga.gov	mail exchanger = 10 mxa-0032a901.gslb.pphosted.com.
atlantaga.gov	nameserver = ns1.cl.bellsouth.net.
atlantaga.gov	nameserver = cbru.br.ns.els-gms.att.net.
atlantaga.gov	nameserver = ns2.cl.bellsouth.net.
atlantaga.gov	nameserver = ns3.cl.bellsouth.net.
atlantaga.gov	nameserver = cmtu.mt.ns.els-gms.att.net.
atlantaga.gov	mail exchanger = 0 mxb-003fa601.gslb.pphosted.com.
atlantaga.gov	mail exchanger = 0 mxa-003fa601.gslb.pphosted.com.
	origin = ernest.ns.cloudflare.com
	mail addr = dns.cloudflare.com
	serial = 2402441130
	refresh = 10000
	retry = 2400
	expire = 604800
	minimum = 1800
	origin = ernest.ns.cloudflare.com
	mail addr = dns.cloudflare.com
	serial = 2402441130
	refresh = 10000
	retry = 2400
	expire = 604800
	minimum = 1800
metro.net	mail exchanger = 10 metro-net.mail.protection.outlook.com.
metro.net	nameserver = ns2.dnsmadeeasy.com.
metro.net	nameserver = ns4.dnsmadeeasy.com.
metro.net	nameserver = ns0.dnsmadeeasy.com.
metro.net	nameserver = ns3.dnsmadeeasy.com.
metro.net	nameserver = ns1.dnsmadeeasy.com.
amtrack.com	nameserver = ns47.domaincontrol.com.
amtrack.com	nameserver = ns48.domaincontrol.com.
	origin = ns47.domaincontrol.com
	mail addr = dns.jomax.net
	serial = 2025120906
	refresh = 28800
	retry = 7200
	expire = 604800
	minimum = 600
lapdonline.org	mail exchanger = 10 lapdonline-org.mail.protection.outlook.com.
lapdonline.org	nameserver = ns1-02.azuregov-dns.us.
lapdonline.org	nameserver = ns4-02.azuregov-dns.us.
lapdonline.org	nameserver = ns3-02.azuregov-dns.us.
lapdonline.org	nameserver = ns2-02.azuregov-dns.us.
lacounty.gov	nameserver = lrci-ib-e04.isd.lacounty.gov.
lacounty.gov	nameserver = dci-ib-e01.isd.lacounty.gov.
lacounty.gov	nameserver = dci-ib-e02.isd.lacounty.gov.
lacounty.gov	nameserver = lrci-ib-e03.isd.lacounty.gov.
lacounty.gov	mail exchanger = 10 mxb-002da105.gslb.pphosted.com.
lacounty.gov	mail exchanger = 10 mxa-002da105.gslb.pphosted.com.
commerce.gov	nameserver = cecelia.ns.cloudflare.com.
commerce.gov	nameserver = max.ns.cloudflare.com.
commerce.gov	mail exchanger = 0 commerce-gov.mail.protection.outlook.com.
polb.com	nameserver = a28-65.akam.net.
polb.com	nameserver = a22-67.akam.net.
polb.com	nameserver = a9-67.akam.net.
polb.com	nameserver = a14-64.akam.net.
polb.com	nameserver = a1-172.akam.net.
polb.com	nameserver = a5-67.akam.net.
polb.com	mail exchanger = 5 us-smtp-inbound-1.mimecast.com.
polb.com	mail exchanger = 5 us-smtp-inbound-2.mimecast.com.
wellsfargo.com	mail exchanger = 10 mxa-00004003.gslb.pphosted.com.
wellsfargo.com	mail exchanger = 10 mxb-00004003.gslb.pphosted.com.
wellsfargo.com	nameserver = a1-189.akam.net.
wellsfargo.com	nameserver = a2-64.akam.net.
wellsfargo.com	nameserver = a24-66.akam.net.
wellsfargo.com	nameserver = edns1.ultradns.org.
wellsfargo.com	nameserver = edns1.ultradns.com.
wellsfargo.com	nameserver = edns1.ultradns.net.
wellsfargo.com	nameserver = edns1.ultradns.biz.
musiccenter.org	nameserver = ns98.worldnic.com.
musiccenter.org	nameserver = ns97.worldnic.com.
musiccenter.org	mail exchanger = 10 musiccenter-org.mail.protection.outlook.com.
laopera.org	nameserver = ns63.domaincontrol.com.
laopera.org	nameserver = ns64.domaincontrol.com.
laopera.org	mail exchanger = 0 laopera-org.mail.protection.outlook.com.
fire.ca.gov	nameserver = kelly.ns.cloudflare.com.
fire.ca.gov	nameserver = keaton.ns.cloudflare.com.
ca.gov	nameserver = chase.ns.cloudflare.com.
ca.gov	nameserver = asa.ns.cloudflare.com.
ca.gov	mail exchanger = 50 state-ca-gov.mail.protection.outlook.com.
fire.ca.gov	mail exchanger = 10 mxa-009ae101.gslb.pphosted.com.
fire.ca.gov	mail exchanger = 10 mxb-009ae101.gslb.pphosted.com.
stfranciscenterla.org	nameserver = cameron.ns.cloudflare.com.
stfranciscenterla.org	nameserver = rachel.ns.cloudflare.com.
stfranciscenterla.org	mail exchanger = 30 mx30.antispam.mailspamprotection.com.
stfranciscenterla.org	mail exchanger = 10 mx10.antispam.mailspamprotection.com.
stfranciscenterla.org	mail exchanger = 20 mx20.antispam.mailspamprotection.com.
lacounty.gov	mail exchanger = 10 mxa-002da105.gslb.pphosted.com.
lacounty.gov	mail exchanger = 10 mxb-002da105.gslb.pphosted.com.
lacounty.gov	nameserver = dci-ib-e02.isd.lacounty.gov.
lacounty.gov	nameserver = lrci-ib-e03.isd.lacounty.gov.
lacounty.gov	nameserver = lrci-ib-e04.isd.lacounty.gov.
lacounty.gov	nameserver = dci-ib-e01.isd.lacounty.gov.
state.gov	mail exchanger = 20 stimson.state.gov.
state.gov	mail exchanger = 20 christopher-ew.state.gov.
state.gov	nameserver = a9-64.akam.net.
state.gov	nameserver = a3-66.akam.net.
state.gov	nameserver = a14-64.akam.net.
state.gov	nameserver = a26-65.akam.net.
state.gov	nameserver = a8-67.akam.net.
state.gov	nameserver = a1-63.akam.net.
embassyeritrea.org	nameserver = ns-1638.awsdns-12.co.uk.
embassyeritrea.org	nameserver = ns-983.awsdns-58.net.
embassyeritrea.org	nameserver = ns-26.awsdns-03.com.
embassyeritrea.org	nameserver = ns-1184.awsdns-20.org.
embassyeritrea.org	mail exchanger = 10 mx1c25.carrierzone.com.
ethiopianembassy.org	nameserver = ns53.domaincontrol.com.
ethiopianembassy.org	nameserver = ns54.domaincontrol.com.
ethiopianembassy.org	mail exchanger = 0 ethiopianembassy-org.mail.protection.outlook.com.
state.gov	mail exchanger = 20 stimson.state.gov.
state.gov	mail exchanger = 20 christopher-ew.state.gov.
embassyeritrea.org	nameserver = ns-26.awsdns-03.com.
embassyeritrea.org	nameserver = ns-1638.awsdns-12.co.uk.
embassyeritrea.org	nameserver = ns-983.awsdns-58.net.
embassyeritrea.org	nameserver = ns-1184.awsdns-20.org.
stfranciscenterla.org	mail exchanger = 30 mx30.antispam.mailspamprotection.com.
stfranciscenterla.org	mail exchanger = 20 mx20.antispam.mailspamprotection.com.
stfranciscenterla.org	mail exchanger = 10 mx10.antispam.mailspamprotection.com.
fire.ca.gov	mail exchanger = 10 mxb-009ae101.gslb.pphosted.com.
fire.ca.gov	mail exchanger = 10 mxa-009ae101.gslb.pphosted.com.
ca.gov	nameserver = chase.ns.cloudflare.com.
ca.gov	nameserver = asa.ns.cloudflare.com.
ca.gov	mail exchanger = 50 state-ca-gov.mail.protection.outlook.com.
starbucks.com	mail exchanger = 200 mx2.starbucks.iphmx.com.
starbucks.com	mail exchanger = 100 mx1.starbucks.iphmx.com.
starbucks.com	nameserver = udns2.cscdns.uk.
starbucks.com	nameserver = udns1.cscdns.net.
starbucks.com	nameserver = udns2.cscdns.uk.
starbucks.com	nameserver = udns1.cscdns.net.
commonspirit.org	mail exchanger = 20 mx0a-00116001.pphosted.com.
commonspirit.org	mail exchanger = 20 mx0b-00116001.pphosted.com.
commonspirit.org	nameserver = vida.ns.cloudflare.com.
commonspirit.org	nameserver = nick.ns.cloudflare.com.
dignityhealth.org	nameserver = albert.ns.cloudflare.com.
dignityhealth.org	nameserver = beth.ns.cloudflare.com.
dignityhealth.org	mail exchanger = 10 mxa-00116001.gslb.pphosted.com.
dignityhealth.org	mail exchanger = 10 mxb-00116001.gslb.pphosted.com.
starbucks.com	nameserver = udns2.cscdns.uk.
starbucks.com	nameserver = udns1.cscdns.net.
virtiserv.com	nameserver = ns29.domaincontrol.com.
virtiserv.com	nameserver = ns30.domaincontrol.com.
	origin = ns29.domaincontrol.com
	mail addr = dns.jomax.net
	serial = 2024102401
	refresh = 28800
	retry = 7200
	expire = 604800
	minimum = 600
lo: flags=73<UP,LOOPBACK,RUNNING>  mtu 65536
wlan0: flags=4163<UP,BROADCAST,RUNNING,MULTICAST>  mtu 1500
jpl.nasa.gov	nameserver = a11-67.akam.net.
jpl.nasa.gov	nameserver = a2-67.akam.net.
jpl.nasa.gov	nameserver = a8-65.akam.net.
jpl.nasa.gov	nameserver = a1-91.akam.net.
jpl.nasa.gov	nameserver = a14-67.akam.net.
jpl.nasa.gov	nameserver = a7-65.akam.net.
jpl.nasa.gov	mail exchanger = 20 mxa-0020b901.gslb.pphosted.com.
jpl.nasa.gov	mail exchanger = 20 mxb-0020b901.gslb.pphosted.com.
karenbass.com	mail exchanger = 10 alt4.aspmx.l.google.com.
karenbass.com	mail exchanger = 10 alt3.aspmx.l.google.com.
karenbass.com	mail exchanger = 5 alt2.aspmx.l.google.com.
karenbass.com	mail exchanger = 1 aspmx.l.google.com.
karenbass.com	mail exchanger = 5 alt1.aspmx.l.google.com.
karenbass.com	nameserver = conrad.ns.cloudflare.com.
karenbass.com	nameserver = nicole.ns.cloudflare.com.
usgs.gov	nameserver = chin.ns.cloudflare.com.
usgs.gov	nameserver = ram.ns.cloudflare.com.
usgs.gov	mail exchanger = 0 usgs-gov.mail.protection.outlook.com.
usps.com	nameserver = dns082.usps.com.
usps.com	nameserver = dns141.usps.com.
usps.com	nameserver = dns082.usps.com.
usps.com	nameserver = dns141.usps.com.
usps.com	mail exchanger = 10 mxb-0038fd02.gslb.gpphosted.com.
usps.com	mail exchanger = 10 mxa-0038fd02.gslb.gpphosted.com.
wp1-ext.usps.gov	canonical name = wildcard.usps.com.edgekey.net.
wildcard.usps.com.edgekey.net	canonical name = e6531.dsca.akamaiedge.net.
	origin = n0dsca.akamaiedge.net
	mail addr = hostmaster.akamai.com
	serial = 1777434795
	refresh = 1000
	retry = 1000
	expire = 1000
	minimum = 1800
wp1-ext.usps.gov	canonical name = wildcard.usps.com.edgekey.net.
wildcard.usps.com.edgekey.net	canonical name = e6531.dsca.akamaiedge.net.
	origin = n0dsca.akamaiedge.net
	mail addr = hostmaster.akamai.com
	serial = 1777434796
	refresh = 1000
	retry = 1000
	expire = 1000
	minimum = 1800
lacourt.ca.gov	mail exchanger = 1 lacourt-ca-gov.mail.protection.outlook.com.
lacourt.ca.gov	nameserver = keaton.ns.cloudflare.com.
lacourt.ca.gov	nameserver = kelly.ns.cloudflare.com.
lacourt.org	nameserver = ns17.domaincontrol.com.
lacourt.org	nameserver = ns18.domaincontrol.com.
lacourt.org	mail exchanger = 0 lacourt-org.mail.protection.outlook.com.
nasa.gov	mail exchanger = 0 nasa-gov.mail.protection.outlook.com.
nasa.gov	nameserver = a1-32.akam.net.
nasa.gov	nameserver = a8-66.akam.net.
nasa.gov	nameserver = a9-64.akam.net.
nasa.gov	nameserver = a12-64.akam.net.
nasa.gov	nameserver = a14-67.akam.net.
nasa.gov	nameserver = a5-66.akam.net.
flylax.com	nameserver = veuscoreinfo03.lawa.org.
flylax.com	nameserver = vlaxnashns1.lawa.org.
flylax.com	nameserver = vlasns1.lawa.org.
flylax.com	nameserver = vwuscoreinfo03.lawa.org.
flylax.com	mail exchanger = 10 inbound-smtp.us-east-1.amazonaws.com.
cia.gov	mail exchanger = 10 mail4.cia.gov.
cia.gov	mail exchanger = 10 mail3.cia.gov.
cia.gov	nameserver = a13-65.akam.net.
cia.gov	nameserver = a12-65.akam.net.
cia.gov	nameserver = a16-67.akam.net.
cia.gov	nameserver = a22-66.akam.net.
cia.gov	nameserver = a1-22.akam.net.
cia.gov	nameserver = a3-64.akam.net.
google.com	mail exchanger = 10 smtp.google.com.
google.com	nameserver = ns3.google.com.
google.com	nameserver = ns2.google.com.
google.com	nameserver = ns1.google.com.
google.com	nameserver = ns4.google.com.
fbi.gov	nameserver = ns-cloud-e3.googledomains.com.
fbi.gov	nameserver = ns-cloud-e2.googledomains.com.
fbi.gov	nameserver = ns-cloud-e1.googledomains.com.
fbi.gov	nameserver = ns-cloud-e4.googledomains.com.
fbi.gov	mail exchanger = 10 mx-east.fbi.gov.
fbi.gov	mail exchanger = 20 mx-west.fbi.gov.
epa.gov	mail exchanger = 0 usepa.mail.protection.outlook.com.
epa.gov	nameserver = dcns1.epa.gov.
epa.gov	nameserver = dcns2.epa.gov.
epa.gov	nameserver = nccns1.epa.gov.
epa.gov	nameserver = nccns2.epa.gov.
lacoe.edu	nameserver = pws.lacoe.edu.
lacoe.edu	nameserver = dns4.lacoe.edu.
lacoe.edu	nameserver = nccunix.lacoe.edu.
lacoe.edu	nameserver = netmgr.lacoe.edu.
lacoe.edu	mail exchanger = 0 lacoe-edu.mail.protection.outlook.com.
jw.org	nameserver = a26-64.akam.net.
jw.org	nameserver = a28-65.akam.net.
jw.org	nameserver = a11-66.akam.net.
jw.org	nameserver = a7-66.akam.net.
jw.org	nameserver = a1-141.akam.net.
jw.org	nameserver = a22-67.akam.net.
jw.org	mail exchanger = 10 jw-org.mail.protection.outlook.com.
azbec.org	mail exchanger = 0 azbec-org.mail.protection.outlook.com.
azbec.org	nameserver = ns52.domaincontrol.com.
azbec.org	nameserver = ns51.domaincontrol.com.
noaa.gov	mail exchanger = 20 ALT2.ASPMX.L.GOOGLE.COM.
noaa.gov	mail exchanger = 40 ALT4.ASPMX.L.GOOGLE.COM.
noaa.gov	mail exchanger = 20 ALT1.ASPMX.L.GOOGLE.COM.
noaa.gov	mail exchanger = 40 ALT3.ASPMX.L.GOOGLE.COM.
noaa.gov	mail exchanger = 10 ASPMX.L.GOOGLE.COM.
noaa.gov	nameserver = ns-01.noaa.gov.
noaa.gov	nameserver = ns-03.noaa.gov.
noaa.gov	nameserver = ns-02.noaa.gov.
aia-aerospace.org	nameserver = miles.ns.cloudflare.com.
aia-aerospace.org	nameserver = chelsea.ns.cloudflare.com.
aia-aerospace.org	mail exchanger = 0 mx1-us1.ppe-hosted.com.
aia-aerospace.org	mail exchanger = 0 mx2-us1.ppe-hosted.com.
rocketlabcorp.com	mail exchanger = 0 rocketlabcorp-com.mail.protection.office365.us.
rocketlabcorp.com	mail exchanger = 0 rocketlabcorp-com.mail.protection.office365.us.
rtx.com	nameserver = aria.ns.cloudflare.com.
rtx.com	nameserver = algin.ns.cloudflare.com.
rtx.com	mail exchanger = 10 mxb-00105402.gslb.gpphosted.com.
rtx.com	mail exchanger = 10 mxa-00105402.gslb.gpphosted.com.
lacity.org	nameserver = ns0.dnsmadeeasy.com.
lacity.org	nameserver = ns4.dnsmadeeasy.com.
lacity.org	nameserver = ns2.dnsmadeeasy.com.
lacity.org	nameserver = ns3.dnsmadeeasy.com.
lacity.org	nameserver = ns1.dnsmadeeasy.com.
lacity.org	mail exchanger = 1 aspmx.l.google.com.
lacity.org	mail exchanger = 10 alt3.aspmx.l.google.com.
lacity.org	mail exchanger = 5 alt2.aspmx.l.google.com.
lacity.org	mail exchanger = 10 alt4.aspmx.l.google.com.
lacity.org	mail exchanger = 5 alt1.aspmx.l.google.com.
lacity.gov	mail exchanger = 5 alt2.aspmx.l.google.com.
lacity.gov	mail exchanger = 10 alt4.aspmx.l.google.com.
lacity.gov	mail exchanger = 1 aspmx.l.google.com.
lacity.gov	mail exchanger = 10 alt3.aspmx.l.google.com.
lacity.gov	mail exchanger = 5 alt1.aspmx.l.google.com.
lacity.gov	nameserver = ns4.dnsmadeeasy.com.
lacity.gov	nameserver = ns0.dnsmadeeasy.com.
lacity.gov	nameserver = ns2.dnsmadeeasy.com.
lacity.gov	nameserver = ns1.dnsmadeeasy.com.
lacity.gov	nameserver = ns3.dnsmadeeasy.com.
longbeach.gov	nameserver = dns01.ci.long-beach.ca.us.
longbeach.gov	nameserver = b8.uberns.com.
longbeach.gov	nameserver = dns02.ci.long-beach.ca.us.
longbeach.gov	nameserver = a8.uberns.com.
longbeach.gov	mail exchanger = 10 mxa-00539a01.gslb.pphosted.com.
longbeach.gov	mail exchanger = 10 mxb-00539a01.gslb.pphosted.com.
lapl.org	mail exchanger = 2 alt2.aspmx.l.google.com.
lapl.org	mail exchanger = 2 alt1.aspmx.l.google.com.
lapl.org	mail exchanger = 3 alt4.aspmx.l.google.com.
lapl.org	mail exchanger = 1 aspmx.l.google.com.
lapl.org	mail exchanger = 3 alt3.aspmx.l.google.com.
lapl.org	mail exchanger = 2 alt1.aspmx.l.google.com.
lapl.org	mail exchanger = 1 aspmx.l.google.com.
lapl.org	mail exchanger = 3 alt4.aspmx.l.google.com.
lapl.org	mail exchanger = 3 alt3.aspmx.l.google.com.
lapl.org	mail exchanger = 2 alt2.aspmx.l.google.com.
georgia.gov	nameserver = sogns1.state.ga.us.
georgia.gov	nameserver = sogns2.state.ga.us.
georgia.gov	mail exchanger = 10 mxa-003fd101.gslb.pphosted.com.
georgia.gov	mail exchanger = 10 mxb-003fd101.gslb.pphosted.com.
earthlink.net	mail exchanger = 5 mx01.earthlink-vadesecure.net.
earthlink.net	mail exchanger = 5 mx02.earthlink-vadesecure.net.
earthlink.net	mail exchanger = 5 mx03.earthlink-vadesecure.net.
earthlink.net	mail exchanger = 5 mx04.earthlink-vadesecure.net.
earthlink.net	nameserver = carl.ns.cloudflare.com.
earthlink.net	nameserver = rihana.ns.cloudflare.com.
waterandpower.org	mail exchanger = 100 mx2c38.carrierzone.com.
waterandpower.org	mail exchanger = 110 mx3c38.carrierzone.com.
waterandpower.org	mail exchanger = 10 mx1c38.carrierzone.com.
waterandpower.org	mail exchanger = 120 mx4c38.carrierzone.com.
waterandpower.org	nameserver = dns2.earthlink.net.
waterandpower.org	nameserver = dns1.earthlink.net.
waterandpower.org	nameserver = dns3.earthlink.net.
level3.net	mail exchanger = 10 mx0b-007e5801.pphosted.com.
level3.net	mail exchanger = 10 mx0a-007e5801.pphosted.com.
level3.net	nameserver = ns2.level3.net.
level3.net	nameserver = ns1.level3.net.
fultoncountyga.gov	nameserver = ns3.cl.bellsouth.net.
fultoncountyga.gov	nameserver = ns1.cl.bellsouth.net.
fultoncountyga.gov	nameserver = ns2.cl.bellsouth.net.
fultoncountyga.gov	mail exchanger = 10 mxb-0032a901.gslb.pphosted.com.
fultoncountyga.gov	mail exchanger = 10 mxa-0032a901.gslb.pphosted.com.
atlantaga.gov	nameserver = ns1.cl.bellsouth.net.
atlantaga.gov	nameserver = cmtu.mt.ns.els-gms.att.net.
atlantaga.gov	nameserver = ns2.cl.bellsouth.net.
atlantaga.gov	nameserver = cbru.br.ns.els-gms.att.net.
atlantaga.gov	nameserver = ns3.cl.bellsouth.net.
atlantaga.gov	mail exchanger = 0 mxb-003fa601.gslb.pphosted.com.
atlantaga.gov	mail exchanger = 0 mxa-003fa601.gslb.pphosted.com.
	origin = ernest.ns.cloudflare.com
	mail addr = dns.cloudflare.com
	serial = 2402441130
	refresh = 10000
	retry = 2400
	expire = 604800
	minimum = 1800
	origin = ernest.ns.cloudflare.com
	mail addr = dns.cloudflare.com
	serial = 2402441130
	refresh = 10000
	retry = 2400
	expire = 604800
	minimum = 1800
metro.net	mail exchanger = 10 metro-net.mail.protection.outlook.com.
metro.net	nameserver = ns3.dnsmadeeasy.com.
metro.net	nameserver = ns0.dnsmadeeasy.com.
metro.net	nameserver = ns1.dnsmadeeasy.com.
metro.net	nameserver = ns2.dnsmadeeasy.com.
metro.net	nameserver = ns4.dnsmadeeasy.com.
amtrack.com	nameserver = ns48.domaincontrol.com.
amtrack.com	nameserver = ns47.domaincontrol.com.
	origin = ns47.domaincontrol.com
	mail addr = dns.jomax.net
	serial = 2025120906
	refresh = 28800
	retry = 7200
	expire = 604800
	minimum = 600
lapdonline.org	mail exchanger = 10 lapdonline-org.mail.protection.outlook.com.
lapdonline.org	nameserver = ns4-02.azuregov-dns.us.
lapdonline.org	nameserver = ns3-02.azuregov-dns.us.
lapdonline.org	nameserver = ns2-02.azuregov-dns.us.
lapdonline.org	nameserver = ns1-02.azuregov-dns.us.
lacounty.gov	nameserver = dci-ib-e02.isd.lacounty.gov.
lacounty.gov	nameserver = lrci-ib-e04.isd.lacounty.gov.
lacounty.gov	nameserver = dci-ib-e01.isd.lacounty.gov.
lacounty.gov	nameserver = lrci-ib-e03.isd.lacounty.gov.
lacounty.gov	mail exchanger = 10 mxa-002da105.gslb.pphosted.com.
lacounty.gov	mail exchanger = 10 mxb-002da105.gslb.pphosted.com.
commerce.gov	nameserver = cecelia.ns.cloudflare.com.
commerce.gov	nameserver = max.ns.cloudflare.com.
commerce.gov	mail exchanger = 0 commerce-gov.mail.protection.outlook.com.
polb.com	nameserver = a5-67.akam.net.
polb.com	nameserver = a28-65.akam.net.
polb.com	nameserver = a22-67.akam.net.
polb.com	nameserver = a9-67.akam.net.
polb.com	nameserver = a1-172.akam.net.
polb.com	nameserver = a14-64.akam.net.
polb.com	mail exchanger = 5 us-smtp-inbound-1.mimecast.com.
polb.com	mail exchanger = 5 us-smtp-inbound-2.mimecast.com.
wellsfargo.com	mail exchanger = 10 mxa-00004003.gslb.pphosted.com.
wellsfargo.com	mail exchanger = 10 mxb-00004003.gslb.pphosted.com.
wellsfargo.com	nameserver = edns1.ultradns.biz.
wellsfargo.com	nameserver = edns1.ultradns.com.
wellsfargo.com	nameserver = a24-66.akam.net.
wellsfargo.com	nameserver = edns1.ultradns.org.
wellsfargo.com	nameserver = a1-189.akam.net.
wellsfargo.com	nameserver = edns1.ultradns.net.
wellsfargo.com	nameserver = a2-64.akam.net.
musiccenter.org	nameserver = ns97.worldnic.com.
musiccenter.org	nameserver = ns98.worldnic.com.
musiccenter.org	mail exchanger = 10 musiccenter-org.mail.protection.outlook.com.
laopera.org	nameserver = ns63.domaincontrol.com.
laopera.org	nameserver = ns64.domaincontrol.com.
laopera.org	mail exchanger = 0 laopera-org.mail.protection.outlook.com.
fire.ca.gov	nameserver = kelly.ns.cloudflare.com.
fire.ca.gov	nameserver = keaton.ns.cloudflare.com.
ca.gov	nameserver = asa.ns.cloudflare.com.
ca.gov	nameserver = chase.ns.cloudflare.com.
ca.gov	mail exchanger = 50 state-ca-gov.mail.protection.outlook.com.
fire.ca.gov	mail exchanger = 10 mxa-009ae101.gslb.pphosted.com.
fire.ca.gov	mail exchanger = 10 mxb-009ae101.gslb.pphosted.com.
stfranciscenterla.org	nameserver = rachel.ns.cloudflare.com.
stfranciscenterla.org	nameserver = cameron.ns.cloudflare.com.
stfranciscenterla.org	mail exchanger = 10 mx10.antispam.mailspamprotection.com.
stfranciscenterla.org	mail exchanger = 30 mx30.antispam.mailspamprotection.com.
stfranciscenterla.org	mail exchanger = 20 mx20.antispam.mailspamprotection.com.
state.gov	mail exchanger = 20 stimson.state.gov.
state.gov	mail exchanger = 20 christopher-ew.state.gov.
state.gov	nameserver = a1-63.akam.net.
state.gov	nameserver = a3-66.akam.net.
state.gov	nameserver = a9-64.akam.net.
state.gov	nameserver = a26-65.akam.net.
state.gov	nameserver = a14-64.akam.net.
state.gov	nameserver = a8-67.akam.net.
cedars-sinai.org	nameserver = ns1.csmc.edu.
cedars-sinai.org	nameserver = ns2.csmc.edu.
cedars-sinai.org	mail exchanger = 10 mxa-00260502.gslb.pphosted.com.
cedars-sinai.org	mail exchanger = 10 mxb-00260502.gslb.pphosted.com.
embassyeritrea.org	nameserver = ns-1638.awsdns-12.co.uk.
embassyeritrea.org	nameserver = ns-26.awsdns-03.com.
embassyeritrea.org	nameserver = ns-1184.awsdns-20.org.
embassyeritrea.org	nameserver = ns-983.awsdns-58.net.
embassyeritrea.org	mail exchanger = 10 mx1c25.carrierzone.com.
ethiopianembassy.org	nameserver = ns54.domaincontrol.com.
ethiopianembassy.org	nameserver = ns53.domaincontrol.com.
ethiopianembassy.org	mail exchanger = 0 ethiopianembassy-org.mail.protection.outlook.com.
state.gov	mail exchanger = 20 stimson.state.gov.
state.gov	mail exchanger = 20 christopher-ew.state.gov.
embassyeritrea.org	nameserver = ns-1184.awsdns-20.org.
embassyeritrea.org	nameserver = ns-1638.awsdns-12.co.uk.
embassyeritrea.org	nameserver = ns-983.awsdns-58.net.
embassyeritrea.org	nameserver = ns-26.awsdns-03.com.
stfranciscenterla.org	mail exchanger = 20 mx20.antispam.mailspamprotection.com.
stfranciscenterla.org	mail exchanger = 10 mx10.antispam.mailspamprotection.com.
stfranciscenterla.org	mail exchanger = 30 mx30.antispam.mailspamprotection.com.
fire.ca.gov	mail exchanger = 10 mxa-009ae101.gslb.pphosted.com.
fire.ca.gov	mail exchanger = 10 mxb-009ae101.gslb.pphosted.com.
ca.gov	nameserver = asa.ns.cloudflare.com.
ca.gov	nameserver = chase.ns.cloudflare.com.
ca.gov	mail exchanger = 50 state-ca-gov.mail.protection.outlook.com.
starbucks.com	mail exchanger = 100 mx1.starbucks.iphmx.com.
starbucks.com	mail exchanger = 200 mx2.starbucks.iphmx.com.
starbucks.com	nameserver = udns2.cscdns.uk.
starbucks.com	nameserver = udns1.cscdns.net.
starbucks.com	nameserver = udns1.cscdns.net.
starbucks.com	nameserver = udns2.cscdns.uk.
commonspirit.org	mail exchanger = 20 mx0b-00116001.pphosted.com.
commonspirit.org	mail exchanger = 20 mx0a-00116001.pphosted.com.
commonspirit.org	nameserver = vida.ns.cloudflare.com.
commonspirit.org	nameserver = nick.ns.cloudflare.com.
dignityhealth.org	nameserver = albert.ns.cloudflare.com.
dignityhealth.org	nameserver = beth.ns.cloudflare.com.
dignityhealth.org	mail exchanger = 10 mxb-00116001.gslb.pphosted.com.
dignityhealth.org	mail exchanger = 10 mxa-00116001.gslb.pphosted.com.
64 bytes from 104.16.65.119: icmp_seq=1 ttl=60 time=8.03 ms
64 bytes from 104.16.65.119: icmp_seq=2 ttl=60 time=16.9 ms
rtt min/avg/max/mdev = 8.032/12.478/16.924/4.446 ms
starbucks.com	nameserver = udns1.cscdns.net.
starbucks.com	nameserver = udns2.cscdns.uk.
64 bytes from 45.60.171.78: icmp_seq=1 ttl=55 time=52.8 ms
64 bytes from 45.60.171.78: icmp_seq=2 ttl=55 time=52.4 ms
rtt min/avg/max/mdev = 52.412/52.647/52.882/0.235 ms
64 bytes from 20.119.136.1: icmp_seq=1 ttl=111 time=103 ms
64 bytes from 20.119.136.1: icmp_seq=2 ttl=111 time=344 ms
rtt min/avg/max/mdev = 103.873/224.363/344.853/120.490 ms
64 bytes from a23-73-207-8.deploy.static.akamaitechnologies.com (23.73.207.8): icmp_seq=1 ttl=51 time=69.1 ms
64 bytes from a23-73-207-8.deploy.static.akamaitechnologies.com (23.73.207.8): icmp_seq=2 ttl=51 time=77.1 ms
rtt min/avg/max/mdev = 69.104/73.129/77.155/4.034 ms
64 bytes from a23-73-207-8.deploy.static.akamaitechnologies.com (23.73.207.8): icmp_seq=1 ttl=51 time=69.8 ms
64 bytes from a23-73-207-8.deploy.static.akamaitechnologies.com (23.73.207.8): icmp_seq=2 ttl=51 time=79.2 ms
rtt min/avg/max/mdev = 69.837/74.529/79.222/4.700 ms
64 bytes from 192.0.66.51: icmp_seq=1 ttl=56 time=9.08 ms
64 bytes from 192.0.66.51: icmp_seq=2 ttl=56 time=19.3 ms
rtt min/avg/max/mdev = 9.087/14.224/19.362/5.138 ms
64 bytes from 192.0.66.108: icmp_seq=1 ttl=56 time=48.9 ms
64 bytes from 192.0.66.108: icmp_seq=2 ttl=56 time=17.9 ms
rtt min/avg/max/mdev = 17.974/33.469/48.964/15.495 ms
64 bytes from 137.135.27.85: icmp_seq=1 ttl=118 time=16.8 ms
64 bytes from 137.135.27.85: icmp_seq=2 ttl=118 time=47.5 ms
rtt min/avg/max/mdev = 16.874/32.187/47.501/15.314 ms
64 bytes from 104.18.13.158: icmp_seq=1 ttl=60 time=12.6 ms
64 bytes from 104.18.13.158: icmp_seq=2 ttl=60 time=40.9 ms
rtt min/avg/max/mdev = 12.621/26.789/40.958/14.169 ms
<!DOCTYPE html><html><head><script>window.onload=function(){window.location.href="/lander"}</script></head></html><html>
virtiserv.com	nameserver = ns29.domaincontrol.com.
virtiserv.com	nameserver = ns30.domaincontrol.com.
	origin = ns29.domaincontrol.com
	mail addr = dns.jomax.net
	serial = 2024102401
	refresh = 28800
	retry = 7200
	expire = 604800
	minimum = 600
traceroute to esa.int (178.32.232.86), 30 hops max, 60 byte packets
 1  * * *
 2  * * *
 3  * * *
 4  * * *
 5  * * *
 6  * * *
 7  * * *
 8  * * *
 9  * * *
10  * * *
11  * * *
12  * * *
13  * * *
14  * * *
15  * * *
16  * * *
17  * * *
18  * * *
19  * * *
20  * * *
21  * * *
22  * * *
23  * * *
24  * * *
25  * * *
26  * * *
27  * * *
28  * * *
29  * * *
30  * * *
Server:		8.8.8.8
Address:	8.8.8.8#53

Non-authoritative answer:
esa.int	nameserver = ns1.esa.int.
esa.int	nameserver = ns4.esa.int.
esa.int	nameserver = ns3.esa.int.
esa.int	nameserver = ns2.esa.int.

Authoritative answers can be found from:

Server:		8.8.8.8
Address:	8.8.8.8#53

Non-authoritative answer:
esa.int	mail exchanger = 10 esa-int.mail.protection.outlook.com.

Authoritative answers can be found from:

